[19/08/2010 20:11:05] Aries: help
[29/05/2013 14:55:42] Ademin: como ganha rod
[14/10/2013 22:52:03] Carlinhos: adm ta ae?
[17/10/2013 01:02:39] Carlinhos: adm on ?
[17/10/2013 01:10:18] Carlinhos: adm on ?
[08/12/2013 15:47:16] Sorcer Off Matador: axei um bug
[08/12/2013 15:56:00] Sorczik: ADM
[08/12/2013 16:52:20] Shooter: eu
[08/12/2013 16:52:37] Maker: EUu
[08/12/2013 16:52:38] Maker: EUu
[08/12/2013 16:53:25] Deprex: eueueu
[08/12/2013 16:53:25] Tatto Pally: eu
[08/12/2013 16:53:26] Tatto Pally: eu
[08/12/2013 16:53:27] Magic falcon: eu
[08/12/2013 16:53:32] Tatto Pally: eu
[08/12/2013 16:53:39] Tatto Pally: eu
[08/12/2013 16:53:44] Tatto Pally: eu
[08/12/2013 16:53:46] Magic falcon: eu
[08/12/2013 16:53:47] Magic falcon: eu
[08/12/2013 16:53:53] Magic falcon: eu fast
[08/12/2013 16:54:07] Magic falcon: eu
[08/12/2013 16:54:39] Magic falcon: eu
[08/12/2013 16:54:40] Magic falcon: vey
[08/12/2013 17:18:52] Morre diabo: no
[08/12/2013 17:18:57] Mary Janne: prefiro xp scroll
[08/12/2013 17:18:58] Mary Janne: prefiro xp scroll
[08/12/2013 17:19:10] Slayer Winchester: sem scroll
[08/12/2013 17:19:13] Mary Janne: prefiro xp scroll
[08/12/2013 17:19:20] Bloka: EXP SCROLL !!!!!
[08/12/2013 17:19:27] Mary Janne: prefiro xp scroll
[08/12/2013 17:19:29] [DONO] Onefinity: 2scroll x 2 speed
[08/12/2013 17:19:38] [DONO] Onefinity: mais alguem pra votação ?
[08/12/2013 17:19:38] Kina: scroll
[08/12/2013 17:19:45] Slayer Winchester: scroll é ruim sem scroll
[08/12/2013 17:19:46] Mary Janne: ganhamo
[08/12/2013 17:19:54] Kina: tem que ter scroll
[08/12/2013 17:19:57] Bloka: MANO, O XP SCROLL  COLOCA NO LUGAR DO RING DE SPEED XD PQ NGM VAI COMPRA ELE
[08/12/2013 17:20:04] Mary Janne: vdd
[08/12/2013 17:20:08] Kina: aham
[08/12/2013 17:20:11] Bloka: E JÁ ERA.
[08/12/2013 17:20:12] Mary Janne: qem compra ring de speed?
[08/12/2013 17:20:17] Mary Janne: lol
[08/12/2013 17:20:17] Morre diabo: eu
[08/12/2013 17:20:18] Kina: ngm
[08/12/2013 17:20:19] Magic falcon: eu
[08/12/2013 17:20:20] Kina: kkk
[08/12/2013 17:20:22] Bloka: KKKKKKKK
[08/12/2013 17:20:42] Morre diabo: e que graça tem ot que tu compra exp ? tem que ser todo mundo caçando na city mesmo e sem mimimi isso aqui é baiak por acaso ?
[08/12/2013 17:20:42] Mary Janne: QUEM QUER SCROLL FALA EU
[08/12/2013 17:20:43] Mary Janne: QUEM QUER SCROLL FALA EU
[08/12/2013 17:20:45] Magic falcon: adm manda pm
[08/12/2013 17:20:47] Magic falcon: eu
[08/12/2013 17:20:50] Mary Janne: QUEM QUER SCROLL FALA EU
[08/12/2013 17:20:51] [DONO] Onefinity: ATENÇÃO
[08/12/2013 17:20:53] [DONO] Onefinity: ATENÇÃO
[08/12/2013 17:20:54] [DONO] Onefinity: ATENÇÃO
[08/12/2013 17:20:57] [DONO] Onefinity: fale em baixo dessa msd <> speed ou scroll pra fazer votação!
[08/12/2013 17:21:03] Mary Janne: scrool
[08/12/2013 17:21:03] [DONO] Onefinity: fale em baixo dessa msd <> speed ou scroll pra fazer votação!
[08/12/2013 17:21:05] Magic falcon: scroll
[08/12/2013 17:21:06] Mary Janne: scrool
[08/12/2013 17:21:11] [DONO] Onefinity: 2 SCROLL
[08/12/2013 17:21:17] [DONO] Onefinity: MAIS ALGUEM?
[08/12/2013 17:21:18] Death: sem scroll
[08/12/2013 17:21:22] [DONO] Onefinity: 2X1
[08/12/2013 17:21:25] Slayer Winchester: no scroll
[08/12/2013 17:21:28] [DONO] Onefinity: 2X2
[08/12/2013 17:21:35] Morre diabo: exp vai ficar lixo deixa ring pros kina
[08/12/2013 17:21:45] Magic falcon: scroll
[08/12/2013 17:21:53] [DONO] Onefinity: 2X3
[08/12/2013 17:21:57] Bloka: olha minha ideia, COLOCA O XP SCROLL NO LUGAR DO PET POR ENQUANTO, MAIS TARDE QND NÓS TIVER MAIS FORTE, VOCÊ VAI LÁ E TIRA O SCROLL E COLOCA O  PET NOVAMENTE, PQ OS MLK PEGA PET AGR E MATA ALL.
[08/12/2013 17:21:58] [DONO] Onefinity: MAIS ALGUEM PRA VOTAÇÃO ?
[08/12/2013 17:22:17] Magic falcon: verdade tira o pet la
[08/12/2013 17:22:17] [DONO] Onefinity: vo por pra phoenix agr so usa lvl 150
[08/12/2013 17:22:18] Mary Janne: n viaja bloka
[08/12/2013 17:22:20] Morre diabo: e os player que começa depois vão se fuder ? para de pensar só em voce
[08/12/2013 17:22:28] Bloka: ok mano.
[08/12/2013 17:22:28] Mary Janne: more
[08/12/2013 17:22:31] Mary Janne: n curtiu?
[08/12/2013 17:22:35] Magic falcon: xp scroll e ja era
[08/12/2013 17:22:36] Mary Janne: vaza
[08/12/2013 17:22:37] Bloka: okk ^^ 
[08/12/2013 17:22:47] Magic falcon: lucas
[08/12/2013 17:22:49] Magic falcon: manda pm ake
[08/12/2013 17:22:58] Morre diabo: vai ficar igual o theonlyone vai da a mesma merda, não eu não curti eu posso dar minha opnião o ot não é seu
[08/12/2013 17:23:16] Mary Janne: se vc n curti vaza ue
[08/12/2013 17:23:23] Kina: kkkk
[08/12/2013 17:23:29] Morre diabo: ele deu escolha eu to dando meu ponto de vista
[08/12/2013 17:23:44] Morre diabo: agr se ta achando ruim sem exp scroll vaza vc querido
[08/12/2013 17:23:50] Mary Janne: ninguem curtiu seu ponto de vista
[08/12/2013 17:24:00] Morre diabo: 3x3 eu acho
[08/12/2013 17:24:02] Mary Janne: e cseu nick é escrotp
[08/12/2013 17:24:06] Mary Janne: e cseu nick é escroto*
[08/12/2013 17:24:07] Magic falcon: 5x3
[08/12/2013 17:24:13] Morre diabo: mary janne ? kkkkkkkkkkkkkkkkkkkkk
[08/12/2013 17:24:16] Bloka: pronto, já decidiram o exp scroll no lugar do ring de speed. 
[08/12/2013 17:24:17] Magic falcon: scrol win
[08/12/2013 17:24:28] Morre diabo: meu nick é homenagem ao char do meu namo no global
[08/12/2013 17:24:38] [DONO] Onefinity: vo arruma phoenix pet so um minuto
[08/12/2013 17:24:45] Morre diabo: e o seu homenagem a alguem que voce não vai ficar ?
[08/12/2013 17:24:50] Mary Janne: depois poem scroll
[08/12/2013 17:25:05] Magic falcon: mano homengem a minha muie escroll
[08/12/2013 17:25:08] Magic falcon: xd
[08/12/2013 17:25:17] Mary Janne: kkk
[08/12/2013 17:25:35] Magic falcon: nossa pesca ta osso
[08/12/2013 17:26:10] Bloka: não coloca xp scroll.
[08/12/2013 17:26:13] Magic falcon: poem pra da ums 3 lvl
[08/12/2013 17:26:15] Magic falcon: pelo menos
[08/12/2013 17:26:37] Morre diabo: sem scroll !!
[08/12/2013 17:26:59] Bloka: ah foda-se, você é o doono do ot 
[08/12/2013 17:26:59] Death: sério vcs pensam só em vocês, e os players que vão começar jogar depois ?
[08/12/2013 17:27:00] Magic falcon: scroll
[08/12/2013 17:27:00] Bloka: poe se quiser
[08/12/2013 17:27:11] Bloka: cala  boca death
[08/12/2013 17:27:11] Bloka: af
[08/12/2013 17:27:15] Magic falcon: os cara
[08/12/2013 17:27:17] Magic falcon: cria mc
[08/12/2013 17:27:17] Kina: uehasue
[08/12/2013 17:27:18] Magic falcon: pra fica
[08/12/2013 17:27:19] Kina: tem que por
[08/12/2013 17:27:19] Magic falcon: falando
[08/12/2013 17:27:23] Magic falcon: o outro disse
[08/12/2013 17:27:25] Magic falcon: q kina
[08/12/2013 17:27:25] Kina: scroll
[08/12/2013 17:27:25] Magic falcon: precisa
[08/12/2013 17:27:27] Magic falcon: de ring
[08/12/2013 17:27:30] Magic falcon: cola nos oiutr
[08/12/2013 17:27:31] Magic falcon: e de mana
[08/12/2013 17:27:33] Magic falcon: pra mata
[08/12/2013 17:27:36] Magic falcon: precisa nao
[08/12/2013 17:27:38] Morre diabo: eu to no pc e meu namo no note
[08/12/2013 17:27:41] Bloka: se coloca exp scroll os cara não vai mais  sair pz 
[08/12/2013 17:27:45] Bloka: só vai  fica upando no bendito scroll
[08/12/2013 17:27:53] [DONO] Onefinity: 17:27 É necessário nível 150+ para usar esse pet elemental
[08/12/2013 17:27:54] Magic falcon: eu nao
[08/12/2013 17:28:00] Magic falcon: eu vo fica
[08/12/2013 17:28:01] Magic falcon: so merc
[08/12/2013 17:28:03] Magic falcon: e scroll
[08/12/2013 17:28:03] [DONO] Onefinity: só niveis 150 usam phoenix pet
[08/12/2013 17:28:09] [DONO] Onefinity: arrumado!
[08/12/2013 17:28:12] Bloka: tá certo!
[08/12/2013 17:28:17] Magic falcon: god
[08/12/2013 17:28:18] Magic falcon: arrumo gem
[08/12/2013 17:28:28] Kina: gema invertida :/
[08/12/2013 17:28:29] [DONO] Onefinity: gem?
[08/12/2013 17:28:29] Kina: k
[08/12/2013 17:28:31] Magic falcon: s
[08/12/2013 17:28:34] Magic falcon: quando anhi
[08/12/2013 17:28:36] Magic falcon: tava bugada
[08/12/2013 17:28:40] Magic falcon: eu peguei a de mage
[08/12/2013 17:28:42] Magic falcon: e nao deu pra usa
[08/12/2013 17:28:43] [DONO] Onefinity: aa arrumei ja
[08/12/2013 17:28:44] Bloka: adm, arruma a annihi que logo mais vamos precisar dela.
[08/12/2013 17:28:45] Kina: a gema de mage
[08/12/2013 17:28:47] Magic falcon: falo q so era kina
[08/12/2013 17:28:47] Kina: era pra kina
[08/12/2013 17:28:52] Morre diabo: me fala quem saia da pz quando theonlyone tinha scroll '-' povo falso mds
[08/12/2013 17:28:55] Kina: e a de kina era de mage
[08/12/2013 17:29:08] Kina: só a de pala tava certa
[08/12/2013 17:29:27] Kina'zin: adm se quiser as scripts da gem eu do tenho eles criei antes de ontem tá zika rsrs
[08/12/2013 17:30:28] [DONO] Onefinity: gemas ta certa "!
[08/12/2013 17:30:34] Kina'zin: OK !
[08/12/2013 17:32:42] Death: exana flam
[08/12/2013 17:33:08] [DONO] Onefinity: vo cria exana flam
[08/12/2013 17:33:10] [DONO] Onefinity: agora
[08/12/2013 17:33:36] Magic falcon: god
[08/12/2013 17:33:37] Magic falcon: vai ser
[08/12/2013 17:33:40] Magic falcon: 24h
[08/12/2013 17:33:46] Bloka: por enquanto não.
[08/12/2013 17:33:55] Magic falcon: ish
[08/12/2013 17:33:57] Magic falcon: desculpa
[08/12/2013 17:33:57] [DONO] Onefinity: eita'
[08/12/2013 17:33:57] Magic falcon: god
[08/12/2013 17:33:58] Magic falcon: kk
[08/12/2013 17:34:27] [DONO] Onefinity: haha nao vai ser por enquando pq ot nao está pronto ta em fase de test!
[08/12/2013 17:34:27] Bloka: koe fi
[08/12/2013 17:34:31] Bloka: HSUAHSUAHS 
[08/12/2013 17:34:38] Bloka: sou o sub-admin
[08/12/2013 17:34:38] Bloka: haha
[08/12/2013 17:34:43] Magic falcon: q horas zombie
[08/12/2013 17:34:46] Bloka: . !uptime
[08/12/2013 17:34:49] Bloka: á cada 1 hora.
[08/12/2013 17:34:53] Magic falcon: issh
[08/12/2013 17:34:54] Magic falcon: esse
[08/12/2013 17:34:56] Magic falcon: senior
[08/12/2013 17:34:58] Magic falcon: tuitor
[08/12/2013 17:35:00] Magic falcon: ta bom em
[08/12/2013 17:35:07] Bloka: HU3HU3HU3HU3
[08/12/2013 17:35:12] Tatto Pally: god
[08/12/2013 17:35:43] Bloka: desembucha 
[08/12/2013 17:36:16] Tatto Pally: o npc da venta de pedras refina?
[08/12/2013 17:36:39] Bloka: seja mais claro
[08/12/2013 17:37:18] Tatto Pally: o npc
[08/12/2013 17:37:30] Tatto Pally: eu nao falo muito bn o portugues :S
[08/12/2013 17:37:37] Tatto Pally: o npc da venta pedras
[08/12/2013 17:37:54] Bloka: u speak english ?
[08/12/2013 17:37:58] Bloka: spanish ?
[08/12/2013 17:38:02] Tatto Pally: spanish
[08/12/2013 17:38:05] Magic falcon: france
[08/12/2013 17:38:06] Bloka: que paso ?
[08/12/2013 17:38:06] Bloka: bro
[08/12/2013 17:38:09] Magic falcon: japaones
[08/12/2013 17:38:13] Magic falcon: chilenes
[08/12/2013 17:38:13] Bloka: callate
[08/12/2013 17:38:14] Tatto Pally: a el npc de vender las piedras
[08/12/2013 17:38:17] Tatto Pally: a el npc de vender las piedras
[08/12/2013 17:38:18] Magic falcon: jamaicanes
[08/12/2013 17:38:27] Tatto Pally: de refinacion
[08/12/2013 17:38:32] Bloka: que tem ?
[08/12/2013 17:38:36] Tatto Pally: nao ta
[08/12/2013 17:38:49] Magic falcon: nao existe ainda
[08/12/2013 17:38:50] Bloka: lawl
[08/12/2013 17:38:50] Magic falcon: nesse
[08/12/2013 17:38:51] Magic falcon: ot
[08/12/2013 17:39:00] Tatto Pally: sim
[08/12/2013 17:39:03] Tatto Pally: ele tinha
[08/12/2013 17:39:04] Bloka: lo servidor no estas fully lo admin estas arrumando la pouco a pouco
[08/12/2013 17:39:06] Magic falcon: vo tomar lugar
[08/12/2013 17:39:07] Magic falcon: do bloka
[08/12/2013 17:39:53] Bloka: quero uma area de pescaria particular !!!
[08/12/2013 17:39:55] Bloka: haha
[08/12/2013 17:39:58] Bloka: de 1 sqm 
[08/12/2013 17:40:02] Bloka: pro meu elfbot pescar SUHAHUHS
[08/12/2013 17:40:10] Magic falcon: como
[08/12/2013 17:40:11] Magic falcon: q epsca
[08/12/2013 17:40:13] Tatto Pally: o q hotkey usa vc?
[08/12/2013 17:40:14] Magic falcon: no elf
[08/12/2013 17:40:27] [DONO] Onefinity: e a pesca galarinha gostarao?
[08/12/2013 17:40:35] Bloka: tatto - yo no uso lo elfbot para pescar , solo tibia luz.
[08/12/2013 17:40:41] Tatto Pally: yo ymb
[08/12/2013 17:40:46] Tatto Pally: pero como dijiste elf
[08/12/2013 17:40:48] Magic falcon: galarinha
[08/12/2013 17:40:50] Magic falcon: nao gosto nao
[08/12/2013 17:40:51] Tatto Pally: oi dono
[08/12/2013 17:40:57] Bloka: pero yo no consigo achar lo dowload de lo tibia luz ;c
[08/12/2013 17:41:05] Tatto Pally: bloka pode dizer o q eu diz vc
[08/12/2013 17:41:07] Magic falcon: eu uso tibia luz
[08/12/2013 17:41:07] Magic falcon: kk
[08/12/2013 17:41:22] Bloka: magic,  ninguem te pergunto. 
[08/12/2013 17:41:28] Bloka: uSHAUSHSU brinkz meu s2
[08/12/2013 17:41:35] Magic falcon: nao so movido pergunta
[08/12/2013 17:42:48] Tatto Pally: onefinity
[08/12/2013 17:52:03] Magic falcon: para god
[08/12/2013 17:52:04] Magic falcon: aff
[08/12/2013 17:54:32] Magic falcon: aff
[08/12/2013 17:54:34] Magic falcon: god
[08/12/2013 17:54:36] Magic falcon: meu char
[08/12/2013 17:54:37] Magic falcon: ta bugado
[08/12/2013 17:54:49] Magic falcon: fica mostrnado
[08/12/2013 17:54:50] Magic falcon: toda
[08/12/2013 17:54:50] Death: logico quer mata todo mundo
[08/12/2013 17:54:51] Magic falcon: quanto de mana
[08/12/2013 17:54:52] Magic falcon: eu tenho
[08/12/2013 17:54:52] Death: bem feito
[08/12/2013 17:56:15] Mary Janne: da
[08/12/2013 17:56:16] Mary Janne: tbm
[08/12/2013 18:01:39] Magic falcon: aff
[08/12/2013 18:01:42] Magic falcon: o god
[08/12/2013 18:01:45] Magic falcon: ta ae
[08/12/2013 18:06:12] Kina: alguém doa 100k ai ?
[08/12/2013 18:06:13] Kina: s2
[08/12/2013 18:06:15] Kina: heuaheuah
[08/12/2013 18:07:27] Kina'zin: aruma a porra da magia exori con san que nao tem exausted nunca para essa merda adm
[08/12/2013 18:07:41] Tatto Pally: jajaja
[08/12/2013 18:07:44] Kina: sai fora deixa assim
[08/12/2013 18:07:46] Tatto Pally: o exori con san
[08/12/2013 18:07:46] Kina: '-'
[08/12/2013 18:07:51] Tatto Pally: ta bn 
[08/12/2013 18:11:58] Kina'zin: zumbi sao invizivel
[08/12/2013 18:12:01] Kina'zin: //
[08/12/2013 18:12:05] Bloka: ADM!!
[08/12/2013 18:12:19] Cookie: ta n
[08/12/2013 18:12:24] Cookie: e que os mongol fica se amtando
[08/12/2013 18:13:54] Magic falcon: aff
[08/12/2013 18:13:55] Magic falcon: castle
[08/12/2013 18:13:56] Magic falcon: abriu
[08/12/2013 18:14:08] Magic falcon: bau
[08/12/2013 18:14:11] Cookie: ;X
[08/12/2013 18:14:11] Magic falcon: de perente
[08/12/2013 18:14:11] Magic falcon: ta vindo
[08/12/2013 18:14:12] Magic falcon: gold
[08/12/2013 18:14:12] Magic falcon: ?
[08/12/2013 18:14:22] Cookie: magic
[08/12/2013 18:14:24] Cookie: pera
[08/12/2013 18:20:57] Magic falcon: god
[08/12/2013 18:21:02] Magic falcon: god
[08/12/2013 18:21:04] Tatto Pally: nao :S
[08/12/2013 18:21:11] Magic falcon: god
[08/12/2013 18:22:01] Kina'zin: god deixa on 
[08/12/2013 18:22:03] Kina'zin: god deixa on 
[08/12/2013 18:22:06] Bloka: deixa onnnn
[08/12/2013 18:22:08] Magic falcon: deixa
[08/12/2013 18:22:09] Magic falcon: on
[08/12/2013 18:22:11] Magic falcon: e anota
[08/12/2013 18:22:12] Kina'zin: god deixa on 
[08/12/2013 18:22:12] Magic falcon: os outro
[08/12/2013 18:22:13] Magic falcon: bug
[08/12/2013 18:22:13] Kina'zin: god deixa on 
[08/12/2013 18:22:15] Magic falcon: agente nem viu
[08/12/2013 18:22:17] Magic falcon: castle
[08/12/2013 18:22:17] Magic falcon: ainda
[08/12/2013 18:22:18] Deprexx: fexa logo ae
[08/12/2013 18:22:21] Bloka: DEIXA  ON!!
[08/12/2013 18:22:22] Bloka: DEIXA  ON!!
[08/12/2013 18:22:22] Bloka: DEIXA  ON!!
[08/12/2013 18:22:26] Kina'zin: god deixa on 
[08/12/2013 18:22:27] Kina'zin: god deixa on 
[08/12/2013 18:22:30] Magic falcon: deixa on
[08/12/2013 18:22:34] Kina'zin: god deixa on 
[08/12/2013 18:22:34] Kina'zin: god deixa on 
[08/12/2013 18:22:35] Deprexx: n
[08/12/2013 18:22:42] Kina'zin: cala boca deprex fdp
[08/12/2013 18:22:44] Kina'zin: god deixa on 
[08/12/2013 18:22:47] Bloka: DEIXA O OT ON PELOMENOS + 1 HORA, QUEM NÃO QUER QUE O OT FIQUE ON  É SÓ SE  RETIRAR DO SERVIDOR !!!
[08/12/2013 18:23:02] Deprexx: fexa logo
[08/12/2013 18:23:06] Bloka: DEIXA O OT ON PELOMENOS + 1 HORA, QUEM NÃO QUER QUE O OT FIQUE ON  É SÓ SE  RETIRAR DO SERVIDOR !!!
[08/12/2013 18:23:11] Kina'zin: god deixa on 
[08/12/2013 18:23:12] Kina'zin: god deixa on 
[08/12/2013 18:23:18] [DONO] Onefinity: preciso arruma uns bugs
[08/12/2013 18:23:25] Kina'zin: que bugs cara
[08/12/2013 18:23:26] Kina'zin: aff
[08/12/2013 18:23:34] Bloka: adm, deixa pelomenos + 1 hora.
[08/12/2013 18:23:39] Bloka: por favor
[08/12/2013 18:23:52] Kina'zin: 19:30 vc fexa
[08/12/2013 18:23:59] Deprexx: n
[08/12/2013 18:24:00] Kina'zin: vai adm 19:30 vc fecha
[08/12/2013 18:24:00] [DONO] Onefinity: 25
[08/12/2013 18:24:01] Kina'zin: vai adm 19:30 vc fecha
[08/12/2013 18:24:05] Kina'zin: vai adm 19:30 vc fecha
[08/12/2013 18:24:32] Bloka: 19:30 você fecha e fim de papo.
[08/12/2013 18:25:31] Magic falcon: god
[08/12/2013 18:25:32] Magic falcon: axei
[08/12/2013 18:25:32] Magic falcon: outro
[08/12/2013 18:25:33] Magic falcon: buf
[08/12/2013 18:25:37] Magic falcon: q ver?
[08/12/2013 18:25:42] Bloka: é óbvio que ele quer.
[08/12/2013 18:25:43] Bloka: né
[08/12/2013 18:25:45] Bloka: dãm
[08/12/2013 18:37:20] Magic falcon: god
[08/12/2013 18:37:21] Magic falcon: bota
[08/12/2013 18:37:22] Magic falcon: utamo
[08/12/2013 18:37:25] Magic falcon: deovlto
[08/12/2013 18:37:25] Magic falcon: vey
[09/12/2013 17:10:19] Super Kina: NAOOOOO
[09/12/2013 17:10:19] Super Kina: NAOOOOO
[09/12/2013 17:10:22] Jaozin: n
[09/12/2013 17:10:22] Devias: NAOOOOO
[09/12/2013 17:10:23] Super Kina: AGENTE TÁH QUEST VEYH
[09/12/2013 17:10:24] Jaozin: tamo quest
[09/12/2013 17:10:25] Devias: NAOOOOO
[09/12/2013 17:10:27] Bloka: não.
[09/12/2013 17:10:28] Super Kina: E FALTA 2 MIN PRO EVENTO
[09/12/2013 17:10:52] [DONO] Onefinity: evento em 1 em 1 hr
[09/12/2013 17:11:46] Bloka: quero annihi 
[09/12/2013 17:11:46] Bloka: s;
[09/12/2013 17:12:05] Bloka: fica pescando, não é pra mim
[09/12/2013 17:14:44] Bloka: adm, tá ae ?
[09/12/2013 17:21:07] Super Kina: yixi =\
[09/12/2013 17:54:15] Mary Janne: FAZ BF AE
[22/12/2013 17:09:17] Shooter: N HA JOGADORES EDITADOS? ENTAO PQ TEM 1 LEK 175?
[30/01/2014 15:09:06] Herbert Wormsquirter: s
[30/01/2014 15:09:09] Poderoso Mk: perde lvl
[30/01/2014 15:09:09] Poderoso Mk: ?
[30/01/2014 15:09:18] Slender: pode perder ou ganhar muito
[30/01/2014 15:09:22] Slender: level
[30/01/2014 15:09:28] Slender: vida ou morte
[30/01/2014 15:09:31] Poderoso Mk: e entre player
[30/01/2014 15:09:33] Poderoso Mk: war ?
[30/01/2014 15:09:38] Slender: é de corrida
[30/01/2014 15:09:43] Poderoso Mk: qero
[30/01/2014 15:09:45] Poderoso Mk: :)
[30/01/2014 15:09:54] Poderoso Mk: mas da pra plyer se mata ?
[30/01/2014 15:10:32] Herbert Wormsquirter: q horas
[30/01/2014 15:10:33] Herbert Wormsquirter: ?
[30/01/2014 15:10:43] Herbert Wormsquirter: e oq ganha no final
[30/01/2014 15:10:44] Herbert Wormsquirter: ?
[30/01/2014 15:11:37] Herbert Wormsquirter: e onde
[30/01/2014 15:11:37] Herbert Wormsquirter: e
[30/01/2014 15:11:38] Herbert Wormsquirter: ?
[30/01/2014 15:14:00] Herbert Wormsquirter: ondde
[30/01/2014 15:14:01] Herbert Wormsquirter: e 
[30/01/2014 15:14:04] Poderoso Mk: sobe
[30/01/2014 15:14:05] Poderoso Mk: dp
[30/01/2014 15:17:24] Herbert Wormsquirter: kd
[30/01/2014 15:17:25] Herbert Wormsquirter: o tele
[30/01/2014 15:17:25] Herbert Wormsquirter: ?
[30/01/2014 15:17:37] Herbert Wormsquirter: kd o tlee
[30/01/2014 15:17:38] Herbert Wormsquirter: ?
[30/01/2014 15:17:42] Herbert Wormsquirter: vo tenta denovo
[30/01/2014 15:20:23] Herbert Wormsquirter: mano
[30/01/2014 15:20:24] Herbert Wormsquirter: kd tele
[30/01/2014 20:46:14] Poderoso killer: adm oq eu faço com as barra de ouro?
[01/02/2014 18:42:19] Poderoso killer: algum adm
[01/02/2014 18:42:20] Poderoso killer: ae?
[01/02/2014 20:13:46] Guthix: eita
[01/02/2014 20:42:53] Van Helsing: Alguem sabe hotkey de juntar cristal?
[02/02/2014 15:48:39] Andreutall: da pra compra house
[02/02/2014 15:48:40] Andreutall: ?
[02/02/2014 18:48:42] Poderoso Mkzin: willian
[02/02/2014 18:48:51] Poderoso killer: www.facebook.com\hfiufphoqip'0921386
[02/02/2014 18:48:51] [DONO] Onefinity: ?
[03/02/2014 18:56:39] Tao Se Matando Nb: qual items?
[03/02/2014 18:58:35] Peganaminhavarafdp's: abre algum evento ai tio
[03/02/2014 19:07:17] [DONO] Onefinity: evento zombie 1 em 1 hr
[08/02/2014 19:25:47] Make Rush: ADM
[08/02/2014 19:25:52] Make Rush: qnt em qnt tempo event
[08/02/2014 19:25:53] Make Rush: ?
[09/02/2014 15:29:16] Super Kina: will?
[09/02/2014 15:29:26] Locke Lost: GOOOOOOOD TO PREZO NO EVENTP
[09/02/2014 15:29:27] Locke Lost: GOOOOOOOD TO PREZO NO EVENTO
[09/02/2014 15:29:28] Locke Lost: GOOOOOOOD TO PREZO NO EVENTO
[09/02/2014 15:29:30] Locke Lost: GOOOOOOOD TO PREZO NO EVENTO
[09/02/2014 15:29:41] Locke Lost: GOOOOOOOD TO PREZO NO EVENTO
[09/02/2014 15:30:02] Locke Lost: GOOOOOOOD TO PREZO NO EVENTO
[09/02/2014 15:31:07] Locke Lost: O ADM NAO RESPONDE
[09/02/2014 15:31:12] Locke Lost: GOOOOOOOD TO PREZO NO EVENTO
[09/02/2014 15:31:12] Locke Lost: GOOOOOOOD TO PREZO NO EVENTO
[09/02/2014 19:40:39] Sexy Boy: Sim :|
[09/02/2014 19:40:44] Sexy Boy: Nao sei se é a net
[09/02/2014 19:40:49] Sexy Boy: Mas tem + gnt reclamando
[09/02/2014 19:41:04] Doidin: AONDE COMPRA VARA FALA PLEASE
[09/02/2014 19:41:14] Utamo Vita: sss
[09/02/2014 19:41:14] Utamo Vita: s
[09/02/2014 19:41:14] Utamo Vita: s
[09/02/2014 19:41:14] Utamo Vita: s
[09/02/2014 19:41:14] Utamo Vita: s
[09/02/2014 19:41:15] [ADM] Notforget: quem ae ta com leg no server fale eu.
[09/02/2014 19:41:19] Utamo Vita: s
[09/02/2014 19:41:19] Utamo Vita: s
[09/02/2014 19:41:19] Utamo Vita: s
[09/02/2014 19:41:33] Doidin: AONDE COMPRA VARA FALA PLEASE
[09/02/2014 19:41:38] Sexy Boy: é quest.
[09/02/2014 19:41:51] Utamo Vita: eu
[09/02/2014 19:41:51] Utamo Vita: eu
[09/02/2014 19:41:56] Doidin: eu to otimo
[09/02/2014 19:42:05] Doidin: primeiro ot sem lag que jogo
[09/02/2014 19:42:07] Sexy Boy: to liso tbm e com MC
[09/02/2014 19:42:16] Spring Soft: LAAAAAAG
[09/02/2014 19:42:23] Doidin: como entra na quest?? da vara???
[09/02/2014 19:42:27] Sexy Boy: lvl 130
[09/02/2014 19:42:27] Utamo Vita: pq ta lag adm
[09/02/2014 19:42:29] Sexy Boy: no templo
[09/02/2014 19:42:32] Utamo Vita: pq ta lag adm
[09/02/2014 19:42:34] Ysmigo: lag de mais cara tu ta no youtube manow?
[09/02/2014 19:42:41] [ADM] Notforget: não sei aqui net ta normal.
[09/02/2014 19:42:46] Doidin: eu sei que e no templo mais n entra eu to clicando na porta e n vai
[09/02/2014 19:42:49] Sexy Boy: Aqui ta normal velho.
[09/02/2014 19:42:56] Sexy Boy: Mas é pra lvl 130+
[09/02/2014 19:43:24] Ysmigo: ou no redd?
[09/02/2014 19:43:34] [ADM] Notforget: não sei se é minha net ou de vcs que tao leg.
[09/02/2014 19:43:49] Sexy Boy: é a deles, pq aki ta liso.
[09/02/2014 19:45:51] Sexy Boy: Impressao minha ou bugo?
[09/02/2014 19:46:02] [ADM] Notforget: oq?
[09/02/2014 19:46:05] Sexy Boy: raid
[09/02/2014 19:46:08] Sexy Boy: era pra ser agora
[09/02/2014 19:46:24] [ADM] Notforget: poisé
[09/02/2014 19:46:35] Sexy Boy: :@
[10/02/2014 15:24:34] Xhii: ADM ON ??
[10/02/2014 15:24:36] Xhii: ADM ON ??
[11/02/2014 16:36:51] Doidin: ajuda ae alguem
[11/02/2014 19:24:37] Pala Kin: so eu que to com lag?
[11/02/2014 19:34:15] Pala Kin: adm
[11/02/2014 19:34:25] Pala Kin: tenho uma reclamaçao e um pedido
[11/02/2014 19:34:31] Pala Kin: picareta
[11/02/2014 19:34:37] Pala Kin: n ta funcionando
[03/05/2014 11:37:35] Charles Aranguiz: adm meu primo que era o daniel alves ontem fez a quest e começo agora, gareth bale tem como ajudar?
[03/05/2014 11:42:08] Charles Aranguiz: de quanto em quanto tempo é o battlefield?
[03/05/2014 11:54:33] Charles Aranguiz: adm ajuda meu primo completa, ele tinha completado ontem
[03/05/2014 11:54:34] Charles Aranguiz: daniel alves
[03/05/2014 12:14:30] Kausha: ja pode troca trofeu
[03/05/2014 12:14:30] Kausha: ?
[03/05/2014 13:03:26] The Master: ADM TA AI
[03/05/2014 13:03:26] The Master: ?
[04/05/2014 18:22:02] Ganja Man: adm
[16/01/2015 14:38:50] Spiner: ADM
[16/01/2015 17:08:02] Kina: Team, Para quest 130
[16/01/2015 17:09:21] Kina: Team, Para quest 130
[17/01/2015 23:45:22] Bru Ceta: ras mc
[17/01/2015 23:45:22] Bru Ceta: la
[17/01/2015 23:45:23] Bru Ceta: pra mim
[18/01/2015 01:17:21] Gods: A BUGS NOS TREINER MORRI E PERDI TUDO Q TINHA
[18/01/2015 01:19:16] Gods: A BUGS NOS TREINER MORRI E PERDI TUDO Q TINHA
[18/01/2015 01:19:18] Gods: asssim
[18/01/2015 01:19:19] Gods: man
[18/01/2015 01:19:22] Gods: nao to de mintira
[18/01/2015 01:19:38] Gods: perdi minha bp
[18/01/2015 01:19:40] Gods: que ver minha bag
[18/01/2015 01:19:45] Gods: me puxa 
[18/01/2015 01:19:49] Gods: pra algun lugar
[18/01/2015 01:20:14] Gods: vo te mostra
[18/01/2015 01:46:47] Tripida: eu sou... mentira to aki só pra  falar qeu quero q vc me delete e me de as 63 gem, me da?
[18/01/2015 02:24:10] Goku: ADM 
[18/01/2015 02:24:24] Goku: TAVA COM 1 GEM E USEI
[18/01/2015 02:24:24] Goku: E O QUE ELA FEZ
[18/01/2015 02:25:22] Goku: ADM PERDI A GEM QUE USEI NAO SEI COMO NAO FEZ NADA NA MANA
[18/01/2015 02:40:30] Goku: ADM TA AE ME PUXA SE ESTIVER QUERO FALAR COM VC
[18/01/2015 03:12:35] Iskkadus: adm eu usei 2 gem de pally e nao aconteu acho q nao foi bug
[18/01/2015 03:15:26] Iskkadus: adm ta ae?
[18/01/2015 03:19:22] Iskkadus: me puxa ae adm
[18/01/2015 03:20:34] Iskkadus: ta ae adm
[18/01/2015 03:27:31] Iskkadus: ADM 
[18/01/2015 03:29:14] Iskkadus: ADM TU TA AE QUE EU SEI
[18/01/2015 03:34:40] Iskkadus: ADM CATEI DE TROFEUS
[18/01/2015 18:31:13] Goku: esta n
[18/01/2015 19:23:49] Goku: s
[19/01/2015 18:56:44] Armadyl: eita
[19/01/2015 18:56:44] Armadyl: kkk
[20/01/2015 03:49:24] Slayer: pra q serve event coins ?
[20/01/2015 04:01:03] Slayer: utito tempo san
[20/01/2015 04:01:26] Slayer: utito tempo san
[20/01/2015 04:01:48] Slayer: utito tempo san
[20/01/2015 04:01:56] Slayer: utito tempo san
[20/01/2015 04:01:58] Slayer: utito tempo san
[20/01/2015 04:02:00] Slayer: utito tempo san
[20/01/2015 04:02:01] Slayer: utito tempo san
[20/01/2015 04:02:01] Slayer: utito tempo san
[20/01/2015 04:02:02] Slayer: utito tempo san
[20/01/2015 04:02:05] Slayer: utito tempo san
[20/01/2015 04:02:06] Slayer: utito tempo san
[20/01/2015 04:02:06] Slayer: utito tempo san
[20/01/2015 04:02:07] Slayer: utito tempo san
[20/01/2015 04:02:54] Slayer: utito tempo san
[20/01/2015 04:03:13] Slayer: utito tempo san
[20/01/2015 04:03:46] Slayer: utito tempo san
[20/01/2015 04:04:08] Slayer: utito tempo san
[20/01/2015 04:04:09] Slayer: utito tempo san
[20/01/2015 04:04:42] Slayer: utito tempo san
[20/01/2015 08:40:36] Maker Pesca: ADMM PMMM AKI ME ROUBARAM
[20/01/2015 08:45:48] Maker Pesca: ADM PM AKI ME ROUBARAM
[20/01/2015 09:23:03] Maker Pesca: Adm pm aki manow me roubaram
[20/01/2015 09:26:33] Maker Pesca: Adm pm aki manow me roubaram
[20/01/2015 09:26:46] Maker Pesca: Adm pm aki manow me roubaram
[20/01/2015 10:56:04] Maker Pesca: Adm ta ae ? preciso fala com vc roubaram minha acc
[20/01/2015 20:08:23] Crazed: oliveira
[20/01/2015 20:08:23] Crazed: oliveira
[20/01/2015 20:08:26] Skol Beatz: campos?
[20/01/2015 20:08:26] Hidroponica The Boss: souza
[20/01/2015 20:08:27] Charlie harper: Valendo!
[20/01/2015 20:08:28] Crazed: oliveira
[20/01/2015 20:08:29] Crazed: oliveira
[20/01/2015 20:08:30] Crazed: oliveira
[20/01/2015 20:08:31] Charlie harper: Errou
[20/01/2015 20:08:34] Hidroponica The Boss: campos
[20/01/2015 20:08:35] Biel Lindo: fala oq?
[20/01/2015 20:08:36] Hidroponica The Boss: fernandes
[20/01/2015 20:08:38] Hidroponica The Boss: lopes
[20/01/2015 20:08:38] Fujiro Kagrana: lucas vicente
[20/01/2015 20:08:50] Charlie harper: Todos errou
[20/01/2015 20:08:55] Biel Lindo: fala oq?
[20/01/2015 20:08:57] Hidroponica The Boss: almeida
[20/01/2015 20:09:01] Hidroponica The Boss: rossi
[20/01/2015 20:09:05] Hidroponica The Boss: guedes
[20/01/2015 20:09:06] We Are: Pereira
[20/01/2015 20:09:10] Hidroponica The Boss: silva
[20/01/2015 20:09:11] Charlie harper: Uma dica: O meu sobrenome combina com meu nome kkkkk
[20/01/2015 20:09:12] Fujiro Kagrana: da
[20/01/2015 20:09:13] Fujiro Kagrana: uma ísta
[20/01/2015 20:09:22] Charlie harper: O meu nome é lucas
[20/01/2015 20:09:24] Fujiro Kagrana: lucas lucco
[20/01/2015 20:09:25] Fujiro Kagrana: ?
[20/01/2015 20:09:26] Fujiro Kagrana: SUHSUHDUHSD
[20/01/2015 20:09:28] Hidroponica The Boss: lucas cucco
[20/01/2015 20:09:29] Hidroponica The Boss: kkkkkkkkkkkkkkkkkkk
[20/01/2015 20:09:32] Hidroponica The Boss: lucco*
[20/01/2015 20:09:33] Charlie harper: Qwé
[20/01/2015 20:09:34] Hidroponica The Boss: kkkkkkkkkkkkk
[20/01/2015 20:09:50] Hidroponica The Boss: mendes
[20/01/2015 20:09:50] Biel Lindo: oliveira?
[20/01/2015 20:09:56] Fujiro Kagrana: fica
[20/01/2015 20:09:57] Fujiro Kagrana: ]da fica
[20/01/2015 20:09:58] Hidroponica The Boss: lucas luan
[20/01/2015 20:09:59] Mythzin: lixo
[20/01/2015 20:10:00] Charlie harper: Lá vai outra dica...
[20/01/2015 20:10:02] Hidroponica The Boss: lucas luan
[20/01/2015 20:10:06] Mythzin: acertei?
[20/01/2015 20:10:08] Hidroponica The Boss: lucas leandro
[20/01/2015 20:10:11] Charlie harper: Olha até que ponto chegam
[20/01/2015 20:10:12] Charlie harper: 20:02 Fujiro Kagrana [197]: lucas harper
[20/01/2015 20:10:17] Charlie harper: MDS EHAUEIHE
[20/01/2015 20:10:18] Fujiro Kagrana: SDUUHSDUHSD
[20/01/2015 20:10:19] Hidroponica The Boss: kkkkkkkkk
[20/01/2015 20:10:21] Mythzin: 19:59 Loot of bazir: a bazir's backpack, 2 crystal coins, 22 crystal coins, 32 crystal coins, (Item exclusivo do Castle) spellbook of warding.
[20/01/2015 20:10:22] Biel Lindo: kkkkkkkkk
[20/01/2015 20:10:22] Mythzin: enquanto isso
[20/01/2015 20:10:24] Mythzin: aki no castle
[20/01/2015 20:10:26] Mythzin: :D
[20/01/2015 20:10:26] Biel Lindo: '-'
[20/01/2015 20:10:30] Fujiro Kagrana: lucas loco
[20/01/2015 20:10:32] Hidroponica The Boss: lionel
[20/01/2015 20:10:36] Hidroponica The Boss: lucas lionel
[20/01/2015 20:10:39] Biel Lindo: lucas messi
[20/01/2015 20:10:41] Skol Beatz: lucas gay?
[20/01/2015 20:10:42] Hidroponica The Boss: lucas lima
[20/01/2015 20:10:43] Charlie harper: Uma dica que irá fazer vocês lembrar....
[20/01/2015 20:10:43] Hidroponica The Boss: ?
[20/01/2015 20:10:45] Hidroponica The Boss: lucas lima
[20/01/2015 20:10:47] Fujiro Kagrana: fala
[20/01/2015 20:10:48] Hidroponica The Boss: lucas lima
[20/01/2015 20:10:50] Charlie harper: Quietos! deixa eu falar
[20/01/2015 20:10:56] Crazed: pera
[20/01/2015 20:10:57] Crazed: porra
[20/01/2015 20:11:01] Crazed: eu vou acertar
[20/01/2015 20:11:03] Charlie harper: O meu sobrenome contém sete letras
[20/01/2015 20:11:03] Hidroponica The Boss: lucas lira
[20/01/2015 20:11:08] Mythzin: Seven
[20/01/2015 20:11:08] Mythzin: ?
[20/01/2015 20:11:09] Charlie harper: ^^
[20/01/2015 20:11:12] Hidroponica The Boss: lucas luanete
[20/01/2015 20:11:19] Crazed: Lucas miguel?
[20/01/2015 20:11:20] Fujiro Kagrana: lucas leandro
[20/01/2015 20:11:20] Charlie harper: O meu sobrenome tem sete letras
[20/01/2015 20:11:34] Hidroponica The Boss: lucas gabriel
[20/01/2015 20:11:35] Charlie harper: Vocês errou
[20/01/2015 20:11:39] Fujiro Kagrana: lucas geliel
[20/01/2015 20:11:41] Charlie harper: Aleluia! Hidro venceu!
[20/01/2015 20:11:43] Crazed: kavalca
[20/01/2015 20:11:44] Crazed: kavalca
[20/01/2015 20:11:44] Hidroponica The Boss: so pika
[20/01/2015 20:11:45] Hidroponica The Boss: mlk
[20/01/2015 20:11:47] Mythzin: 20:06 Loot of bazir: a bazir's backpack, 50 crystal coins, 14 crystal coins, 52 crystal coins, 47 crystal coins, (Item exclusivo do Castle) shiver arrow.
[20/01/2015 20:11:49] Mythzin: enquanto isso
[20/01/2015 20:11:50] Hidroponica The Boss: cade minha house
[20/01/2015 20:13:38] Mythzin: N VALE
[20/01/2015 20:13:39] Mythzin: SE DA PRA ELE
[20/01/2015 20:13:41] Mythzin: TBM QUERO
[20/01/2015 20:13:44] Mythzin: É EDITADO É EDITADO
[20/01/2015 20:13:46] Mythzin: VO PARAR DE JOGA
[20/01/2015 20:13:48] Charlie harper: Galera! Novo eventoo!!!!
[20/01/2015 20:13:58] Fujiro Kagrana: valendo
[20/01/2015 20:13:59] Kharsek: Que q ele ganhou ?
[20/01/2015 20:13:59] Fujiro Kagrana: seu cu
[20/01/2015 20:14:02] Charlie harper: Eu dou uma bela recompensa pelo pescoço do mythzin!!!
[20/01/2015 20:14:08] Mythzin: UI
[20/01/2015 20:14:09] Mythzin: QUEM VAI VIM PEGA?
[20/01/2015 20:14:14] Fujiro Kagrana: o pescoço
[20/01/2015 20:14:14] Fujiro Kagrana: lek
[20/01/2015 20:14:18] Fujiro Kagrana: quer chupa o pescoço
[20/01/2015 20:14:19] Fujiro Kagrana: dele?
[20/01/2015 20:14:21] Fujiro Kagrana: DSUHHUSD
[20/01/2015 20:14:26] Skol Beatz: opa
[20/01/2015 20:14:27] Skol Beatz: to indo pegar
[20/01/2015 20:14:36] Charlie harper: Eu dou uma bela recompensa pelo pescoço do mythzin!!!
[20/01/2015 20:14:39] Charlie harper: Eu dou uma bela recompensa pelo pescoço do mythzin!!!
[20/01/2015 20:14:42] Jarowd: kkkkkk
[20/01/2015 20:14:44] Skyz: fala lucas gay
[20/01/2015 20:14:47] Intocavel: kkk
[20/01/2015 20:14:48] Hidroponica The Boss: eu do uma bela recompensa pela bunda do lucas gabriel
[20/01/2015 20:15:03] Skyz: qq tem que fazer adm?
[20/01/2015 20:15:08] Charlie harper: Ela já tem dona <3
[20/01/2015 20:15:11] Hidroponica The Boss: hey nenem de amor eu não morro
[20/01/2015 20:15:20] Jarowd: adm falo que da uma bela recompensa pra quem tenta um suicidiu kkk
[20/01/2015 20:15:33] Charlie harper: É o que quis dizer, jarow
[20/01/2015 20:15:38] Charlie harper: kakaka
[20/01/2015 20:15:40] Hidroponica The Boss: eu solo ele
[20/01/2015 20:15:40] Charlie harper: mas tá valendo, sério
[20/01/2015 20:15:42] Skyz: fala
[20/01/2015 20:15:45] Skyz: qq eu tenho que fazer
[20/01/2015 20:15:46] Skyz: eu faço
[20/01/2015 20:15:49] Skyz: mata myth
[20/01/2015 20:15:49] Skyz: ?
[20/01/2015 20:15:50] Charlie harper: Eu dou uma bela recompensa pelo pescoço do mythzin!!!
[20/01/2015 20:15:54] Charlie harper: Sim
[20/01/2015 20:16:07] Skyz: qq ganha?
[20/01/2015 20:16:10] Hidroponica The Boss: qual seria a recompensa
[20/01/2015 20:16:12] Hidroponica The Boss: eu mato xD
[20/01/2015 20:16:21] Hidroponica The Boss: de hs
[20/01/2015 20:16:22] Skol Beatz: premio ja eh meu
[20/01/2015 20:16:23] Skol Beatz: e.e
[20/01/2015 20:16:50] Charlie harper: Não posso dar info sobre a recompensa, só na hora que vocês entregar o pescoço do mythzin para mim.
[20/01/2015 20:17:01] Hidroponica The Boss: o adm se faze evento valendo minha house
[20/01/2015 20:17:06] Hidroponica The Boss: como teu cu sem cuspi
[20/01/2015 20:18:13] Hidroponica The Boss: da pra crackear ng em win 8?
[20/01/2015 20:18:52] Mileny: ok
[20/01/2015 20:18:55] Mileny: tt
[20/01/2015 20:19:39] Skol Beatz: 20:13 Loot of Verminor: (Item exclusivo do castle)  chave de addons, 77 crystal coins, 56 crystal coins, 23 crystal coins.
[20/01/2015 20:19:39] Mythzin: UHSAUHAS
[20/01/2015 20:19:40] Mythzin: QUERO VE
[20/01/2015 20:19:42] Mythzin: QUEM VAI PEGA
[20/01/2015 20:19:44] Mythzin: MEU PERCOÇOO
[20/01/2015 20:19:47] Crazed: eita
[20/01/2015 20:19:50] Mythzin: 20:10 Skyz [163]: deixa eu te sola 20:10 Skyz [163]: e te dou o premio 20:10 Skyz [163]: kkkkkk
[20/01/2015 20:20:00] Skyz: kkkkkkkkkkkkkkkkkkkkkkkk
[20/01/2015 20:20:26] Charlie harper: kkkkkkkkk
[20/01/2015 20:20:58] Mythzin: 20:15 Jarowd [139]: eu sei que vc curte :3 se vc deixar eu te mata te dou um chá de pika quér?
[20/01/2015 20:20:59] Mythzin: ta melhorando
[20/01/2015 20:21:11] Jarowd: ahueahue
[20/01/2015 20:22:18] Hidroponica The Boss: 20:16 O jogador (Hidroponica The Boss) [125] acabou de matar o jogador (Mythzin) [231]!
[20/01/2015 20:22:30] Hidroponica The Boss: 20:16 O jogador (Hidroponica The Boss) [125] acabou de matar o jogador (Mythzin) [231]!
[20/01/2015 20:22:31] Hidroponica The Boss: 20:16 O jogador (Hidroponica The Boss) [125] acabou de matar o jogador (Mythzin) [231]!
[20/01/2015 20:22:32] Charlie harper: IUEHIUEHAE
[20/01/2015 20:22:32] Hidroponica The Boss: 20:16 O jogador (Hidroponica The Boss) [125] acabou de matar o jogador (Mythzin) [231]!
[20/01/2015 20:22:33] Hidroponica The Boss: 20:16 O jogador (Hidroponica The Boss) [125] acabou de matar o jogador (Mythzin) [231]!
[20/01/2015 20:22:35] Hidroponica The Boss: bjn
[20/01/2015 20:22:36] Charlie harper: Mente que eu gosto hidro
[20/01/2015 20:22:40] Hidroponica The Boss: cade minha recompensa
[20/01/2015 20:22:47] Hidroponica The Boss: kakakaka
[20/01/2015 20:23:31] Hidroponica The Boss: 20:11 O jogador (Mister) [125] acabou de matar o jogador (Mixter) [120]!
[20/01/2015 20:23:32] Hidroponica The Boss: 20:11 O jogador (Mister) [125] acabou de matar o jogador (Mixter) [120]!20:11 O jogador (Mister) [125] acabou de matar o jogador (Mixter) [120]!
[20/01/2015 20:23:33] Hidroponica The Boss: 20:11 O jogador (Mister) [125] acabou de matar o jogador (Mixter) [120]!
[20/01/2015 20:23:34] Hidroponica The Boss: 20:11 O jogador (Mister) [125] acabou de matar o jogador (Mixter) [120]!
[20/01/2015 20:23:35] Hidroponica The Boss: 20:11 O jogador (Mister) [125] acabou de matar o jogador (Mixter) [120]!
[20/01/2015 20:23:37] Hidroponica The Boss: ops
[20/01/2015 20:23:40] Charlie harper: KKKKK
[20/01/2015 20:23:43] Hidroponica The Boss: 20:16 O jogador (Hidroponica The Boss) [125] acabou de matar o jogador (Mythzin) [231]!
[20/01/2015 20:23:43] Charlie harper: epic failed
[20/01/2015 20:23:44] Charlie harper: xd
[20/01/2015 20:23:44] Hidroponica The Boss: 20:16 O jogador (Hidroponica The Boss) [125] acabou de matar o jogador (Mythzin) [231]!
[20/01/2015 20:23:45] Hidroponica The Boss: 20:16 O jogador (Hidroponica The Boss) [125] acabou de matar o jogador (Mythzin) [231]!
[20/01/2015 20:23:46] Hidroponica The Boss: 20:16 O jogador (Hidroponica The Boss) [125] acabou de matar o jogador (Mythzin) [231]!
[20/01/2015 20:23:47] Hidroponica The Boss: 20:16 O jogador (Hidroponica The Boss) [125] acabou de matar o jogador (Mythzin) [231]!
[20/01/2015 20:23:48] Hidroponica The Boss: 20:16 O jogador (Hidroponica The Boss) [125] acabou de matar o jogador (Mythzin) [231]!
[20/01/2015 20:23:49] Hidroponica The Boss: 20:16 O jogador (Hidroponica The Boss) [125] acabou de matar o jogador (Mythzin) [231]!
[20/01/2015 20:23:50] Hidroponica The Boss: 20:16 O jogador (Hidroponica The Boss) [125] acabou de matar o jogador (Mythzin) [231]!
[20/01/2015 20:23:52] Hidroponica The Boss: 20:16 O jogador (Hidroponica The Boss) [125] acabou de matar o jogador (Mythzin) [231]!
[20/01/2015 20:23:53] Charlie harper: ERROR 404 NOT FOUND!
[20/01/2015 20:23:53] Hidroponica The Boss: 20:16 O jogador (Hidroponica The Boss) [125] acabou de matar o jogador (Mythzin) [231]!
[20/01/2015 20:24:01] Hidroponica The Boss: ksksksks
[20/01/2015 20:24:06] Hidroponica The Boss: quem é charlie harper?
[20/01/2015 20:24:08] Hidroponica The Boss: é do batman ?
[20/01/2015 20:24:10] Hidroponica The Boss: '--'
[20/01/2015 20:24:13] Charlie harper: sim
[20/01/2015 20:24:19] Hidroponica The Boss: que gay
[20/01/2015 20:24:23] Hidroponica The Boss: quer ser o robbin né
[20/01/2015 20:24:24] Hidroponica The Boss: viadão
[20/01/2015 20:24:42] Charlie harper: . #orgulhodeserhetero
[20/01/2015 20:24:54] Charlie harper: Hidroponica - . #orgulhodeserhomosexual
[20/01/2015 20:24:56] Charlie harper: KOEAEK
[20/01/2015 20:24:59] Charlie harper: slc
[20/01/2015 20:25:03] Hidroponica The Boss: .#TudoMenosFly
[20/01/2015 20:25:13] Mythzin: 20:19 Loot of bazir: a bazir's backpack, 64 crystal coins, 28 crystal coins, 3 crystal coins, 93 crystal coins, 78 crystal coins, (Item exclusivo do Castle) a  demon helmet.
[20/01/2015 20:25:14] Mythzin: Vem logo
[20/01/2015 20:25:15] Mythzin: garelaa
[20/01/2015 20:25:22] Skyz: adm
[20/01/2015 20:25:25] Skyz: ME BOTA CASTLE
[20/01/2015 20:25:26] Skyz: VO SOLA
[20/01/2015 20:25:28] Skyz: ESSA BICHA
[20/01/2015 20:25:44] Charlie harper: EKPAOKEA
[20/01/2015 20:26:05] Charlie harper: Prendem os portões, a fera não pode escapar! Skyz! não sai!!!
[20/01/2015 20:26:08] Mileny: castle ta fexado..
[20/01/2015 20:26:19] Charlie harper: uhae
[20/01/2015 20:26:21] Jarowd: ]
[20/01/2015 20:26:30] Mileny: n tem cmo entra pa mata
[20/01/2015 20:26:30] Mileny: ..
[20/01/2015 20:26:59] Mythzin: 20:21 Loot of bazir: a bazir's backpack, 65 crystal coins, 94 crystal coins, 84 crystal coins, 61 crystal coins, 42 crystal coins, (Item exclusivo do Castle) a  blue robe.
[20/01/2015 20:27:00] Mythzin: Aloo garela
[20/01/2015 20:27:01] Mythzin: n demora
[20/01/2015 20:27:33] Charlie harper: Myth - Você confia mesmo no seu 'pvp' ? Biel tá indo ai xD
[20/01/2015 20:27:43] Charlie harper: IUEAHE
[20/01/2015 20:28:01] Mythzin: S
[20/01/2015 20:28:03] Mythzin: que venhaa
[20/01/2015 20:28:46] Hidroponica The Boss: existe pvp num ot desses?
[20/01/2015 20:28:46] Hidroponica The Boss: '-'
[20/01/2015 20:31:17] Mythzin: -1
[20/01/2015 20:31:59] Mythzin: 20:26 Loot of bazir: a bazir's backpack, 73 crystal coins, 43 crystal coins, 63 crystal coins, (Item exclusivo do Castle) warsinger bow.
[20/01/2015 20:32:08] Mythzin: mileny dead
[20/01/2015 20:32:10] Mythzin: e ainda dropo bow
[20/01/2015 20:32:12] Mythzin: Opaa :3
[20/01/2015 20:32:27] Charlie harper: 0o
[20/01/2015 20:32:49] Mythzin: 20:27 Loot of bazir: a bazir's backpack, 44 crystal coins, 74 crystal coins, (Item exclusivo do Castle) glacier robe.
[20/01/2015 20:32:52] Mythzin: opa + 1 itemzinho
[20/01/2015 20:33:07] Charlie harper: biel saiu da afk se liga
[20/01/2015 20:33:13] Mythzin: 20:27 Loot of bazir: a bazir's backpack, 2 crystal coins, 14 crystal coins, (Item exclusivo do Castle) a  golden armor.
[20/01/2015 20:33:14] Mythzin: OPAA
[20/01/2015 20:33:18] Mythzin: 2 EM SEGUIDAS
[20/01/2015 20:33:28] Hidroponica The Boss: vai faze oque com tanta coisa ksksks
[20/01/2015 20:33:33] Mythzin: leilao
[20/01/2015 20:33:35] Jarowd: 20:27 Mythzin [231]: 20:27 Loot of bazir: a bazir's backpack, 44 crystal coins, 74 crystal coins, (Item exclusivo do Castle) glacier robe. o erro robe ou ROPE ?????
[20/01/2015 20:33:35] Mythzin: e fica rico rl
[20/01/2015 20:33:45] Hidroponica The Boss: kkkkkkkkkkkkkkkkkkkkkkk
[20/01/2015 20:34:08] Mileny: Mythzin se foi edita, edita certo ...
[20/01/2015 20:34:24] Mythzin: ?
[20/01/2015 20:34:28] Hidroponica The Boss: a casa caiu
[20/01/2015 20:34:29] Hidroponica The Boss: KKKKKKKKKKKKKKKKKKKKKKKKKKKK
[20/01/2015 20:34:37] Mythzin: oque eu editei?
[20/01/2015 20:35:12] Mileny: é rope n robe
[20/01/2015 20:35:35] Mythzin: eu n mandei rope lol
[20/01/2015 20:35:41] Mythzin: é Robe!
[20/01/2015 20:35:43] Mythzin: Rope é corda
[20/01/2015 20:35:45] Mythzin: seu animal
[20/01/2015 20:35:46] Mileny: 20:27 Mythzin [231]: 20:27 Loot of bazir: a bazir's backpack, 44 crystal coins, 74 crystal coins, (Item exclusivo do Castle) glacier robe.
[20/01/2015 20:36:18] Mythzin: sabe nem o ingres
[20/01/2015 20:36:18] Mythzin: me udeus
[20/01/2015 20:36:52] Charlie harper: FIsk Fisk, ingres e espranyol es fisk 
[20/01/2015 20:37:28] Mileny: jarowd flo primeiro kkkk
[20/01/2015 20:37:29] Charlie harper: Quem está online no chat ai ?
[20/01/2015 20:37:34] Jarowd: e.e
[20/01/2015 20:37:37] Intocavel: eu
[20/01/2015 20:37:41] Hidroponica The Boss: ngm
[20/01/2015 20:37:46] Charlie harper: kkk
[20/01/2015 20:37:50] Charlie harper: td viado
[20/01/2015 20:38:03] Hidroponica The Boss: xiu robben
[20/01/2015 20:38:24] Charlie harper: xiu viadoman
[20/01/2015 21:48:37] Pesca Pesca: um mc
[20/01/2015 21:49:04] Mileny: lucas ta ae?
[21/01/2015 01:05:46] Xanadu: oi
[21/01/2015 01:05:49] Charlie harper: Olá
[21/01/2015 01:05:51] Skyz: adm
[21/01/2015 01:05:52] Skyz: vc é gay?
[21/01/2015 01:05:55] Hidroponica: como faço pra te comer?
[21/01/2015 01:06:00] Charlie harper: Sinceramente sou sim (:
[21/01/2015 01:08:01] Xanadu: responde pm?
[21/01/2015 01:08:17] Charlie harper: Não. 
[21/01/2015 01:08:28] Skol Beatz: aiin miga! quanta ousadia!
[21/01/2015 01:08:52] Skol Beatz: lucas, ping tah alto aki ou é o ot?
[21/01/2015 01:09:03] Hidroponica: rlx
[21/01/2015 01:09:12] Xanadu: quem ae
[21/01/2015 01:09:13] Xanadu: ?
[21/01/2015 01:09:20] Hidroponica: papai
[21/01/2015 01:09:21] Hidroponica: de todos
[21/01/2015 01:09:24] Charlie harper: Deve ser sua internet
[21/01/2015 01:09:25] Hidroponica: mr catra meu filho
[21/01/2015 01:09:32] Skol Beatz: minha net é 30 mega jovem!
[21/01/2015 01:09:38] Skol Beatz: agr passo o lag!.
[21/01/2015 01:09:39] Pescador da Fe: MDS ADM LIXO
[21/01/2015 01:10:00] Skol Beatz: nooo, deixava nao lucas.
[21/01/2015 01:10:07] Skyz: adm
[21/01/2015 01:10:10] Skol Beatz: falo q vc nao é molier, deixa n
[21/01/2015 01:10:13] Skyz: bem que podia tirar o ban do gui
[21/01/2015 01:10:23] Charlie harper: Não importa o tanto de velocidade, ela pode oscilar ou outra coisa ^^
[21/01/2015 01:10:25] Skol Beatz: tira nada, precisa n
[21/01/2015 01:10:28] Skol Beatz: xD
[21/01/2015 01:10:43] Xanadu: gui falo  q ia abri um ot
[21/01/2015 01:10:48] Xanadu: nestante tva otservlist
[21/01/2015 01:10:58] Skyz: meu deus andré
[21/01/2015 01:11:03] Skol Beatz: é, ele me falo que o damiao fico off no skype do nada ;x
[21/01/2015 01:11:05] Skyz: faltou aula de português
[21/01/2015 01:11:07] Charlie harper: Pescador da fe - Obrigado.
[21/01/2015 01:11:11] Skol Beatz: to falando com ele aki
[21/01/2015 01:11:25] Skol Beatz: gui falo que vai deleta o tibia e só joga o do rainer e.e
[21/01/2015 01:11:37] Xanadu: vish entao ele n joga
[21/01/2015 01:11:38] Xanadu: nada
[21/01/2015 01:11:38] Charlie harper: Legal.
[21/01/2015 01:11:40] Xanadu: pq ot do rainer
[21/01/2015 01:11:42] Xanadu: ele lixo
[21/01/2015 01:11:45] Xanadu: e smp vai ser lixo
[21/01/2015 01:11:46] Xanadu: kk
[21/01/2015 01:11:46] Skol Beatz: é...
[21/01/2015 01:11:49] Skyz: tu tbm é andré
[21/01/2015 01:11:59] Xanadu: sky
[21/01/2015 01:12:00] Xanadu: eu tava
[21/01/2015 01:12:01] Skol Beatz: ele é o lixo que n precisa de team pra ser algo no ot do rainer ^^
[21/01/2015 01:12:01] Skyz: tu sempre foi um chupador de cabeça do will
[21/01/2015 01:12:01] Xanadu: 120
[21/01/2015 01:12:03] Xanadu: ja to
[21/01/2015 01:12:04] Xanadu: 220
[21/01/2015 01:12:06] Xanadu: e vc n saiu
[21/01/2015 01:12:07] Xanadu: desse
[21/01/2015 01:12:08] Xanadu: 160
[21/01/2015 01:12:15] Skol Beatz: ele n saiu do 160, mais tem mais itens q vc ;]
[21/01/2015 01:12:20] Xanadu: tem
[21/01/2015 01:12:21] Xanadu: ?
[21/01/2015 01:12:22] Xanadu: tem ring
[21/01/2015 01:12:23] Xanadu: bota
[21/01/2015 01:12:25] Xanadu: amuleto
[21/01/2015 01:12:27] Xanadu: pq eu dropei
[21/01/2015 01:12:27] Xanadu: isos
[21/01/2015 01:12:28] Xanadu: tuido
[21/01/2015 01:12:30] Xanadu: em 1 hunt
[21/01/2015 01:12:42] Skyz: jhonny logo acc do god
[21/01/2015 01:12:43] Skyz: e pow
[21/01/2015 01:12:44] Xanadu: axo q so meu many barra
[21/01/2015 01:12:44] Charlie harper: Skol - Precisa de team sim, pois quem trapou o castle e quem ficou caçando lá? rsrs
[21/01/2015 01:12:45] Skol Beatz: 2 shield, 2 axe, 2 sword, 2 spear, 2 bow, 1 club
[21/01/2015 01:12:46] Skyz: 3 itens
[21/01/2015 01:12:48] Xanadu: tudo qo ele tem
[21/01/2015 01:12:56] Hidroponica: adm tem 1000 pessoas me seguindo oque eu faço ?
[21/01/2015 01:12:59] Skol Beatz: amuelt tmb
[21/01/2015 01:13:03] Xanadu: quem nuko
[21/01/2015 01:13:03] Charlie harper: Skyz - Eu redefini a senha do god
[21/01/2015 01:13:05] Xanadu: eu ontem
[21/01/2015 01:13:06] Xanadu: pora eu n caçla
[21/01/2015 01:13:08] Xanadu: ?
[21/01/2015 01:13:08] Skol Beatz: tudo oq o gui tinha, o gui deu pra ele
[21/01/2015 01:13:11] Charlie harper: Hidro - exploda todas 
[21/01/2015 01:13:16] Pescador da Fe: MMDS
[21/01/2015 01:13:27] Hidroponica: como ?
[21/01/2015 01:13:31] Charlie harper: bomba
[21/01/2015 01:13:37] Skol Beatz: taka sd logo cara --'
[21/01/2015 01:13:38] Xanadu: ai adm
[21/01/2015 01:13:40] Xanadu: os cara fala q so nb
[21/01/2015 01:13:42] Xanadu: mas n deixo
[21/01/2015 01:13:43] Xanadu: eu ir castle
[21/01/2015 01:13:45] Xanadu: mata eles
[21/01/2015 01:13:47] Xanadu: fico nukando
[21/01/2015 01:13:48] Charlie harper: "exevo mas blizzard" resolve (:
[21/01/2015 01:13:49] Xanadu: pode isso?
[21/01/2015 01:13:58] Charlie harper: kkk ^^
[21/01/2015 01:13:58] Hidroponica: me da lvl pra usa
[21/01/2015 01:14:48] Xanadu: n adianta ter llv
[21/01/2015 01:14:51] Xanadu: tem q ter p.a
[21/01/2015 01:29:15] Princess: god poderia me responde pvd?
[21/01/2015 01:30:26] Xanadu: adm se e meu fam?
[21/01/2015 01:31:04] Skol Beatz: ele saiu man
[21/01/2015 01:31:11] Skol Beatz: deve ter ido ver uns video loko
[21/01/2015 04:29:35] Hidroponica: n
[23/01/2015 16:23:15] Kulique: j
[02/02/2015 10:58:39] Draken Darkwath: nao '-'
[02/02/2015 10:58:43] Benny him: faxz
[02/02/2015 10:58:44] Benny him: outro
[02/02/2015 10:58:46] Benny him: xd
[02/02/2015 10:58:53] Draken Darkwath: f az nada.
[02/02/2015 10:58:56] Benny him: faz sim
[02/02/2015 10:58:57] Benny him: 5 lvl
[02/02/2015 10:58:59] Draken Darkwath: claro
[02/02/2015 10:58:59] Benny him: gratiz
[02/02/2015 10:59:01] Draken Darkwath: vc quer 220 neh
[02/02/2015 10:59:03] Draken Darkwath: ..
[02/02/2015 10:59:05] Ashley: eu nao gostei ta parecendo baiak
[02/02/2015 10:59:10] Benny him: kkk
[02/02/2015 10:59:25] Draken Darkwath: e magia de kina lucas, se vai arruma?
[02/02/2015 10:59:33] Ashley: nao
[02/02/2015 10:59:49] Benny him: arruma oq
[02/02/2015 10:59:50] Benny him: meu fi
[02/02/2015 10:59:52] Benny him: dropa item
[02/02/2015 10:59:52] Benny him: dps
[02/02/2015 10:59:54] Draken Darkwath: arruma oq?
[02/02/2015 10:59:54] Benny him: se jlga
[02/02/2015 10:59:59] Draken Darkwath: eu evc batemos 15k
[02/02/2015 11:00:01] Draken Darkwath: kina nem 4k
[02/02/2015 11:00:02] Draken Darkwath: vem com essa n
[02/02/2015 11:00:03] Draken Darkwath: ..
[02/02/2015 11:00:06] Benny him: dropa item
[02/02/2015 11:00:08] Benny him: dps se julga
[02/02/2015 11:00:14] Draken Darkwath: cala boka lek
[02/02/2015 11:00:16] Draken Darkwath: tu é noob ainda.
[02/02/2015 11:00:22] Benny him: eu?
[02/02/2015 11:00:25] Draken Darkwath: nao nao minha vó
[02/02/2015 11:00:26] Benny him: me sola ak
[02/02/2015 11:00:33] Draken Darkwath: vem aki ué
[02/02/2015 11:00:40] Ashley: vixe
[02/02/2015 11:00:40] Benny him: vem
[02/02/2015 11:00:41] Benny him: ja veio
[02/02/2015 11:00:42] Benny him: 2x1
[02/02/2015 11:00:43] Benny him: uma x
[02/02/2015 11:00:45] Ashley: oia esse pau de galinha
[02/02/2015 11:00:47] Draken Darkwath: cago sfoi?
[02/02/2015 11:00:59] Ashley: 07:51 Spell Arrumada.
[06/02/2015 15:52:26] Babylon: que zuera
[06/02/2015 20:31:00] Benny him: ?
[28/09/2015 08:58:07] Bejo Na Xereca: alguem online?
[28/09/2015 09:17:22] Bejo Na Xereca: Alguém da staff online?
[28/09/2015 09:32:10] Bejo Na Xereca: OW
[28/09/2015 09:32:10] Bejo Na Xereca: GOD
[28/09/2015 09:32:46] Thiranius: ta ae adm
[28/09/2015 09:32:46] Thiranius: ?
[28/09/2015 09:33:39] Bejo Na Xereca: adm
[28/09/2015 09:33:43] Bejo Na Xereca: tem que arrumar
[28/09/2015 09:33:52] Bejo Na Xereca: a invasão
[28/09/2015 09:34:00] Bejo Na Xereca: a venda de gold ingot
[28/09/2015 10:27:55] Bejo Na Xereca: sim.
[28/09/2015 10:28:11] Bejo Na Xereca: tá osso jogar de mage
[28/09/2015 10:28:11] Bejo Na Xereca: ;/
[28/09/2015 10:28:21] Onlyone: Porqe?
[28/09/2015 10:28:45] Bejo Na Xereca: os kina bate
[28/09/2015 10:28:45] Bejo Na Xereca: 3k
[28/09/2015 10:28:46] Bejo Na Xereca: 5k
[28/09/2015 10:28:49] Bejo Na Xereca: toda hora
[28/09/2015 10:28:51] Bejo Na Xereca: complicado
[28/09/2015 10:28:51] Bejo Na Xereca: amkealme
[28/09/2015 10:28:53] Thiranius: mage e dificil dese joga sem time
[28/09/2015 10:29:08] Onlyone: Até fazer a quest 140 ;d
[28/09/2015 10:29:21] Bejo Na Xereca: como
[28/09/2015 10:29:23] Bejo Na Xereca: que eu faço
[28/09/2015 10:29:29] Bejo Na Xereca: se nem time pra fazer
[28/09/2015 10:29:30] Bejo Na Xereca: eu tenho
[28/09/2015 10:29:31] Bejo Na Xereca: ,_,
[28/09/2015 10:29:38] Onlyone: Ai a culpa ja não é minha :/
[28/09/2015 10:29:40] Thiranius: oq ganha la?
[28/09/2015 10:29:52] Onlyone: Items Devil
[28/09/2015 10:30:13] Bejo Na Xereca: cê podia
[28/09/2015 10:30:15] Bejo Na Xereca: fazer um eventp
[28/09/2015 10:30:16] Bejo Na Xereca: só acho
[28/09/2015 10:30:19] Bejo Na Xereca: pra comepensar
[28/09/2015 10:30:24] Bejo Na Xereca: os lv perdido e o uptime
[28/09/2015 10:30:30] Bejo Na Xereca: pq agora é mais 2hr pro castle
[28/09/2015 10:30:34] Bejo Na Xereca: e 1h pro zombie
[28/09/2015 10:30:38] Onlyone: Acrescentei items novos, que batem mesma coisa que os da "anihi", porque todos falaram que as armars Village são lvl 180 e tals... ai acrescentei elas.. podendo usar lvl 120
[28/09/2015 10:31:12] Onlyone: armas*
[28/09/2015 10:31:32] Bejo Na Xereca: mas a quest também é bizonha
[28/09/2015 10:31:47] Bejo Na Xereca: você podia levar todo mundo do servidor online pra lá agora
[28/09/2015 10:31:50] Bejo Na Xereca: pra gente tentar fazer
[28/09/2015 10:31:53] Bejo Na Xereca: que cê acha
[28/09/2015 10:32:06] Onlyone: Só vão conseguir lvl 140.. com a magia de trap
[28/09/2015 10:32:14] Onlyone: Por isoo precisa do lvl 140 ..
[28/09/2015 10:32:30] Bejo Na Xereca: eu regaço
[28/09/2015 10:32:32] Bejo Na Xereca: o dedo
[28/09/2015 10:32:34] Bejo Na Xereca: na grav
[28/09/2015 10:33:04] Thiranius: nem preciosa
[28/09/2015 10:33:06] Thiranius: eu o darcoulk
[28/09/2015 10:33:08] Thiranius: vai sola
[28/09/2015 10:33:10] Thiranius: ela jaja
[28/09/2015 10:33:14] Bejo Na Xereca: KKKKKKKKKKKKKKKKKKKKKKKKKKKKKKKKKKKKKKKKKKKKKKKKKKKKKKK
[28/09/2015 10:33:30] Thiranius: to com 67k de lige de rp
[28/09/2015 10:33:32] Thiranius: se axsa q n solo?
[28/09/2015 10:33:46] Bejo Na Xereca: mano
[28/09/2015 10:33:49] Bejo Na Xereca: larga de ser mentiroso
[28/09/2015 10:33:52] Bejo Na Xereca: vc entrou no servidor
[28/09/2015 10:33:54] Bejo Na Xereca: não faz 3h
[28/09/2015 10:34:10] Thiranius: so muito bom com gem
[28/09/2015 10:34:16] Bejo Na Xereca: claro
[28/09/2015 10:34:20] Bejo Na Xereca: n tem nem fishing rod
[28/09/2015 10:34:27] Bejo Na Xereca: foi a 1 evento zombie
[28/09/2015 10:34:28] Thiranius: claro q tenho
[28/09/2015 10:34:29] Thiranius: ta nos maker
[28/09/2015 10:34:31] Thiranius: pescando
[28/09/2015 10:34:57] Bejo Na Xereca: n tem ngm
[28/09/2015 10:35:00] Bejo Na Xereca: no serv pescando
[28/09/2015 10:35:07] Thiranius: se q pensa
[28/09/2015 10:36:29] Bejo Na Xereca: vc tem tanto
[28/09/2015 10:36:32] Bejo Na Xereca: que ta fazendo ela agora
[28/09/2015 10:36:33] Bejo Na Xereca: -.-
[28/09/2015 10:36:38] Thiranius: n to n
[28/09/2015 10:36:56] Bejo Na Xereca: vc ta na escada
[28/09/2015 10:37:02] Bejo Na Xereca: das pescadora
[28/09/2015 10:37:08] Thiranius: n to n
[28/09/2015 10:37:33] Thiranius: to dpo
[28/09/2015 10:37:34] Thiranius: dp
[28/09/2015 10:37:37] Bejo Na Xereca: eu vi
[28/09/2015 10:37:39] Bejo Na Xereca: voce passando
[28/09/2015 10:37:41] Bejo Na Xereca: sei dar exiva
[30/09/2015 18:24:33] Abceddff: adm on?
[01/10/2015 00:16:59] Magraolovejj: MDS
[01/10/2015 00:17:01] Revolution Knight Jr: axo ruim
[01/10/2015 00:17:02] Magraolovejj: VTNC MAGRÃO
[01/10/2015 00:17:08] Knight Own: resetar ja? para ne
[01/10/2015 00:17:15] ADM: a opiniao de vcs
[01/10/2015 00:17:16] Carlinhos: si reseta jogo mais nao oxê
[01/10/2015 00:17:18] ADM: eu ja sabia
[01/10/2015 00:17:23] ADM: qero ve dos outro
[01/10/2015 00:17:26] ADM: qero ve dos outros*
[01/10/2015 00:17:30] Revolution Knight Jr: so pq eu ia pega220?
[01/10/2015 00:17:37] Carlinhos: Mas é claro
[01/10/2015 00:17:38] Thiranius: se restea
[01/10/2015 00:17:40] Thiranius: eu paro
[01/10/2015 00:17:40] Thiranius: tbm
[01/10/2015 00:17:46] Revolution Knight Jr: proxy
[01/10/2015 00:17:48] Priesty: ??
[01/10/2015 00:17:48] Revolution Knight Jr: ele vau axi
[01/10/2015 00:17:50] Revolution Knight Jr: q eo andre
[01/10/2015 00:17:50] Revolution Knight Jr: kk
[01/10/2015 00:17:54] Revolution Knight Jr: andre aki
[01/10/2015 00:17:57] Revolution Knight Jr: so pra constar
[01/10/2015 00:18:02] Thiranius: kk
[01/10/2015 00:18:14] Revolution Knight Jr: .#nnnn
[01/10/2015 00:18:14] Magraolovejj: vo ali no castle caçar
[01/10/2015 00:18:23] Magraolovejj: dropar umas castle gem de 30k cada
[01/10/2015 00:18:23] Berenice: reseta? af
[01/10/2015 00:18:26] Magraolovejj: show de bola.
[01/10/2015 00:18:32] Revolution Knight Jr: .#nnnn
[01/10/2015 00:18:32] Knight Own: nem vira resetar n
[01/10/2015 00:18:35] ADM: ta foda o drop fi
[01/10/2015 00:18:37] Knight Own: deixa pelo menos mais 1 semana
[01/10/2015 00:18:38] Knight Own: sl
[01/10/2015 00:18:41] Magraolovejj: Reseta ai magrão
[01/10/2015 00:18:44] Revolution Knight Jr: ta anda to de full set
[01/10/2015 00:18:45] Revolution Knight Jr: 2 bjs
[01/10/2015 00:18:45] Magraolovejj: coloca 1 char por cada ip
[01/10/2015 00:18:49] Magraolovejj: vai fica dahora teu ot pow
[01/10/2015 00:18:52] Magraolovejj: show de bola
[01/10/2015 00:18:53] Magraolovejj: BRHUEHUE :V
[01/10/2015 00:18:58] Calzone: se o cara quiser abrir 30 mc ele vai abrir .. só usar proxxy pra isso
[01/10/2015 00:19:04] Revolution Knight Jr: s
[01/10/2015 00:19:04] Magraolovejj: é pow
[01/10/2015 00:19:08] Revolution Knight Jr: soq quem n tem
[01/10/2015 00:19:09] Revolution Knight Jr: se fode
[01/10/2015 00:19:10] Magraolovejj: mais magrão tem cerebro de pinto
[01/10/2015 00:19:11] Revolution Knight Jr: will tem
[01/10/2015 00:19:12] Magraolovejj: ele n pensa nisso
[01/10/2015 00:19:13] Revolution Knight Jr: entoa n reseta
[01/10/2015 00:19:14] Revolution Knight Jr: flw
[01/10/2015 00:19:26] Magraolovejj: reseta adm,e da ban em todo mundo
[01/10/2015 00:19:30] Magraolovejj: deixa so o time do will jogando
[01/10/2015 00:19:37] Magraolovejj: quando time dele tiver lvl 200 tu abre pra nois
[01/10/2015 00:19:39] Magraolovejj: feito?HUEHUE
[01/10/2015 00:19:40] Revolution Knight Jr: oloco luiz
[01/10/2015 00:19:48] Revolution Knight Jr: ainda si
[01/10/2015 00:19:51] Revolution Knight Jr: eu  pego220
[01/10/2015 00:19:52] Revolution Knight Jr: e domino
[01/10/2015 00:19:53] Revolution Knight Jr: e volta
[01/10/2015 00:19:54] Revolution Knight Jr: =[
[01/10/2015 00:20:02] Magraolovejj: kkk
[01/10/2015 00:20:09] Berenice: andre fala como se ele tivese pego ese lvl
[01/10/2015 00:20:12] Berenice: kkkkkkkkkkkkkkkkkkkkkkkkkkkkk
[01/10/2015 00:20:22] Revolution Knight Jr: magraolovejj
[01/10/2015 00:20:23] Revolution Knight Jr: fala
[01/10/2015 00:20:24] Revolution Knight Jr: pramele ai
[01/10/2015 00:20:26] ADM: krl é pra fala sobre o reset fdps
[01/10/2015 00:20:27] Revolution Knight Jr: quem ta upando
[01/10/2015 00:20:28] Revolution Knight Jr: aki
[01/10/2015 00:20:38] Magraolovejj: RESETA SIM ,BY : LUIZ
[01/10/2015 00:20:39] Revolution Knight Jr: .#andrefulldominedbye
[01/10/2015 00:20:43] Revolution Knight Jr: .#andrefulldominedbye
[01/10/2015 00:20:50] Dragon Maisculo: RESETA SIM, BY : LUIZ
[01/10/2015 00:20:50] Berenice: andre?
[01/10/2015 00:20:56] Carlinhos: RESETA NÃO 
[01/10/2015 00:20:58] Magraolovejj: berenice
[01/10/2015 00:21:00] Revolution Knight Jr: .#andrefulldominedbye
[01/10/2015 00:21:00] Berenice: se pego lvl 180
[01/10/2015 00:21:09] ADM: manows
[01/10/2015 00:21:16] Lower: oi
[01/10/2015 00:21:16] ADM: fala uma vez oq axa
[01/10/2015 00:21:19] ADM: e pronto
[01/10/2015 00:21:20] ADM: krl
[01/10/2015 00:21:21] Thiranius: n restea
[01/10/2015 00:21:22] Carlinhos: não
[01/10/2015 00:21:22] Revolution Knight Jr: n reseta
[01/10/2015 00:21:23] Magraolovejj: Eu so quero ver a galera se estressando com magrão
[01/10/2015 00:21:23] ADM: ¬¬
[01/10/2015 00:21:28] Famelee: Não
[01/10/2015 00:21:30] Magraolovejj: quero ver a galera odiando cada vez mais o magrão
[01/10/2015 00:21:36] Magraolovejj: RESETA SIM,QUERO VER O CIRCO PEGA FOGO
[01/10/2015 00:21:50] Magraolovejj: reseta e coloca 1 ip cada player
[01/10/2015 00:21:52] Revolution Knight Jr: se reseta eu paro
[01/10/2015 00:21:53] Revolution Knight Jr: na boa
[01/10/2015 00:21:53] Mister's Sorc: concordo
[01/10/2015 00:21:54] Magraolovejj: ai will domina saporra e pronto
[01/10/2015 00:22:02] Revolution Knight Jr: logico
[01/10/2015 00:22:03] ADM: todo mundo fala qe para
[01/10/2015 00:22:05] Revolution Knight Jr: ele tem 
[01/10/2015 00:22:05] Magraolovejj: se will dominar,ele nunca vai resetar mais
[01/10/2015 00:22:06] ADM: mais chega na hora joga
[01/10/2015 00:22:07] Revolution Knight Jr: proxy
[01/10/2015 00:22:08] Magraolovejj: ai fica bom
[01/10/2015 00:22:08] ADM: sempre é asim
[01/10/2015 00:22:13] Magraolovejj: é na hora joga
[01/10/2015 00:22:15] Mister's Sorc: 2mc
[01/10/2015 00:22:16] Magraolovejj: reseta ai parceiro
[01/10/2015 00:22:17] Mister's Sorc: ta bom
[01/10/2015 00:22:22] Thiranius: os cara
[01/10/2015 00:22:22] Revolution Knight Jr: entao
[01/10/2015 00:22:22] Thiranius: usa
[01/10/2015 00:22:23] Mister's Sorc: 2 MC 2 MC
[01/10/2015 00:22:24] Revolution Knight Jr: pague pra ver
[01/10/2015 00:22:26] Thiranius: proxy
[01/10/2015 00:22:28] Thiranius: oq atianda
[01/10/2015 00:22:29] Thiranius: ?
[01/10/2015 00:22:30] Magraolovejj: jogar é uma coisa,pesca pra jogar é outra
[01/10/2015 00:22:30] Revolution Knight Jr: so pq eu ia pega 200
[01/10/2015 00:22:30] Revolution Knight Jr: flw
[01/10/2015 00:22:34] Revolution Knight Jr: mulecada
[01/10/2015 00:22:37] Revolution Knight Jr: chorona
[01/10/2015 00:22:37] Carlinhos: reseta ai
[01/10/2015 00:22:38] Revolution Knight Jr: e ruim
[01/10/2015 00:22:39] Revolution Knight Jr: flw
[01/10/2015 00:22:41] Mister's Sorc: 2 MC 2 MC
[01/10/2015 00:22:41] Carlinhos: to afim de parar de jogar mesmo
[01/10/2015 00:22:43] ADM: eu vo reseta e por pra abri 2 mc só
[01/10/2015 00:22:47] Mister's Sorc: 2 MC 2 MC
[01/10/2015 00:22:48] Magraolovejj: BOA MLK
[01/10/2015 00:22:51] Magraolovejj: RESETA SADISGRAÇA AI
[01/10/2015 00:22:53] Revolution Knight Jr: n vai muda
[01/10/2015 00:22:55] Magraolovejj: QUERO VER
[01/10/2015 00:22:56] Revolution Knight Jr: nada
[01/10/2015 00:22:57] Magraolovejj: WILL DOMINAR
[01/10/2015 00:22:57] Thiranius: 2 mc
[01/10/2015 00:22:59] Carlinhos: Nunca mais entro
[01/10/2015 00:23:00] Carlinhos: nisso
[01/10/2015 00:23:00] Thiranius: os cara
[01/10/2015 00:23:01] Magraolovejj: PRA MAIS NUNCA ESSA DISGRAÇA
[01/10/2015 00:23:01] Thiranius: usa proxy
[01/10/2015 00:23:02] Mister's Sorc: JA MUDA O MAPA TBM
[01/10/2015 00:23:03] Magraolovejj: RESETAR
[01/10/2015 00:23:09] Magraolovejj: SE WILL DOMINAR= NEVER RESET
[01/10/2015 00:23:10] ADM: 00:23 Mister's Sorc [130]: JA MUDA O MAPA TBM
[01/10/2015 00:23:11] Magraolovejj: AI FICA SHOW
[01/10/2015 00:23:14] Magraolovejj: é
[01/10/2015 00:23:14] Revolution Knight Jr: kkk
[01/10/2015 00:23:15] ADM: ASUASHIUSAHIUSA
[01/10/2015 00:23:15] Magraolovejj: muda o map tbm
[01/10/2015 00:23:18] Mister's Sorc: USHAUASH
[01/10/2015 00:23:19] Magraolovejj: COLOCA UM BAIAK
[01/10/2015 00:23:19] ADM: vo por
[01/10/2015 00:23:20] Mister's Sorc: KKKKK
[01/10/2015 00:23:21] ADM: baiak zik
[01/10/2015 00:23:21] Magraolovejj: COM FULL TP
[01/10/2015 00:23:22] Carlinhos: reseta
[01/10/2015 00:23:22] Mister's Sorc: NNN
[01/10/2015 00:23:23] Carlinhos: meu
[01/10/2015 00:23:24] Magraolovejj: TUA CARA
[01/10/2015 00:23:25] Carlinhos: eggs
[01/10/2015 00:23:25] Mister's Sorc: TEUCU
[01/10/2015 00:23:27] Carlinhos: mermao
[01/10/2015 00:23:28] Magraolovejj: ESSES OT ZUADO E TAL
[01/10/2015 00:23:31] Mister's Sorc: ESSE MASSA
[01/10/2015 00:23:32] Carlinhos: joguei 3 dias seguidas
[01/10/2015 00:23:35] Carlinhos: pra dps tu reseta
[01/10/2015 00:23:44] Revolution Knight Jr: rapaz
[01/10/2015 00:23:46] Magraolovejj: Adm desses ot faz o cara de palhaço
[01/10/2015 00:23:46] Knight Own: ss
[01/10/2015 00:23:46] Revolution Knight Jr: e pq eu to 200
[01/10/2015 00:23:48] Revolution Knight Jr: confesse
[01/10/2015 00:23:48] ADM: no começo poca gnt sabia q tava on
[01/10/2015 00:23:49] Revolution Knight Jr: po
[01/10/2015 00:23:49] Knight Own: nada a ver resetar
[01/10/2015 00:23:50] Mister's Sorc: RESEEEEEEEEEEEETA E PONTTTTTTTO
[01/10/2015 00:23:52] Mister's Sorc: RESEEEEEEEEEEEETA E PONTTTTTTTO
[01/10/2015 00:23:55] ADM: por iso o revo upo iso
[01/10/2015 00:23:55] Mister's Sorc: RESEEEEEEEEEEEETA E PONTTTTTTTO
[01/10/2015 00:23:56] Magraolovejj: parece que aprendeu com os politico
[01/10/2015 00:23:57] Revolution Knight Jr: e pq eu to 200
[01/10/2015 00:23:58] ADM: kkkkk
[01/10/2015 00:24:00] Knight Own: kkkkk
[01/10/2015 00:24:01] Carlinhos: E eu quero saber deles
[01/10/2015 00:24:01] Magraolovejj: MINHA PICA MAGRÃO
[01/10/2015 00:24:03] Magraolovejj: ERA PRA EU UPAR
[01/10/2015 00:24:04] Revolution Knight Jr: por isos?
[01/10/2015 00:24:04] Mister's Sorc: RESEEEEEEEEEEEETA E PONTTTTTTTO
[01/10/2015 00:24:06] Revolution Knight Jr: quando priest
[01/10/2015 00:24:06] Revolution Knight Jr: tava
[01/10/2015 00:24:07] Magraolovejj: LVL 200 NO PRIMEIRO DIA
[01/10/2015 00:24:08] Revolution Knight Jr: 160
[01/10/2015 00:24:09] Revolution Knight Jr: eu tava
[01/10/2015 00:24:09] Magraolovejj: NO PRIMEIRO DIA
[01/10/2015 00:24:09] Revolution Knight Jr: 140
[01/10/2015 00:24:11] Revolution Knight Jr: cala boca
[01/10/2015 00:24:11] Magraolovejj: N TINHA INVASÃO
[01/10/2015 00:24:11] Revolution Knight Jr: mano
[01/10/2015 00:24:13] Magraolovejj: SEU LEZADO
[01/10/2015 00:24:13] Magraolovejj: --'
[01/10/2015 00:24:14] Mister's Sorc: RESEEEEEEEEEEEETA E PONTTTTTTTO
[01/10/2015 00:24:22] Lower: minha opinião.. deixa pra resetar quando tiver lvl 400, ai faz as modificações que achar melhor e daqui pra lá adm ja vai ter pensando em mt coisa diferente que possa mudar pra nao ficar resetando tempo todo..
[01/10/2015 00:24:25] Carlinhos: Reseta
[01/10/2015 00:24:27] Carlinhos: Tua vó
[01/10/2015 00:24:27] Lower: deixa como tá agora 
[01/10/2015 00:24:28] Revolution Knight Jr: revo
[01/10/2015 00:24:30] Revolution Knight Jr: q lvl nos tava
[01/10/2015 00:24:30] Magraolovejj: RESETA AI
[01/10/2015 00:24:31] Revolution Knight Jr: quiando
[01/10/2015 00:24:33] Revolution Knight Jr: priest
[01/10/2015 00:24:34] Revolution Knight Jr: upo
[01/10/2015 00:24:35] Revolution Knight Jr: 160
[01/10/2015 00:24:35] Magraolovejj: VO JOGAR,MAIS N VO PESCAR N
[01/10/2015 00:24:35] Revolution Knight Jr: ?
[01/10/2015 00:24:40] ADM: eu ia deixar vcs brincarem uma meia hora
[01/10/2015 00:24:42] ADM: lvl 300
[01/10/2015 00:24:42] Mister's Sorc: RESEEEEEEEEEEEETA E PONTTTTTTTO-----SO DEIXA O ITEM DA NEGADA
[01/10/2015 00:24:44] ADM: e dai resetava
[01/10/2015 00:24:46] Mister's Sorc: RESEEEEEEEEEEEETA E PONTTTTTTTO-----SO DEIXA O ITEM DA NEGADA
[01/10/2015 00:24:46] Magraolovejj: DEIXA AI POW
[01/10/2015 00:24:47] Carlinhos: brincar?
[01/10/2015 00:24:48] Magraolovejj: DA O CU TBM
[01/10/2015 00:24:48] Carlinhos: brincar
[01/10/2015 00:24:49] Magraolovejj: PRA NOIS
[01/10/2015 00:24:50] Carlinhos: é meu cu
[01/10/2015 00:24:51] Magraolovejj: FDP DO KRALHO
[01/10/2015 00:24:51] Mister's Sorc: RESEEEEEEEEEEEETA E PONTTTTTTTO-----SO DEIXA O ITEM DA NEGADA
[01/10/2015 00:24:54] Magraolovejj: MISERAVIL
[01/10/2015 00:24:54] Mister's Sorc: RESEEEEEEEEEEEETA E PONTTTTTTTO-----SO DEIXA O ITEM DA NEGADA
[01/10/2015 00:24:57] ADM: AUISDHUIASHDUIASHDUI
[01/10/2015 00:25:00] Lower: reseta nao.. vai ficar nisso de reset ?
[01/10/2015 00:25:01] Revolution Knight Jr: deixa meu oovo
[01/10/2015 00:25:04] Magraolovejj: mlk faz os player
[01/10/2015 00:25:07] Magraolovejj: de palhaço
[01/10/2015 00:25:07] Revolution Knight Jr: todo dia reseta
[01/10/2015 00:25:08] Revolution Knight Jr: vtnc
[01/10/2015 00:25:10] Revolution Knight Jr: andre upa domina
[01/10/2015 00:25:10] Carlinhos: Ele reseta
[01/10/2015 00:25:11] Magraolovejj: e ainda vem curtir com a cara de noix
[01/10/2015 00:25:11] Revolution Knight Jr: ot
[01/10/2015 00:25:12] Revolution Knight Jr: reseta
[01/10/2015 00:25:12] Magraolovejj: mds kra
[01/10/2015 00:25:12] Carlinhos: E daqui 2 dias
[01/10/2015 00:25:13] Lower: resetar eu vazo..
[01/10/2015 00:25:13] Revolution Knight Jr: vsf
[01/10/2015 00:25:14] Carlinhos: que reseta dnv
[01/10/2015 00:25:15] Lower: resetar eu vazo..
[01/10/2015 00:25:15] Mister's Sorc: RESEEEEEEEEEEEETA E PONTTTTTTTO-----SO DEIXA O ITEM DA NEGADA
[01/10/2015 00:25:16] Carlinhos: e é viado ?
[01/10/2015 00:25:16] Lower: resetar eu vazo..
[01/10/2015 00:25:17] Mister's Sorc: RESEEEEEEEEEEEETA E PONTTTTTTTO-----SO DEIXA O ITEM DA NEGADA
[01/10/2015 00:25:18] Lower: resetar eu vazo..
[01/10/2015 00:25:18] Lower: resetar eu vazo..
[01/10/2015 00:25:19] Lower: resetar eu vazo..
[01/10/2015 00:25:21] Mister's Sorc: RESEEEEEEEEEEEETA E PONTTTTTTTO-----SO DEIXA O ITEM DA NEGADA
[01/10/2015 00:25:23] Carlinhos: Mister fih de rapariga
[01/10/2015 00:25:25] Carlinhos: Saia pz
[01/10/2015 00:25:27] Magraolovejj: RESETA ADM,TIRA GEM
[01/10/2015 00:25:28] Carlinhos: Que você vai ver
[01/10/2015 00:25:31] Magraolovejj: COLOCA TELEPORT PRA CAÇAR DRAG
[01/10/2015 00:25:32] Revolution Knight Jr: andre upa ot reseta e mas faicl eu para de joga ou n?
[01/10/2015 00:25:32] Knight Own: os cara q reseta é os que n tem nd mano
[01/10/2015 00:25:33] Revolution Knight Jr: andre upa ot reseta e mas faicl eu para de joga ou n?
[01/10/2015 00:25:34] Revolution Knight Jr: andre upa ot reseta e mas faicl eu para de joga ou n?
[01/10/2015 00:25:34] Revolution Knight Jr: andre upa ot reseta e mas faicl eu para de joga ou n?
[01/10/2015 00:25:34] Knight Own: so ver ai
[01/10/2015 00:25:36] Magraolovejj: E DA LVL 3000 PRA TODO MUNDO
[01/10/2015 00:25:41] Revolution Knight Jr: ou nunca se vai para de reseta flw
[01/10/2015 00:25:42] Revolution Knight Jr: ou nunca se vai para de reseta flw
[01/10/2015 00:25:43] Revolution Knight Jr: ou nunca se vai para de reseta flw
[01/10/2015 00:25:47] Magraolovejj: ou melhor,da adm pra all
[01/10/2015 00:25:52] Magraolovejj: e deixa ot ferver ai
[01/10/2015 00:25:56] Magraolovejj: e foda-se sociedade.
[01/10/2015 00:26:01] Revolution Knight Jr: kk
[01/10/2015 00:26:01] Carlinhos: kkkkkkkkkk
[01/10/2015 00:26:02] Carlinhos: /
[01/10/2015 00:26:04] Carlinhos: /\
[01/10/2015 00:26:06] Mister's Sorc: DA LVL PRA TODOS
[01/10/2015 00:26:08] Carlinhos: esse cara é doido
[01/10/2015 00:26:16] Mister's Sorc: DA LVL PRA TODOS E RESETA DEPOISSINHO
[01/10/2015 00:26:20] Mister's Sorc: DA LVL PRA TODOS E RESETA DEPOISSINHO
[01/10/2015 00:26:26] Carlinhos: reseta e os mlks param de jogar
[01/10/2015 00:26:27] Revolution Knight Jr: E MAIS FACIL PEDIE PRO ANDRE PARA DE JOGAR
[01/10/2015 00:26:28] Revolution Knight Jr: E MAIS FACIL PEDIE PRO ANDRE PARA DE JOGAR
[01/10/2015 00:26:30] Revolution Knight Jr: E MAIS FACIL PEDIE PRO ANDRE PARA DE JOGAR
[01/10/2015 00:26:31] Carlinhos: to afim mesmo de parar de jogar
[01/10/2015 00:26:31] Revolution Knight Jr: E MAIS FACIL PEDIE PRO ANDRE PARA DE JOGAR
[01/10/2015 00:26:33] Revolution Knight Jr: E MAIS FACIL PEDIE PRO ANDRE PARA DE JOGAR
[01/10/2015 00:26:35] Revolution Knight Jr: E MAIS FACIL PEDIE PRO ANDRE PARA DE JOGAR
[01/10/2015 00:26:35] Carlinhos: svr viciante do caralho
[01/10/2015 00:26:36] Carlinhos: -.-
[01/10/2015 00:26:36] Revolution Knight Jr: E MAIS FACIL PEDIE PRO ANDRE PARA DE JOGAR
[01/10/2015 00:26:37] Revolution Knight Jr: E MAIS FACIL PEDIE PRO ANDRE PARA DE JOGAR
[01/10/2015 00:26:37] Revolution Knight Jr: E MAIS FACIL PEDIE PRO ANDRE PARA DE JOGAR
[01/10/2015 00:26:38] Mister's Sorc: DA LVL PRA TODOS E RESETA DEPOISSINHO
[01/10/2015 00:26:38] Revolution Knight Jr: E MAIS FACIL PEDIE PRO ANDRE PARA DE JOGAR
[01/10/2015 00:26:40] Revolution Knight Jr: E MAIS FACIL PEDIE PRO ANDRE PARA DE JOGAR
[01/10/2015 00:26:40] ADM: andre chega né
[01/10/2015 00:26:41] Mister's Sorc: DA LVL PRA TODOS E RESETA DEPOISSINHO
[01/10/2015 00:26:41] Revolution Knight Jr: E MAIS FACIL PEDIE PRO ANDRE PARA DE JOGAR
[01/10/2015 00:26:43] ADM: ta se axando mto
[01/10/2015 00:26:47] Mister's Sorc: DA LVL PRA TODOS E RESETA DEPOISSINHO
[01/10/2015 00:26:47] Revolution Knight Jr: E MAIS FACIL PEDIE PRO ANDRE PARA DE JOGAR
[01/10/2015 00:26:48] Magraolovejj: chega nada
[01/10/2015 00:26:48] Carlinhos: não mor fio
[01/10/2015 00:26:50] Magraolovejj: começo agora
[01/10/2015 00:26:51] Knight Own: adm quer resetar so pros amigos dele dominar
[01/10/2015 00:26:52] Knight Own: só pode
[01/10/2015 00:26:53] Carlinhos: tu vai resetar?
[01/10/2015 00:26:53] Revolution Knight Jr: 5 x seguida
[01/10/2015 00:26:54] Magraolovejj: quem tem que chega aki é tu
[01/10/2015 00:26:55] Revolution Knight Jr: q eu upo
[01/10/2015 00:26:56] Mister's Sorc: DA LVL PRA TODOS E RESETA DEPOISSINHO
[01/10/2015 00:26:57] Magraolovejj: lezado do inferno
[01/10/2015 00:26:59] Revolution Knight Jr: e tu reseta
[01/10/2015 00:27:02] Mister's Sorc: DA LVL PRA TODOS E RESETA DEPOISSINHO
[01/10/2015 00:27:05] Magraolovejj: so podia ser amigo de higor msm
[01/10/2015 00:27:06] Carlinhos: da lv
[01/10/2015 00:27:07] Berenice: andre pego o char lvl 180 ta axando q fez algo kkkkkkkkkk, upa o thiranius ai qero ver
[01/10/2015 00:27:09] Carlinhos: Para sua irmã
[01/10/2015 00:27:12] Carlinhos: E manda ela me da kill
[01/10/2015 00:27:13] Mister's Sorc: DA LVL PRA TODOS E RESETA DEPOISSINHO
[01/10/2015 00:27:18] Mister's Sorc: DA LVL PRA TODOS E RESETA DEPOISSINHO
[01/10/2015 00:27:24] Mister's Sorc: 3OMIN
[01/10/2015 00:27:38] Magraolovejj: O ADM QUER QUE O TIME DELE DOMINE O OT
[01/10/2015 00:27:41] Magraolovejj: PRA ELE PODER JOGAR
[01/10/2015 00:27:42] Revolution Knight Jr: 5 X SEGUIDA Q EU UPO E TU RESETA E MAIS FACIL PEDIR PRO ANDRE PARA DE JOGAR
[01/10/2015 00:27:43] Revolution Knight Jr: 5 X SEGUIDA Q EU UPO E TU RESETA E MAIS FACIL PEDIR PRO ANDRE PARA DE JOGAR
[01/10/2015 00:27:46] Magraolovejj: FALO A VERDADE MSM,FODA-SE
[01/10/2015 00:27:47] Revolution Knight Jr: 5 X SEGUIDA Q EU UPO E TU RESETA E MAIS FACIL PEDIR PRO ANDRE PARA DE JOGAR
[01/10/2015 00:27:54] Carlinhos: É pô
[01/10/2015 00:27:54] Revolution Knight Jr: 5 X SEGUIDA Q EU UPO E TU RESETA E MAIS FACIL PEDIR PRO ANDRE PARA DE JOGAR
[01/10/2015 00:27:58] Revolution Knight Jr: 5 X SEGUIDA Q EU UPO E TU RESETA E MAIS FACIL PEDIR PRO ANDRE PARA DE JOGAR
[01/10/2015 00:27:58] Carlinhos: Esse bicho
[01/10/2015 00:27:59] Carlinhos: Que chupa
[01/10/2015 00:28:00] Carlinhos: meu cu
[01/10/2015 00:28:01] Revolution Knight Jr: 5 X SEGUIDA Q EU UPO E TU RESETA E MAIS FACIL PEDIR PRO ANDRE PARA DE JOGAR
[01/10/2015 00:28:03] Magraolovejj: kkkkkkkkkkkk
[01/10/2015 00:28:03] Lower: adm se pronuncie 
[01/10/2015 00:28:07] Revolution Knight Jr: 5 X SEGUIDA Q EU UPO E TU RESETA E MAIS FACIL PEDIR PRO ANDRE PARA DE JOGAR
[01/10/2015 00:28:14] Revolution Knight Jr: 5 X SEGUIDA Q EU UPO E TU RESETA E MAIS FACIL PEDIR PRO ANDRE PARA DE JOGAR
[01/10/2015 00:28:14] Magraolovejj: Lower,adm falo que vai resetar
[01/10/2015 00:28:15] Mister's Sorc: ADM KPT FALA
[01/10/2015 00:28:16] Lower: ADM FALA LOGO VO FICA COM CARA DE MERDA NESSE OT ?
[01/10/2015 00:28:17] Magraolovejj: e so vai pescar
[01/10/2015 00:28:18] Mister's Sorc: ADM KPT FALA
[01/10/2015 00:28:19] Magraolovejj: quem tem proxy
[01/10/2015 00:28:19] Lower: ADM FALA LOGO VO FICA COM CARA DE MERDA NESSE OT ?
[01/10/2015 00:28:20] Lower: ADM FALA LOGO VO FICA COM CARA DE MERDA NESSE OT ?
[01/10/2015 00:28:20] Lower: ADM FALA LOGO VO FICA COM CARA DE MERDA NESSE OT ?
[01/10/2015 00:28:21] Lower: ADM FALA LOGO VO FICA COM CARA DE MERDA NESSE OT ?
[01/10/2015 00:28:22] Mister's Sorc: ADM KPT FALA
[01/10/2015 00:28:22] Lower: ADM FALA LOGO VO FICA COM CARA DE MERDA NESSE OT ?
[01/10/2015 00:28:22] Lower: ADM FALA LOGO VO FICA COM CARA DE MERDA NESSE OT ?
[01/10/2015 00:28:23] Revolution Knight Jr: 5 X SEGUIDA Q EU UPO E TU RESETA E MAIS FACIL PEDIR PRO ANDRE PARA DE JOGAR
[01/10/2015 00:28:27] Mister's Sorc: ADM KPT FALA
[01/10/2015 00:28:29] Carlinhos: Esse svr
[01/10/2015 00:28:30] Carlinhos: é dedicado
[01/10/2015 00:28:31] Mister's Sorc: ADM KPT FALA
[01/10/2015 00:28:32] Carlinhos: não né?
[01/10/2015 00:28:33] Carlinhos: Hmmmmm
[01/10/2015 00:28:33] Revolution Knight Jr: frre kill templo
[01/10/2015 00:28:35] Revolution Knight Jr: frre kill templo
[01/10/2015 00:28:36] Magraolovejj: ADM VAI RESETAR,E SO PESCA QUEM TEM PROXY, -FODA-SE VOCES TUDO, RECADO DA DILMA
[01/10/2015 00:28:36] Mister's Sorc: ADM KPT FALA
[01/10/2015 00:28:45] Revolution Knight Jr: frre kill templo
[01/10/2015 00:28:46] Magraolovejj: ADM VAI RESETAR,E SO PESCA QUEM TEM PROXY, -FODA-SE VOCES TUDO, RECADO DA DILMA
[01/10/2015 00:28:47] Magraolovejj: ADM VAI RESETAR,E SO PESCA QUEM TEM PROXY, -FODA-SE VOCES TUDO, RECADO DA DILMA
[01/10/2015 00:28:47] Magraolovejj: ADM VAI RESETAR,E SO PESCA QUEM TEM PROXY, -FODA-SE VOCES TUDO, RECADO DA DILMA
[01/10/2015 00:28:48] Magraolovejj: ADM VAI RESETAR,E SO PESCA QUEM TEM PROXY, -FODA-SE VOCES TUDO, RECADO DA DILMA
[01/10/2015 00:28:49] Magraolovejj: ADM VAI RESETAR,E SO PESCA QUEM TEM PROXY, -FODA-SE VOCES TUDO, RECADO DA DILMA
[01/10/2015 00:28:49] Mister's Sorc: ADM KPT FALA
[01/10/2015 00:28:51] Mister's Sorc: ADM KPT FALA
[01/10/2015 00:28:53] Mister's Sorc: ADM KPT FALA
[01/10/2015 00:28:54] Revolution Knight Jr: frre kill templo
[01/10/2015 00:28:57] Revolution Knight Jr: 5 X SEGUIDA Q EU UPO E TU RESETA E MAIS FACIL PEDIR PRO ANDRE PARA DE JOGAR
[01/10/2015 00:28:58] Carlinhos: Que chupar meu cu ? diga mor fio
[01/10/2015 00:29:03] Revolution Knight Jr: 5 X SEGUIDA Q EU UPO E TU RESETA E MAIS FACIL PEDIR PRO ANDRE PARA DE JOGAR
[01/10/2015 00:29:07] Carlinhos: adm
[01/10/2015 00:29:08] Lower: EU DEIXEI DE TRANSAR HOJE PRA JOGAR NESSA PORRA E VOCE VAI RESETAR ?
[01/10/2015 00:29:08] Carlinhos: magro
[01/10/2015 00:29:09] Lower: EU DEIXEI DE TRANSAR HOJE PRA JOGAR NESSA PORRA E VOCE VAI RESETAR ?
[01/10/2015 00:29:09] Lower: EU DEIXEI DE TRANSAR HOJE PRA JOGAR NESSA PORRA E VOCE VAI RESETAR ?
[01/10/2015 00:29:10] Lower: EU DEIXEI DE TRANSAR HOJE PRA JOGAR NESSA PORRA E VOCE VAI RESETAR ?
[01/10/2015 00:29:11] Lower: EU DEIXEI DE TRANSAR HOJE PRA JOGAR NESSA PORRA E VOCE VAI RESETAR ?
[01/10/2015 00:29:11] Lower: EU DEIXEI DE TRANSAR HOJE PRA JOGAR NESSA PORRA E VOCE VAI RESETAR ?
[01/10/2015 00:29:18] Carlinhos: Lower
[01/10/2015 00:29:20] Carlinhos: Transa 
[01/10/2015 00:29:21] Revolution Knight Jr: 5 X SEGUIDA Q EU UPO E TU RESETA E MAIS FACIL PEDIR PRO ANDRE PARA DE JOGAR
[01/10/2015 00:29:22] Carlinhos: com a mão
[01/10/2015 00:29:23] Carlinhos: Muda nada
[01/10/2015 00:29:26] Revolution Knight Jr: 5 X SEGUIDA Q EU UPO E TU RESETA E MAIS FACIL PEDIR PRO ANDRE PARA DE JOGAR
[01/10/2015 00:29:27] Carlinhos: Coloca no google
[01/10/2015 00:29:33] Carlinhos: Redtube.com.br
[01/10/2015 00:29:36] Revolution Knight Jr: 5 X SEGUIDA Q EU UPO E TU RESETA E MAIS FACIL PEDIR PRO ANDRE PARA DE JOGAR
[01/10/2015 00:29:46] Revolution Knight Jr: 5 X SEGUIDA Q EU UPO E TU RESETA E MAIS FACIL PEDIR PRO ANDRE PARA DE JOGAR
[01/10/2015 00:29:49] Lower: mlehor que transar de costas tenta experimentar com a mão..
[01/10/2015 00:29:53] Revolution Knight Jr: 5 X SEGUIDA Q EU UPO E TU RESETA E MAIS FACIL PEDIR PRO ANDRE PARA DE JOGAR
[01/10/2015 00:30:06] Lower: FALA ADM
[01/10/2015 00:30:09] Carlinhos: Mermao
[01/10/2015 00:30:09] Lower: DO INFERNO
[01/10/2015 00:30:10] Revolution Knight Jr: 5 X SEGUIDA Q EU UPO E TU RESETA E MAIS FACIL PEDIR PRO ANDRE PARA DE JOGAR
[01/10/2015 00:30:11] Magraolovejj: Magrão de adm = FIM DO MUNDO.
[01/10/2015 00:30:12] Magraolovejj: Magrão de adm = FIM DO MUNDO.
[01/10/2015 00:30:12] Magraolovejj: Magrão de adm = FIM DO MUNDO.
[01/10/2015 00:30:13] Carlinhos: Si ele restar isso
[01/10/2015 00:30:13] Magraolovejj: Magrão de adm = FIM DO MUNDO.
[01/10/2015 00:30:13] Magraolovejj: Magrão de adm = FIM DO MUNDO.
[01/10/2015 00:30:14] Revolution Knight Jr: 5 X SEGUIDA Q EU UPO E TU RESETA E MAIS FACIL PEDIR PRO ANDRE PARA DE JOGAR
[01/10/2015 00:30:14] Magraolovejj: Magrão de adm = FIM DO MUNDO.
[01/10/2015 00:30:14] Magraolovejj: Magrão de adm = FIM DO MUNDO.
[01/10/2015 00:30:15] Magraolovejj: Magrão de adm = FIM DO MUNDO.
[01/10/2015 00:30:17] Revolution Knight Jr: 5 X SEGUIDA Q EU UPO E TU RESETA E MAIS FACIL PEDIR PRO ANDRE PARA DE JOGAR
[01/10/2015 00:30:20] ADM: vo resetar leks
[01/10/2015 00:30:21] ADM: '-'
[01/10/2015 00:30:23] Carlinhos: Oxê
[01/10/2015 00:30:24] Carlinhos: vtnc
[01/10/2015 00:30:24] Magraolovejj: dahora
[01/10/2015 00:30:24] Lower: a mds
[01/10/2015 00:30:25] Lower: flw
[01/10/2015 00:30:27] Carlinhos: Flw
[01/10/2015 00:30:28] Carlinhos: ai
[01/10/2015 00:30:29] Carlinhos: joga
[01/10/2015 00:30:30] ADM: flws
[01/10/2015 00:30:31] Carlinhos: só o adm
[01/10/2015 00:30:32] ADM: até mais
[01/10/2015 00:30:32] Carlinhos: e o time dele
[01/10/2015 00:30:32] Knight Own: vtnc namoral
[01/10/2015 00:30:33] Mister's Sorc: adm da lvl
[01/10/2015 00:30:34] Lower: mds
[01/10/2015 00:30:35] Carlinhos: ops
[01/10/2015 00:30:36] Mister's Sorc: ADM DA LEVEL
[01/10/2015 00:30:36] Magraolovejj: CAIPORA
[01/10/2015 00:30:38] Revolution Knight Jr: 5 X SEGUIDA Q EU UPO E TU RESETA E MAIS FACIL PEDIR PRO ANDRE PARA DE JOGAR
[01/10/2015 00:30:38] Magraolovejj: CHUPA PICA
[01/10/2015 00:30:39] Magraolovejj: DA DISGRAÇA
[01/10/2015 00:30:40] Revolution Knight Jr: 5 X SEGUIDA Q EU UPO E TU RESETA E MAIS FACIL PEDIR PRO ANDRE PARA DE JOGAR
[01/10/2015 00:30:41] Knight Own: esses dono de theonly tem td AIDS
[01/10/2015 00:30:42] Magraolovejj: CHUPA PICA
[01/10/2015 00:30:43] Magraolovejj: CHUPA PICA
[01/10/2015 00:30:43] Knight Own: so pode
[01/10/2015 00:30:43] Revolution Knight Jr: 5 X SEGUIDA Q EU UPO E TU RESETA E MAIS FACIL PEDIR PRO ANDRE PARA DE JOGAR
[01/10/2015 00:30:43] Magraolovejj: CHUPA PICA
[01/10/2015 00:30:44] Magraolovejj: CHUPA PICA
[01/10/2015 00:30:44] Revolution Knight Jr: 5 X SEGUIDA Q EU UPO E TU RESETA E MAIS FACIL PEDIR PRO ANDRE PARA DE JOGAR
[01/10/2015 00:30:45] Magraolovejj: CHUPA PICA
[01/10/2015 00:30:45] Revolution Knight Jr: 5 X SEGUIDA Q EU UPO E TU RESETA E MAIS FACIL PEDIR PRO ANDRE PARA DE JOGAR
[01/10/2015 00:30:45] Magraolovejj: CHUPA PICA
[01/10/2015 00:30:46] Magraolovejj: CHUPA PICA
[01/10/2015 00:30:46] Revolution Knight Jr: 5 X SEGUIDA Q EU UPO E TU RESETA E MAIS FACIL PEDIR PRO ANDRE PARA DE JOGAR
[01/10/2015 00:30:47] Revolution Knight Jr: 5 X SEGUIDA Q EU UPO E TU RESETA E MAIS FACIL PEDIR PRO ANDRE PARA DE JOGAR
[01/10/2015 00:30:57] Lower: tnc
[01/10/2015 00:30:58] Mister's Sorc: DA LVL
[01/10/2015 00:31:00] Mister's Sorc: PRA ZUA
[01/10/2015 00:31:01] Famelee: Rei = nuker ;d vamos ver si vão jogar 
[01/10/2015 00:31:01] Mister's Sorc: MLK
[01/10/2015 00:31:03] Lower: da o cu
[01/10/2015 00:31:08] Lower: level
[01/10/2015 00:31:09] Lower: n
[01/10/2015 00:31:10] Revolution Knight Jr: todo mudno digita .#fulldominedporandre
[01/10/2015 00:31:12] Revolution Knight Jr: todo mudno digita .#fulldominedporandre
[01/10/2015 00:31:12] Mister's Sorc: PRA ZUA GO LVL
[01/10/2015 00:31:19] Mister's Sorc: PRA ZUA GO LVL
[01/10/2015 00:31:31] Revolution Knight Jr: kkk
[01/10/2015 00:31:34] Revolution Knight Jr: todo mudno digita .#fulldominedporandre
[01/10/2015 00:31:42] Revolution Knight Jr: carlinhos ta chatiado
[01/10/2015 00:31:44] Revolution Knight Jr: 4 dias sem durmi
[01/10/2015 00:31:48] Revolution Knight Jr: pra reseta
[01/10/2015 00:31:52] Revolution Knight Jr: ausahuahsuahs
[01/10/2015 00:31:56] Dragon Maisculo: .#fulldominedporandre
[01/10/2015 00:31:59] Magraolovejj: .#fulldominedporandre
[01/10/2015 00:32:12] ADM: de mc n vale luis
[01/10/2015 00:32:14] ADM: :/
[01/10/2015 00:32:20] Lower: e pq libera mc
[01/10/2015 00:32:20] Magraolovejj: TOME NO CU
[01/10/2015 00:32:23] Magraolovejj: FODA-SE VOCE E SUA MAE
[01/10/2015 00:32:24] Revolution Knight Jr: oloco axei q vc tinha saido
[01/10/2015 00:32:25] Revolution Knight Jr: ?
[01/10/2015 00:32:25] Magraolovejj: SEU MERDA
[01/10/2015 00:32:27] Revolution Knight Jr: ta ai ainda
[01/10/2015 00:32:27] Knight Own: libera mc pq entao?
[01/10/2015 00:32:28] Magraolovejj: EU FALO PRA TODO MUNDO
[01/10/2015 00:32:29] Revolution Knight Jr: pera ae
[01/10/2015 00:32:29] Lower: pq nao proibe geral mc deixa nenhum ai quero ver..
[01/10/2015 00:32:30] Knight Own: q doença
[01/10/2015 00:32:32] Magraolovejj: N CONFIA NO MAGRÃO
[01/10/2015 00:32:36] Magraolovejj: OS KRA INVENTA DE CONFIAR
[01/10/2015 00:32:37] Revolution Knight Jr: todo mudno digita .#fulldominedporandre
[01/10/2015 00:32:38] Revolution Knight Jr: todo mudno digita .#fulldominedporandre
[01/10/2015 00:32:38] Magraolovejj: SO TOMA NO CU
[01/10/2015 00:32:45] Revolution Knight Jr: todo mudno digita .#fulldominedporandre
[01/10/2015 00:32:47] ADM: m<3
[01/10/2015 00:32:48] Revolution Knight Jr: todo mudno digita .#fulldominedporandre
[01/10/2015 00:32:53] Revolution Knight Jr: todo mudno digita .#fulldominedporandre
[01/10/2015 00:32:56] Magraolovejj: MAGRÃO NEM PELO NA CARA TEM,QUER ADMINISTRAR UM OT
[01/10/2015 00:32:58] Revolution Knight Jr: flw
[01/10/2015 00:33:01] Magraolovejj: MDS,CORTA MINHAS MÃO AKI
[01/10/2015 00:33:02] Lower: faz as coisas sem pensar pra ter q refazer pqp
[01/10/2015 00:33:14] Lower: botava sem mc antes agora tem q resetar
[01/10/2015 00:33:15] Revolution Knight Jr: detalhe
[01/10/2015 00:33:18] Revolution Knight Jr: edito priest
[01/10/2015 00:33:18] Lower: faz as coisa pela metade
[01/10/2015 00:33:19] Revolution Knight Jr: ate o talo
[01/10/2015 00:33:21] Revolution Knight Jr: flw
[01/10/2015 00:33:27] Magraolovejj: Agora o priesty vai dominar
[01/10/2015 00:33:30] Magraolovejj: ele n trabalha,nem estuda
[01/10/2015 00:33:31] Lower: vai comer buceta pelas berada porra?
[01/10/2015 00:33:33] Magraolovejj: tem tempo pra jogar
[01/10/2015 00:33:44] Magraolovejj: ai vai virar a noite,e vai ganhar ring do admin chupa pic
[01/10/2015 00:33:46] Mister's Sorc: DA OS LVL PORRA E BYE NEGADA
[01/10/2015 00:33:48] Magraolovejj: ai facil vai dominar
[01/10/2015 00:33:49] Knight Own: s
[01/10/2015 00:33:51] Mister's Sorc: DA OS LVL PORRA E BYE NEGADA
[01/10/2015 00:33:52] Mister's Sorc: DA OS LVL PORRA E BYE NEGADA
[01/10/2015 00:33:53] Magraolovejj: 2 bju pro recalque flw
[01/10/2015 00:33:54] Knight Own: so vdds
[01/10/2015 00:33:56] Mister's Sorc: DA OS LVL PORRA E BYE NEGADA
[01/10/2015 00:34:08] Lower: revolution knight jr venha ca me da lvl chegue
[01/10/2015 00:34:57] Knight Own: massa esse holback em
[01/10/2015 00:35:56] Dragon Maisculo: PICA NO CU DO MAGRÃO, VOTE 1, 2 PICA NO CU DO MAGRÃO VOTE 2
[01/10/2015 00:41:12] Revolution Knight Jr: MAGRÃO VSF
[01/10/2015 00:41:15] Revolution Knight Jr: MAGRÃO VSF
[01/10/2015 00:55:57] Revolution Knight Jr: AE MAGRÃO,TUA MAE COBRA QUANTO?
[01/10/2015 15:29:34] Maste: 24 hrs?
[01/10/2015 18:42:12] Pally Of Hell: q evento vai ter
[01/10/2015 23:26:46] Magrao: ta lag ae?
[01/10/2015 23:26:49] Michele: s
[01/10/2015 23:26:56] Magraochupapica: fala no /b
[01/10/2015 23:26:59] Magraochupapica: virgem do kralho
[01/10/2015 23:27:04] Magraochupapica: eita adm complicado do kct
[01/10/2015 23:27:13] Magrao: preciso por o /b
[01/10/2015 23:27:15] Magrao: n tem
[01/10/2015 23:27:17] Magrao: IAUHUIAHEU
[01/10/2015 23:27:20] Magrao: só tem o /bc
[01/10/2015 23:27:22] Magraochupapica: enton fala
[01/10/2015 23:27:27] Magraochupapica: pelo startup
[01/10/2015 23:27:28] Magraochupapica: ou n da tbm?
[01/10/2015 23:27:32] Michele: olha la revo
[01/10/2015 23:27:33] Michele: fdp
[01/10/2015 23:27:35] Magraochupapica: pera
[01/10/2015 23:27:38] Magraochupapica: vo ligar wifi
[01/10/2015 23:28:25] Magraochupapica: nunca vih esse ot com tanto lag
[01/10/2015 23:28:30] Magraochupapica: hoje ele tirou o dia pra me fuder ;ç
[01/10/2015 23:28:40] Magrao: só ai só
[01/10/2015 23:28:48] Magrao: no ceará
[01/10/2015 23:28:53] Magraochupapica: 23:26 Magrao: ta lag ae? 23:26 Michele [131]: s
[01/10/2015 23:28:55] Magraochupapica: é tu tem sindrome
[01/10/2015 23:28:57] Magraochupapica: n sabe ler.
[01/10/2015 23:28:58] Magrao: ele
[01/10/2015 23:28:59] Magraochupapica: ai fode tudo.,
[01/10/2015 23:29:00] Magrao: é seu vizinho
[01/10/2015 23:29:03] Magrao: ceara tbm
[01/10/2015 23:29:07] Michele: sou
[01/10/2015 23:29:08] Michele: carioca cara
[01/10/2015 23:29:09] Magraochupapica: o problema
[01/10/2015 23:29:09] Michele: menos
[01/10/2015 23:29:11] Magraochupapica: que tou usando
[01/10/2015 23:29:15] Magraochupapica: bot no global
[01/10/2015 23:29:16] Magraochupapica: e ta mais liso
[01/10/2015 23:29:19] Magraochupapica: que a bunda do mk
[01/10/2015 23:29:23] Magraochupapica: so no ot do magrão
[01/10/2015 23:29:27] Magraochupapica: que ta lag,acho que o ot dele
[01/10/2015 23:29:30] Michele: DO MAGRAOOOOOOOOOOOOOOOOOOOOO
[01/10/2015 23:29:30] Magraochupapica: é mais lindo "
[01/10/2015 23:29:32] Michele: do MAGRAO
[01/10/2015 23:29:34] Michele: do MAGRAO
[01/10/2015 23:29:35] Michele: do MAGRAO
[01/10/2015 23:29:36] Michele: asiopasiopsapoisaiop
[01/10/2015 23:29:43] Magraochupapica: kkk.
[01/10/2015 23:30:03] Vkz Two: SIIIIIIIIIIIIM
[01/10/2015 23:30:03] Michele: REVO MITO
[01/10/2015 23:30:04] Berenice: mais o menos
[01/10/2015 23:30:28] Magraochupapica: mds mk
[01/10/2015 23:30:33] Michele: ?
[01/10/2015 23:30:34] Magraochupapica: tu n vai pegar n?
[01/10/2015 23:30:36] Magraochupapica: a mina falo aquilo
[01/10/2015 23:30:39] Magraochupapica: e tu vai fica jogando tibia?
[01/10/2015 23:30:42] Magraochupapica: AH VSF CARA
[01/10/2015 23:30:46] Michele: essa e outra cr
[01/10/2015 23:30:54] Magraochupapica: e oq tem haver?
[01/10/2015 23:30:58] Magraochupapica: tu n pode pegar essa outra n?
[01/10/2015 23:30:59] Michele: que ela
[01/10/2015 23:31:01] Michele: namora
[01/10/2015 23:31:04] Michele: estou fazendo ela termina
[01/10/2015 23:31:13] Magraochupapica: que miseravi
[01/10/2015 23:31:16] Magraochupapica: deixa o kra descubrir n
[01/10/2015 23:31:19] Magraochupapica: que tu se fode,huehu
[01/10/2015 23:31:29] Michele: coitado
[01/10/2015 23:31:33] Berenice: e ese nome ai
[01/10/2015 23:31:37] Berenice: Magraochupapica
[01/10/2015 23:31:40] Berenice: kkkkkkkkkkkkkkkkkkkkkkkkkkkkkk
[01/10/2015 23:31:42] Magraochupapica: que tem ele?
[01/10/2015 23:31:43] Michele: MAGRAO E ESSES MAGE HITANDO
[01/10/2015 23:31:44] Magraochupapica: n pode é?
[01/10/2015 23:31:45] Michele: 4K
[01/10/2015 23:31:47] Magraochupapica: vo colocar
[01/10/2015 23:31:51] Magraochupapica: Berenicechupapica
[01/10/2015 23:31:54] Magraochupapica: povo incomodado do kralho
[01/10/2015 23:32:07] Berenice: copia e cola onde me encomodei fdp
[01/10/2015 23:32:14] Berenice: qndo dise q me encomodei
[01/10/2015 23:32:14] Magraochupapica: KKKKKKKKKKK
[01/10/2015 23:32:17] Magraochupapica: ah br miseravi :V
[01/10/2015 23:32:20] Berenice: copia cola aki
[01/10/2015 23:32:21] Magraochupapica: KKKKKKKKKKKKKKK
[01/10/2015 23:32:23] Magraochupapica: HUEHUE BR
[01/10/2015 23:32:34] Michele: revo
[01/10/2015 23:32:38] Michele: quer outro print? 
[01/10/2015 23:32:38] Magraochupapica: vai falando
[01/10/2015 23:32:39] Michele: saoiusaouisaiuosausau
[01/10/2015 23:32:41] Magraochupapica: mande
[01/10/2015 23:32:43] Magraochupapica: quero nudes tbm
[01/10/2015 23:54:20] Magraochupapica: PODE RESETAR O OT DNV
[01/10/2015 23:54:59] Magraochupapica: ADMP PODE RESETAR DENOVO ,JA DEU
[01/10/2015 23:55:00] Magraochupapica: ADMP PODE RESETAR DENOVO ,JA DEU
[01/10/2015 23:55:01] Magraochupapica: ADMP PODE RESETAR DENOVO ,JA DEU
[01/10/2015 23:55:01] Magraochupapica: ADMP PODE RESETAR DENOVO ,JA DEU
[01/10/2015 23:58:29] Order: adm reseta nao
[01/10/2015 23:58:36] Order: os chorao correu
[01/10/2015 23:58:40] Order: precisa resetar n
[01/10/2015 23:58:49] Magraochupapica: precisa resetar sim
[01/10/2015 23:58:50] Magraochupapica: ot ja deu
[01/10/2015 23:58:53] Magraochupapica: RESETA SAMERDA AI ADM
[01/10/2015 23:58:57] Magraochupapica: TEM QUE RESETAR TODO DIA
[01/10/2015 23:59:00] Many Pet: EXCLUI ESSA MERDA AI ADM
[01/10/2015 23:59:01] Many Pet: EXCLUI ESSA MERDA AI ADM
[01/10/2015 23:59:02] Many Pet: EXCLUI ESSA MERDA AI ADM
[01/10/2015 23:59:02] Many Pet: EXCLUI ESSA MERDA AI ADM
[01/10/2015 23:59:05] Magraochupapica: KKKKKKK
[02/10/2015 00:06:39] Magrao: enves de exclui o ot vo exclui suas acc 
[02/10/2015 00:06:42] Magrao: podde ser?
[02/10/2015 00:08:04] Castle Master: PODE
[02/10/2015 00:08:05] Castle Master: GOOO
[02/10/2015 00:08:09] Castle Master: MK AKI
[02/10/2015 00:08:12] Castle Master: E CONSERTA ESSE LIXO AI PF
[02/10/2015 00:08:34] Castle Master: E DELETA SEU CHAR TBM O DORISA PLIS
[02/10/2015 00:09:54] Castle Master: ja que voce nao eo dorisa vem os 2 adm aki sem ghost e os 3 fala nos 3 char pf
[02/10/2015 00:09:55] Castle Master: ja que voce nao eo dorisa vem os 2 adm aki sem ghost e os 3 fala nos 3 char pf
[02/10/2015 00:09:55] Castle Master: ja que voce nao eo dorisa vem os 2 adm aki sem ghost e os 3 fala nos 3 char pf
[02/10/2015 00:09:56] Castle Master: ja que voce nao eo dorisa vem os 2 adm aki sem ghost e os 3 fala nos 3 char pf
[02/10/2015 19:02:39] Matheus Rullex: chidori raimei
[02/10/2015 19:02:39] Matheus Rullex: chidori raimei
[02/10/2015 19:02:59] Matheus Rullex: chidori raimei
[02/10/2015 19:02:59] Matheus Rullex: chidori raimei
[02/10/2015 19:03:00] Matheus Rullex: chidori raimei
[02/10/2015 19:03:00] Matheus Rullex: chidori raimei
[02/10/2015 19:03:00] Matheus Rullex: chidori raimei
[02/10/2015 21:43:19] Warzera: MEU POVO ACABOU DE ABRIR UM SERVER PVP-ENFORCED ROOKGUAARD, DEDICADO ETC. 8.60- 30X - COM STAGES OTIMOS-NADA ENSAGERADO E NÃO TEM ITENS VIPS -CHAME SEUS AMIGOS PARA BRINCAR O GRANDE PASSA TEMPO ! ESTAMOS LHE AGUARDANDO... - IP = warzera,,,,,,ddns,,,,,net
[02/10/2015 21:56:38] Dragon Maisculo: tu transa quantas vezes na semana admin? 
[02/10/2015 22:02:42] Dragon Maisculo: quero saber quem transa aqui.
[03/10/2015 11:33:15] Hitman: TIRAR
[03/10/2015 11:33:16] Hitman: ESSA BOSTA
[03/10/2015 11:33:17] Hitman: MAN
[03/10/2015 11:33:21] Hitman: TA TIRANDO
[26/5/2018 21:25:9] Yasuo: adm on?
[12/10/2018 23:58:8] Nohema: tanto lag hay?
[13/10/2018 12:23:18] Revolution Knight Jr: me fala tua cidade ai pleaase
[13/10/2018 12:23:31] Veigar: os itens, nao tinham que ser reagrupaveis?
[13/10/2018 12:23:34] Veigar: quando move pra backpack
[13/10/2018 12:24:43] Revolution Knight Jr: americana SP quem sera
[13/10/2018 12:24:44] Revolution Knight Jr: .....
[13/10/2018 12:25:54] [ADM] Onlyone: diga revo
[13/10/2018 12:26:46] Revolution Knight Jr: qual tua orientação sexual,por isso eu descubro.
[13/10/2018 13:0:27] Revolution Knight Jr: boots bugada adm ?
[13/10/2018 14:18:47] Revolution Knight Jr: ESSA DISGRAÇA DE OT TEM ZUMBIE N É ?
[19/10/2018 17:45:12] Tripo Zack: adm ta ae
[19/10/2018 17:49:32] [ADM] Onlyone: ?
[19/10/2018 18:39:14] Truz: omg
[19/10/2018 18:56:16] Truz: adm se puder tira uma duvida
[20/10/2018 8:49:30] Truz: adm tiver ae da um toque
[20/10/2018 8:51:7] [ADM] Onlyone: fala ae
[20/10/2018 8:51:39] Truz: queria tira duas duvida sabe se o script de pesca ta certim, e o valor dos pet vai ser 100 gp mesmo
[20/10/2018 8:52:0] [ADM] Onlyone: sim
[20/10/2018 8:52:6] [ADM] Onlyone: vc ja fez quanto pescando ?
[20/10/2018 8:52:17] Truz: platium coin ta mais raro q pet
[20/10/2018 8:52:25] Truz: ao todop 44k
[20/10/2018 8:52:30] Truz: desde ontem
[20/10/2018 8:52:41] [ADM] Onlyone: aa ent ta bom
[20/10/2018 8:52:45] Truz: pq tiopo
[20/10/2018 8:52:50] Truz: no q pégurrei 30 plaium
[20/10/2018 8:52:54] Truz: catei 120 pet
[20/10/2018 8:52:54] [ADM] Onlyone: pet ta com 1% e platinum 5 %
[20/10/2018 8:53:14] Truz: na pratica ta diferente
[20/10/2018 8:53:35] [ADM] Onlyone: ta otimo kkk 100 pet ja é 10k
[20/10/2018 8:53:49] Truz: s mais so quweria sabe se ta certo kk
[20/10/2018 8:54:10] Truz: se tem zap do emerson manda ele loga
[20/10/2018 8:54:38] [ADM] Onlyone: kkkkk ta sim o objetivo é fica dificil ... pra ficar facil existe o fishing noost
[20/10/2018 8:54:57] Truz: to puto ainda com meu ban ip man se n ta ligado
[20/10/2018 8:55:3] Truz: rainer e muito sem dedo
[20/10/2018 8:55:21] Kuhnert: kkk
[20/10/2018 8:55:43] Kuhnert: ot do rainer nunca mais
[20/10/2018 8:55:55] Truz: amen
[20/10/2018 8:56:1] [ADM] Onlyone: o que aconteceu la ? ele deu ban e todo mundo dnv ?
[20/10/2018 8:56:10] Truz: todo mundo n
[20/10/2018 8:56:13] Truz: so eu e no emerson
[20/10/2018 8:56:18] Truz: q fico matando ele izi na city
[20/10/2018 8:56:21] Truz: e na area de pesca
[20/10/2018 8:56:29] Kuhnert: noss
[20/10/2018 8:56:34] Truz: ele deixo paralyze robada
[20/10/2018 8:56:39] Truz: eu botava ek dele pra surfa
[20/10/2018 8:56:48] Truz: ai chorava
[20/10/2018 8:56:50] Truz: kkkkkkkkkkk
[20/10/2018 8:58:34] [ADM] Onlyone: kkkkk
[20/10/2018 9:2:17] Truz: aki quandi morre com gold perde metasde tbm
[20/10/2018 9:2:19] Truz: ou n
[20/10/2018 9:2:32] [ADM] Onlyone: não
[20/10/2018 9:49:16] Truz: adm ta ae
[20/10/2018 9:49:37] Truz: meu promo sumiu
[20/10/2018 10:26:56] Truz: rip zombie
[20/10/2018 10:40:59] Tripo Zack: oi
[20/10/2018 11:23:5] Truz: adm ta ae man
[20/10/2018 11:25:8] [ADM] Onlyone: oi
[20/10/2018 11:25:33] Truz: o cara q morreu ganho evento tendi nada ^^
[20/10/2018 11:25:34] Kuhnert: hi
[20/10/2018 11:25:54] Aninha: mas eu nao morri ue
[20/10/2018 11:26:1] Truz: 11:22 O jogador (Pewjdfs) foi morto no Last Man Standing Event. 11:22 O jogador Aninha Venceu o Last Man Standing Event e recebeu 50 event coins, 25 crystal coins, 25 event points e 1 chave de addons
[20/10/2018 11:26:8] Aninha: quem morreu foi aquele pew sei la oq ja
[20/10/2018 11:26:15] Truz: em fim kk
[20/10/2018 11:26:45] [ADM] Onlyone: não entendi
[20/10/2018 11:27:11] Truz: teve o evento certo
[20/10/2018 11:27:22] Truz: eu matei pew
[20/10/2018 11:27:22] [ADM] Onlyone: sim
[20/10/2018 11:27:28] Truz: e a anunhando gaho
[20/10/2018 11:27:30] Truz: eo evenot acabo
[20/10/2018 11:27:34] Truz: com varios vivo ainda
[20/10/2018 11:27:40] [ADM] Onlyone: ahhh
[20/10/2018 11:27:42] [ADM] Onlyone: entendi
[20/10/2018 11:28:15] Truz: ai o dulockz chorao 11:23 Smith [137]: bom 11:23 Smith [137]: vo joga isso nao 11:23 Smith [137]: ot bugado 11:23 Smith [137]: sem player
[20/10/2018 11:28:16] Truz: uasha
[20/10/2018 11:29:14] Aninha: ai adm, tu podia arrumar esse loot ne...
[20/10/2018 11:29:17] Aninha: ta meio bugado
[20/10/2018 11:29:29] Aninha: 11:29 Loot of mercenarie: 46 gold coins, 23 gold coins. quando abre o loot tem 3 gp...
[20/10/2018 11:29:30] Truz: q loot aninha
[20/10/2018 11:29:35] Aninha: e isso é em todos
[20/10/2018 11:29:36] Truz: kkkk
[20/10/2018 11:29:52] Truz: se ganho 250k
[20/10/2018 11:29:54] Aninha: ja vi uns 5 angel token
[20/10/2018 11:29:56] Truz: se fazer mnada
[20/10/2018 11:29:59] Truz: e tacorando
[20/10/2018 11:30:3] Aninha: ue
[20/10/2018 11:30:8] Aninha: mas o bagulho ta bugado
[20/10/2018 11:30:11] Aninha: tem q arrumar mesmo...
[20/10/2018 11:30:16] Aninha: ja dropei 5 angel token
[20/10/2018 11:30:18] Aninha: e nenhum caiu realmente
[20/10/2018 11:30:29] Aninha: só ilusao
[20/10/2018 11:31:15] Truz: igual a ums cara q cria com nick de mulher e se vai ver e trap
[20/10/2018 11:31:28] Aninha: eu ae
[20/10/2018 16:59:37] Aninha: n da pra pegar angel ainda?
[20/10/2018 17:44:24] Aninha: cara
[20/10/2018 17:44:26] Aninha: arruma esse target
[20/10/2018 17:44:27] Aninha: plx
[20/10/2018 17:44:31] Aninha: impossivel jogar com isso
[20/10/2018 17:44:50] Aninha: char fica full travado com target
[20/10/2018 17:44:53] Aninha: sem nexo
[20/10/2018 17:56:7] Truz: ta ae adm
[20/10/2018 17:56:19] Truz: acho q o evento bugo dnv xd
[20/10/2018 18:13:15] Aninha: bugo aqui...
[20/10/2018 18:13:20] Aninha: 18:13 Você precisa ser o unico sobrevivente do Last Man Standing.
[20/10/2018 19:27:8] Whain: adm, evento bugo aqui Zzz
[20/10/2018 21:30:52] Gruzmineck: adm ta ae
[20/10/2018 22:19:20] Gruzmineck: adm ta ae
[22/10/2018 16:56:29] Aninha: os pontos nao funcionar é proposital?
[22/10/2018 16:56:44] Aninha: tipo, cada item ser 100 points ao inves do preço dito la (15,, 20)
[22/10/2018 18:8:47] Vai No Dash: alguem ?
[18/11/2018 13:2:18] Kelly: que dia tem zumbie
[18/11/2018 13:3:7] [ADM] Onlyone: vou colocar os horarios no site depois mais o proximo zombie é 15:51
[18/11/2018 13:3:22] Kelly: wtf aqui é 12:03 ainda, kk
[18/11/2018 13:3:29] [ADM] Onlyone: Esta ocorrendo lag ?
[18/11/2018 13:3:48] Kelly: acho que n
[18/11/2018 16:17:17] Revolution Pally Jr: adm comedia rp n faz quest sozinho n é
[18/11/2018 16:18:4] [ADM] Onlyone: como assim
[18/11/2018 16:18:29] Revolution Pally Jr: olha meu lvl,tenho promo,arma +10,hp do bixo n sai nem do lugar .
[21/11/2018 19:32:4] Revolution Pally Jr: adm ?
[23/11/2018 16:25:30] Doida: onde upa aqui
[23/12/2018 19:39:12] Momo Yaoyorozu: hi
