[12/11/2018 13:46:15] /clean
[12/11/2018 13:47:17] /clean
[12/11/2018 13:49:0] /a 2
[12/11/2018 13:49:0] /a 2
[12/11/2018 13:49:1] /a 2
[12/11/2018 13:49:1] /a 2
[12/11/2018 13:49:1] /a 2
[12/11/2018 13:49:1] /a 2
[12/11/2018 13:49:1] /a 2
[12/11/2018 13:49:1] /a 2
[12/11/2018 13:49:1] /a 2
[12/11/2018 13:49:1] /a 2
[12/11/2018 13:49:2] /a 2
[12/11/2018 13:49:2] /a 2
[12/11/2018 13:49:2] /a 2
[12/11/2018 13:49:2] /a 2
[12/11/2018 13:49:2] /a 2
[12/11/2018 13:49:2] /a 2
[12/11/2018 13:49:2] /a 2
[12/11/2018 13:49:2] /a 2
[12/11/2018 13:49:2] /a 2
[12/11/2018 13:49:2] /a 2
[12/11/2018 13:56:41] /a 2
[12/11/2018 13:56:42] /a 2
[12/11/2018 13:56:42] /a 2
[12/11/2018 13:56:42] /a 2
[12/11/2018 13:56:43] /a 2
[12/11/2018 13:56:43] /a 2
[12/11/2018 13:56:43] /a 2
[12/11/2018 13:56:43] /a 2
[12/11/2018 13:56:43] /a 2
[12/11/2018 13:56:43] /a 2
[12/11/2018 13:56:43] /a 2
[12/11/2018 13:56:43] /a 2
[12/11/2018 13:56:43] /a 2
[12/11/2018 13:56:43] /a 2
[12/11/2018 13:56:44] /a 2
[12/11/2018 13:56:44] /a 2
[12/11/2018 13:56:44] /a 2
[12/11/2018 13:56:44] /a 2
[12/11/2018 13:56:44] /a 2
[12/11/2018 13:56:44] /a 2
[12/11/2018 13:56:44] /a 2
[12/11/2018 13:56:44] /a 2
[12/11/2018 13:56:44] /a 2
[12/11/2018 13:56:44] /a 2
[12/11/2018 13:56:44] /a 2
[12/11/2018 13:56:44] /a 2
[12/11/2018 13:56:44] /a 2
[12/11/2018 13:56:44] /a 2
[12/11/2018 13:56:44] /a 2
[12/11/2018 13:56:44] /a 2
[12/11/2018 13:56:44] /a 2
[12/11/2018 13:56:45] /a 2
[12/11/2018 13:56:45] /a 2
[12/11/2018 13:56:45] /a 2
[12/11/2018 13:56:46] /a 2
[12/11/2018 13:56:46] /a 2
[12/11/2018 13:56:46] /a 2
[12/11/2018 13:56:46] /a 2
[12/11/2018 13:56:46] /a 2
[12/11/2018 13:56:46] /a 2
[12/11/2018 13:56:46] /a 2
[12/11/2018 13:56:46] /a 2
[12/11/2018 13:56:46] /a 2
[12/11/2018 13:56:46] /a 2
[12/11/2018 13:56:46] /a 2
[12/11/2018 13:56:46] /a 2
[12/11/2018 13:56:47] /a 2
[12/11/2018 13:56:47] /a 2
[12/11/2018 13:56:47] /a 2
[12/11/2018 13:56:48] /a 2
[12/11/2018 13:56:48] /a 2
[12/11/2018 13:56:48] /a 2
[12/11/2018 13:56:48] /a 2
[12/11/2018 13:56:48] /a 2
[12/11/2018 13:56:48] /a 2
[12/11/2018 13:56:48] /a 2
[12/11/2018 13:56:48] /a 2
[12/11/2018 13:56:48] /a 2
[12/11/2018 13:56:48] /a 2
[12/11/2018 13:56:48] /a 2
[12/11/2018 13:56:48] /a 2
[12/11/2018 13:56:48] /a 2
[12/11/2018 13:56:48] /a 2
[12/11/2018 13:56:48] /a 2
[12/11/2018 13:56:48] /a 2
[12/11/2018 13:56:48] /a 2
[12/11/2018 13:56:49] /a 2
[12/11/2018 13:56:49] /a 2
[12/11/2018 13:56:50] /a 2
[12/11/2018 13:56:50] /a 2
[12/11/2018 13:56:50] /a 2
[12/11/2018 14:0:43] /a 2
[12/11/2018 14:0:43] /a 2
[12/11/2018 14:0:43] /a 2
[12/11/2018 14:0:43] /a 2
[12/11/2018 14:0:43] /a 2
[12/11/2018 14:0:44] /a 2
[12/11/2018 14:0:44] /a 2
[12/11/2018 14:0:44] /a 2
[12/11/2018 14:0:44] /a 2
[12/11/2018 14:0:44] /a 2
[12/11/2018 14:0:44] /a 2
[12/11/2018 14:0:44] /a 2
[12/11/2018 14:0:44] /a 2
[12/11/2018 14:0:44] /a 2
[12/11/2018 14:0:44] /a 2
[12/11/2018 14:0:44] /a 2
[12/11/2018 14:0:44] /a 2
[12/11/2018 14:0:44] /a 2
[12/11/2018 14:0:44] /a 2
[12/11/2018 14:0:45] /a 2
[12/11/2018 14:0:45] /a 2
[12/11/2018 14:0:45] /a 2
[12/11/2018 14:0:45] /a 2
[12/11/2018 14:0:45] /a 2
[12/11/2018 14:0:45] /a 2
[12/11/2018 14:0:45] /a 2
[12/11/2018 14:0:45] /a 2
[12/11/2018 14:0:45] /a 2
[12/11/2018 14:0:46] /a 2
[12/11/2018 14:0:46] /a 2
[12/11/2018 14:0:46] /a 2
[12/11/2018 14:0:47] /a 2
[12/11/2018 14:0:48] /a 2
[12/11/2018 14:0:48] /a 2
[12/11/2018 14:0:50] /a 2
[12/11/2018 14:0:50] /a 2
[12/11/2018 14:0:50] /a 2
[12/11/2018 14:0:51] /a 2
[12/11/2018 14:0:51] /a 2
[12/11/2018 14:0:51] /a 2
[12/11/2018 14:0:51] /a 2
[12/11/2018 14:0:51] /a 2
[12/11/2018 14:0:51] /a 2
[12/11/2018 14:0:51] /a 2
[12/11/2018 14:0:51] /a 2
[12/11/2018 14:0:51] /a 2
[12/11/2018 14:0:51] /a 2
[12/11/2018 14:0:51] /a 2
[12/11/2018 14:0:51] /a 2
[12/11/2018 14:0:51] /a 2
[12/11/2018 14:0:52] /a 2
[12/11/2018 14:0:52] /a 2
[12/11/2018 14:0:52] /a 2
[12/11/2018 14:0:52] /a 2
[12/11/2018 14:0:52] /a 2
[12/11/2018 14:0:52] /a 2
[12/11/2018 14:0:52] /a 2
[12/11/2018 14:0:52] /a 2
[12/11/2018 14:0:52] /a 2
[12/11/2018 14:0:52] /a 2
[12/11/2018 14:0:52] /a 2
[12/11/2018 14:0:52] /a 2
[12/11/2018 14:0:52] /a 2
[12/11/2018 14:0:53] /a 2
[12/11/2018 14:0:53] /a 2
[12/11/2018 14:0:53] /a 2
[12/11/2018 14:0:53] /a 2
[12/11/2018 14:0:53] /a 2
[12/11/2018 14:0:53] /a 2
[12/11/2018 14:0:53] /a 2
[12/11/2018 14:0:53] /a 2
[12/11/2018 14:0:53] /a 2
[12/11/2018 14:0:53] /a 2
[12/11/2018 14:0:54] /a 2
[12/11/2018 14:0:54] /a 2
[12/11/2018 14:0:54] /a 2
[12/11/2018 14:0:54] /a 2
[12/11/2018 14:0:54] /a 2
[12/11/2018 14:0:54] /a 2
[12/11/2018 14:0:54] /a 2
[12/11/2018 14:0:54] /a 2
[12/11/2018 14:0:54] /a 2
[12/11/2018 14:0:54] /a 2
[12/11/2018 14:0:54] /a 2
[12/11/2018 14:0:54] /a 2
[12/11/2018 14:0:55] /a 2
[12/11/2018 14:0:55] /a 2
[12/11/2018 14:0:55] /a 2
[12/11/2018 14:0:56] /a 2
[12/11/2018 14:0:56] /a 2
[12/11/2018 14:0:56] /a 2
[12/11/2018 14:0:57] /a 2
[12/11/2018 14:0:57] /a 2
[12/11/2018 14:0:58] /a 2
[12/11/2018 14:0:58] /a 2
[12/11/2018 14:0:58] /a 2
[12/11/2018 14:0:58] /a 2
[12/11/2018 14:0:58] /a 2
[12/11/2018 14:1:3] /c drive
[12/11/2018 14:3:48] /reload actions
[12/11/2018 14:4:2] /a 2
[12/11/2018 14:4:2] /a 2
[12/11/2018 14:4:2] /a 2
[12/11/2018 14:4:2] /a 2
[12/11/2018 14:4:3] /a 2
[12/11/2018 14:4:3] /a 2
[12/11/2018 14:4:3] /a 2
[12/11/2018 14:4:3] /a 2
[12/11/2018 14:4:3] /a 2
[12/11/2018 14:4:3] /a 2
[12/11/2018 14:4:3] /a 2
[12/11/2018 14:4:3] /a 2
[12/11/2018 14:4:3] /a 2
[12/11/2018 14:4:3] /a 2
[12/11/2018 14:4:3] /a 2
[12/11/2018 14:4:3] /a 2
[12/11/2018 14:4:3] /a 2
[12/11/2018 14:4:4] /a 2
[12/11/2018 14:4:4] /a 2
[12/11/2018 14:4:4] /a 2
[12/11/2018 14:4:4] /a 2
[12/11/2018 14:4:4] /a 2
[12/11/2018 14:4:4] /a 2
[12/11/2018 14:4:4] /a 2
[12/11/2018 14:4:4] /a 2
[12/11/2018 14:4:5] /a 2
[12/11/2018 14:4:5] /a 2
[12/11/2018 14:4:5] /a 2
[12/11/2018 14:4:5] /a 2
[12/11/2018 14:4:5] /a 2
[12/11/2018 14:4:6] /a 2
[12/11/2018 14:4:6] /a 2
[12/11/2018 14:4:6] /a 2
[12/11/2018 14:4:6] /a 2
[12/11/2018 14:4:7] /a 2
[12/11/2018 14:4:7] /a 2
[12/11/2018 14:4:7] /a 2
[12/11/2018 14:4:7] /a 2
[12/11/2018 14:4:8] /a 2
[12/11/2018 14:4:8] /a 2
[12/11/2018 14:4:8] /a 2
[12/11/2018 14:4:8] /a 2
[12/11/2018 14:4:9] /a 2
[12/11/2018 14:4:9] /a 2
[12/11/2018 14:4:9] /a 2
[12/11/2018 14:4:10] /a 2
[12/11/2018 14:4:10] /a 2
[12/11/2018 14:4:10] /a 2
[12/11/2018 14:4:10] /a 2
[12/11/2018 14:4:10] /a 2
[12/11/2018 14:4:11] /a 2
[12/11/2018 14:4:11] /a 2
[12/11/2018 14:4:11] /a 2
[12/11/2018 14:4:11] /a 2
[12/11/2018 14:4:11] /a 2
[12/11/2018 14:4:11] /a 2
[12/11/2018 14:4:11] /a 2
[12/11/2018 14:4:11] /a 2
[12/11/2018 14:4:11] /a 2
[12/11/2018 14:4:11] /a 2
[12/11/2018 14:4:12] /a 2
[12/11/2018 14:4:12] /a 2
[12/11/2018 14:4:12] /a 2
[12/11/2018 14:4:12] /a 2
[12/11/2018 14:4:12] /a 2
[12/11/2018 14:4:13] /a 2
[12/11/2018 14:4:13] /a 2
[12/11/2018 14:4:13] /a 2
[12/11/2018 14:4:13] /a 2
[12/11/2018 14:4:13] /a 2
[12/11/2018 14:4:13] /a 2
[12/11/2018 14:4:14] /a 2
[12/11/2018 14:4:14] /a 2
[12/11/2018 14:4:14] /a 2
[12/11/2018 14:4:59] /storage ., 125, 3
[12/11/2018 14:6:10] /a 2
[12/11/2018 14:6:10] /a 2
[12/11/2018 14:6:10] /a 2
[12/11/2018 14:6:11] /a 2
[12/11/2018 14:6:11] /a 2
[12/11/2018 14:6:11] /a 2
[12/11/2018 14:6:11] /a 2
[12/11/2018 14:6:11] /a 2
[12/11/2018 14:6:11] /a 2
[12/11/2018 14:6:11] /a 2
[12/11/2018 14:6:11] /a 2
[12/11/2018 14:6:11] /a 2
[12/11/2018 14:6:11] /a 2
[12/11/2018 14:6:11] /a 2
[12/11/2018 14:6:11] /a 2
[12/11/2018 14:6:11] /a 2
[12/11/2018 14:6:12] /a 2
[12/11/2018 14:6:12] /a 2
[12/11/2018 14:6:12] /a 2
[12/11/2018 14:6:12] /a 2
[12/11/2018 14:6:12] /a 2
[12/11/2018 14:6:12] /a 2
[12/11/2018 14:6:12] /a 2
[12/11/2018 14:6:12] /a 2
[12/11/2018 14:6:12] /a 2
[12/11/2018 14:6:12] /a 2
[12/11/2018 14:6:12] /a 2
[12/11/2018 14:6:12] /a 2
[12/11/2018 14:6:13] /a 2
[12/11/2018 14:6:13] /a 2
[12/11/2018 14:6:13] /a 2
[12/11/2018 14:6:13] /a 2
[12/11/2018 14:6:13] /a 2
[12/11/2018 14:6:13] /a 2
[12/11/2018 14:6:13] /a 2
[12/11/2018 14:6:14] /a 2
[12/11/2018 14:6:14] /a 2
[12/11/2018 14:6:14] /a 2
[12/11/2018 14:6:14] /a 2
[12/11/2018 14:6:14] /a 2
[12/11/2018 14:6:14] /a 2
[12/11/2018 14:6:14] /a 2
[12/11/2018 14:6:14] /a 2
[12/11/2018 14:6:14] /a 2
[12/11/2018 14:6:14] /a 2
[12/11/2018 14:6:14] /a 2
[12/11/2018 14:6:14] /a 2
[12/11/2018 14:6:14] /a 2
[12/11/2018 14:6:14] /a 2
[12/11/2018 14:6:14] /a 2
[12/11/2018 14:6:15] /a 2
[12/11/2018 14:6:15] /a 2
[12/11/2018 14:6:15] /a 2
[12/11/2018 14:6:15] /a 2
[12/11/2018 14:6:15] /a 2
[12/11/2018 14:6:15] /a 2
[12/11/2018 14:6:15] /a 2
[12/11/2018 14:6:15] /a 2
[12/11/2018 14:6:15] /a 2
[12/11/2018 14:6:15] /a 2
[12/11/2018 14:6:15] /a 2
[12/11/2018 14:6:15] /a 2
[12/11/2018 14:6:16] /a 2
[12/11/2018 14:6:16] /a 2
[12/11/2018 14:6:16] /a 2
[12/11/2018 14:6:16] /a 2
[12/11/2018 14:6:16] /a 2
[12/11/2018 14:6:16] /a 2
[12/11/2018 14:6:23] /a 2
[12/11/2018 14:6:24] /a 2
[12/11/2018 14:6:24] /a 2
[12/11/2018 14:6:24] /a 2
[12/11/2018 14:6:24] /a 2
[12/11/2018 14:6:24] /a 2
[12/11/2018 14:6:24] /a 2
[12/11/2018 14:6:24] /a 2
[12/11/2018 14:6:24] /a 2
[12/11/2018 14:6:25] /a 2
[12/11/2018 14:6:25] /a 2
[12/11/2018 14:6:25] /a 2
[12/11/2018 14:6:25] /a 2
[12/11/2018 14:6:25] /a 2
[12/11/2018 14:6:25] /a 2
[12/11/2018 14:6:25] /a 2
[12/11/2018 14:6:25] /a 2
[12/11/2018 14:6:25] /a 2
[12/11/2018 14:6:25] /a 2
[12/11/2018 14:6:25] /a 2
[12/11/2018 14:6:25] /a 2
[12/11/2018 14:6:26] /a 2
[12/11/2018 14:6:26] /a 2
[12/11/2018 14:6:26] /a 2
[12/11/2018 14:6:26] /a 2
[12/11/2018 14:6:26] /a 2
[12/11/2018 14:6:26] /a 2
[12/11/2018 14:6:26] /a 2
[12/11/2018 14:6:26] /a 2
[12/11/2018 14:6:26] /a 2
[12/11/2018 14:6:26] /a 2
[12/11/2018 14:6:26] /a 2
[12/11/2018 14:6:26] /a 2
[12/11/2018 14:6:26] /a 2
[12/11/2018 14:6:26] /a 2
[12/11/2018 14:6:26] /a 2
[12/11/2018 14:6:27] /a 2
[12/11/2018 14:6:27] /a 2
[12/11/2018 14:6:27] /a 2
[12/11/2018 14:6:27] /a 2
[12/11/2018 14:6:28] /a 2
[12/11/2018 14:6:28] /a 2
[12/11/2018 14:6:28] /a 2
[12/11/2018 14:6:28] /a 2
[12/11/2018 14:6:28] /a 2
[12/11/2018 14:6:28] /a 2
[12/11/2018 14:6:29] /a 2
[12/11/2018 14:6:29] /a 2
[12/11/2018 14:6:29] /a 2
[12/11/2018 14:6:29] /a 2
[12/11/2018 14:6:29] /a 2
[12/11/2018 14:6:29] /a 2
[12/11/2018 14:6:29] /a 2
[12/11/2018 14:6:29] /a 2
[12/11/2018 14:6:29] /a 2
[12/11/2018 14:6:29] /a 2
[12/11/2018 14:6:30] /a 2
[12/11/2018 14:6:30] /a 2
[12/11/2018 14:6:30] /a 2
[12/11/2018 14:6:31] /a 2
[12/11/2018 14:6:31] /a 2
[12/11/2018 14:6:31] /a 2
[12/11/2018 14:6:32] /a 2
[12/11/2018 14:6:32] /a 2
[12/11/2018 14:6:32] /a 2
[12/11/2018 14:6:32] /a 2
[12/11/2018 14:6:32] /a 2
[12/11/2018 14:6:43] /a 2
[12/11/2018 14:6:43] /a 2
[12/11/2018 14:6:43] /a 2
[12/11/2018 14:6:43] /a 2
[12/11/2018 14:6:43] /a 2
[12/11/2018 14:6:43] /a 2
[12/11/2018 14:6:43] /a 2
[12/11/2018 14:6:43] /a 2
[12/11/2018 14:6:44] /a 2
[12/11/2018 14:6:44] /a 2
[12/11/2018 14:6:44] /a 2
[12/11/2018 14:6:44] /a 2
[12/11/2018 14:6:44] /a 2
[12/11/2018 14:6:44] /a 2
[12/11/2018 14:6:44] /a 2
[12/11/2018 14:6:44] /a 2
[12/11/2018 14:6:44] /a 2
[12/11/2018 14:6:44] /a 2
[12/11/2018 14:6:44] /a 2
[12/11/2018 14:6:45] /a 2
[12/11/2018 14:6:45] /a 2
[12/11/2018 14:6:45] /a 2
[12/11/2018 14:6:45] /a 2
[12/11/2018 14:6:45] /a 2
[12/11/2018 14:6:45] /a 2
[12/11/2018 14:6:45] /a 2
[12/11/2018 14:6:45] /a 2
[12/11/2018 14:6:45] /a 2
[12/11/2018 14:6:45] /a 2
[12/11/2018 14:6:45] /a 2
[12/11/2018 14:6:45] /a 2
[12/11/2018 14:6:45] /a 2
[12/11/2018 14:6:45] /a 2
[12/11/2018 14:6:45] /a 2
[12/11/2018 14:6:46] /a 2
[12/11/2018 14:6:46] /a 2
[12/11/2018 14:6:46] /a 2
[12/11/2018 14:6:46] /a 2
[12/11/2018 14:6:46] /a 2
[12/11/2018 14:6:46] /a 2
[12/11/2018 14:6:46] /a 2
[12/11/2018 14:6:46] /a 2
[12/11/2018 14:6:46] /a 2
[12/11/2018 14:6:46] /a 2
[12/11/2018 14:6:46] /a 2
[12/11/2018 14:6:46] /a 2
[12/11/2018 14:6:46] /a 2
[12/11/2018 14:6:46] /a 2
[12/11/2018 14:6:46] /a 2
[12/11/2018 14:6:46] /a 2
[12/11/2018 14:6:46] /a 2
[12/11/2018 14:6:47] /a 2
[12/11/2018 14:6:47] /a 2
[12/11/2018 14:6:47] /a 2
[12/11/2018 14:6:47] /a 2
[12/11/2018 14:6:47] /a 2
[12/11/2018 14:6:48] /a 2
[12/11/2018 14:6:48] /a 2
[12/11/2018 14:6:48] /a 2
[12/11/2018 14:6:49] /a 2
[12/11/2018 14:6:49] /a 2
[12/11/2018 14:6:49] /a 2
[12/11/2018 14:6:49] /a 2
[12/11/2018 14:6:49] /a 2
[12/11/2018 14:6:49] /a 2
[12/11/2018 14:6:49] /a 2
[12/11/2018 14:6:49] /a 2
[12/11/2018 14:6:49] /a 2
[12/11/2018 14:6:49] /a 2
[12/11/2018 14:6:49] /a 2
[12/11/2018 14:6:49] /a 2
[12/11/2018 14:6:49] /a 2
[12/11/2018 14:6:50] /a 2
[12/11/2018 14:6:50] /a 2
[12/11/2018 14:6:50] /a 2
[12/11/2018 14:6:50] /a 2
[12/11/2018 14:8:16] /reload creaturescripts
[12/11/2018 14:10:35] /storage drive,125,0
[12/11/2018 14:21:35] /reload globalevents
[12/11/2018 14:36:54] /reload creaturescripts
[12/11/2018 14:37:14] /storage drive,125,1
[12/11/2018 14:38:15] /reload globalevents
[12/11/2018 14:44:7] /c drive
[12/11/2018 14:48:36] /reload globalevents
[12/11/2018 14:53:31] /goto drive
[12/11/2018 14:53:36] /c biosil
[12/11/2018 14:54:17] /reload globalevents]
[12/11/2018 14:54:25] /reload creaturescripts
[12/11/2018 14:55:17] /c drive
[12/11/2018 14:55:29] /m exterminador
[12/11/2018 14:55:37] /r
[12/11/2018 14:57:20] /c drive
[12/11/2018 15:19:4] /t Drive
[12/11/2018 15:28:20] /reload creaturescripts
[12/11/2018 15:28:30] /reload movements
[12/11/2018 15:28:54] /reload globalevents
[12/11/2018 15:29:30] /reload globalevents
[12/11/2018 15:33:5] /reload movements
[12/11/2018 15:34:16] /reload movements
[12/11/2018 15:34:49] /reload globalevents
[12/11/2018 15:35:51] /t
[12/11/2018 15:37:16] /goto drive
[12/11/2018 15:37:24] /c biosil
[12/11/2018 15:42:5] /reload creaturescripts
[12/11/2018 15:42:24] /t drive
[12/11/2018 15:42:48] /reload globalevents
[12/11/2018 15:50:43] /reload creaturescripts
[12/11/2018 15:50:53] /t drive
[12/11/2018 15:51:18] /reload globalevents
[12/11/2018 15:52:6] /t
[12/11/2018 16:12:51] /reload globalevents
[12/11/2018 16:13:10] /t drive
[12/11/2018 16:16:2] /reload creaturescripts
[12/11/2018 16:23:52] /reload creaturescripts
[12/11/2018 16:24:4] /t drive
[12/11/2018 16:25:4] /reload globalevents
[12/11/2018 16:32:7] /reload creaturescripts
[12/11/2018 16:32:13] /t drive
[12/11/2018 16:32:39] /reload globalevents
[12/11/2018 16:49:3] /t drive
[12/11/2018 16:49:31] /reload creaturescripts
[12/11/2018 16:49:41] /reload globalevents
[12/11/2018 16:53:0] /t drive
[12/11/2018 16:53:26] /reload globalevents
[12/11/2018 16:58:23] /reload creaturescripts
[12/11/2018 16:58:53] /reload globalevents
[12/11/2018 16:59:4] /t drive
[12/11/2018 17:6:30] /reload npc
[12/11/2018 17:9:14] /reload npc
[12/11/2018 17:16:56] /reload npc
[12/11/2018 17:17:29] /storage drive,77,1000000
[12/11/2018 17:21:9] /reload npc
[12/11/2018 17:23:5] /reload npc
[12/11/2018 17:24:50] /reload npc]
[12/11/2018 17:30:38] /reload npc]
[12/11/2018 17:37:21] /reload npc
[12/11/2018 17:38:46] /i 2155
[12/11/2018 17:39:17] /reload npc
[12/11/2018 17:39:49] /reload npc
[12/11/2018 17:41:40] /reload npc
[12/11/2018 17:42:57] /reload npc
[12/11/2018 19:30:25] /clean
[12/11/2018 19:32:3] /m draug angel
[12/11/2018 19:32:30] /r
[12/11/2018 19:32:35] /m frozen angel
[12/11/2018 19:32:43] /r
[12/11/2018 19:32:49] /m apocalypse
[12/11/2018 19:33:3] /m vixens
[12/11/2018 19:33:56] /r
[12/11/2018 19:34:23] /r
[13/11/2018 11:54:2] /i 6541
[13/11/2018 11:54:25] /m exterminador
[13/11/2018 11:54:44] /i 2143
[13/11/2018 11:56:36] /m draug angel
[13/11/2018 11:57:29] /ghost
[13/11/2018 11:58:10] /reload creaturescripts
[13/11/2018 11:58:19] /r
[13/11/2018 11:58:26] /r
[13/11/2018 11:58:35] /r
[13/11/2018 11:58:45] /r
[13/11/2018 11:58:48] /r
[13/11/2018 11:59:2] /a 2
[13/11/2018 11:59:3] /a 2
[13/11/2018 11:59:3] /a 2
[13/11/2018 11:59:3] /a 2
[13/11/2018 11:59:4] /a 2
[13/11/2018 11:59:4] /a 2
[13/11/2018 11:59:4] /a 2
[13/11/2018 11:59:4] /a 2
[13/11/2018 11:59:4] /a 2
[13/11/2018 11:59:4] /a 2
[13/11/2018 11:59:4] /a 2
[13/11/2018 11:59:4] /a 2
[13/11/2018 11:59:4] /a 2
[13/11/2018 11:59:4] /a 2
[13/11/2018 11:59:4] /a 2
[13/11/2018 11:59:4] /a 2
[13/11/2018 11:59:4] /a 2
[13/11/2018 11:59:4] /a 2
[13/11/2018 11:59:4] /a 2
[13/11/2018 11:59:4] /a 2
[13/11/2018 11:59:5] /a 2
[13/11/2018 11:59:5] /a 2
[13/11/2018 11:59:5] /a 2
[13/11/2018 11:59:5] /a 2
[13/11/2018 11:59:5] /a 2
[13/11/2018 11:59:5] /a 2
[13/11/2018 11:59:5] /a 2
[13/11/2018 11:59:5] /a 2
[13/11/2018 11:59:5] /a 2
[13/11/2018 11:59:5] /a 2
[13/11/2018 11:59:6] /a 2
[13/11/2018 11:59:6] /a 2
[13/11/2018 11:59:6] /a 2
[13/11/2018 11:59:6] /a 2
[13/11/2018 11:59:6] /a 2
[13/11/2018 11:59:6] /a 2
[13/11/2018 11:59:6] /a 2
[13/11/2018 11:59:6] /a 2
[13/11/2018 11:59:7] /a 2
[13/11/2018 11:59:7] /a 2
[13/11/2018 11:59:9] /a 2
[13/11/2018 11:59:11] /a 2
[13/11/2018 11:59:11] /a 2
[13/11/2018 11:59:12] /a 2
[13/11/2018 11:59:12] /a 2
[13/11/2018 11:59:12] /a 2
[13/11/2018 11:59:15] /a 2
[13/11/2018 11:59:16] /a 2
[13/11/2018 12:0:13] /m anihillion
[13/11/2018 12:0:23] /m anihillation
[13/11/2018 12:0:41] /i 5801
[13/11/2018 12:0:46] /i 7410
[13/11/2018 12:2:36] /i 1990
[13/11/2018 12:3:48] /i 8110
[13/11/2018 12:3:57] /i 2159
[13/11/2018 12:5:5] /t
[13/11/2018 12:5:9] /a 2
[13/11/2018 12:5:10] /a 2
[13/11/2018 12:5:10] /a 2
[13/11/2018 12:5:11] /a 2
[13/11/2018 12:5:11] /a 2
[13/11/2018 12:5:11] /a 2
[13/11/2018 12:5:11] /a 2
[13/11/2018 12:5:11] /a 2
[13/11/2018 12:5:11] /a 2
[13/11/2018 12:5:11] /a 2
[13/11/2018 12:5:11] /a 2
[13/11/2018 12:5:11] /a 2
[13/11/2018 12:5:12] /a 2
[13/11/2018 12:5:12] /a 2
[13/11/2018 12:5:12] /a 2
[13/11/2018 12:5:12] /a 2
[13/11/2018 12:5:12] /a 2
[13/11/2018 12:5:12] /a 2
[13/11/2018 12:5:12] /a 2
[13/11/2018 12:5:12] /a 2
[13/11/2018 12:5:12] /a 2
[13/11/2018 12:5:12] /a 2
[13/11/2018 12:5:12] /a 2
[13/11/2018 12:5:12] /a 2
[13/11/2018 12:5:12] /a 2
[13/11/2018 12:5:12] /a 2
[13/11/2018 12:5:12] /a 2
[13/11/2018 12:5:13] /a 2
[13/11/2018 12:5:13] /a 2
[13/11/2018 12:5:13] /a 2
[13/11/2018 12:5:13] /a 2
[13/11/2018 12:5:14] /a 2
[13/11/2018 12:5:14] /a 2
[13/11/2018 12:5:14] /a 2
[13/11/2018 12:5:14] /a 2
[13/11/2018 12:5:14] /a 2
[13/11/2018 12:5:14] /a 2
[13/11/2018 12:5:14] /a 2
[13/11/2018 12:5:14] /a 2
[13/11/2018 12:5:14] /a 2
[13/11/2018 12:5:14] /a 2
[13/11/2018 12:5:14] /a 2
[13/11/2018 12:5:14] /a 2
[13/11/2018 12:5:14] /a 2
[13/11/2018 12:5:14] /a 2
[13/11/2018 12:5:14] /a 2
[13/11/2018 12:5:14] /a 2
[13/11/2018 12:5:14] /a 2
[13/11/2018 12:5:15] /a 2
[13/11/2018 12:5:15] /a 2
[13/11/2018 12:5:15] /a 2
[13/11/2018 12:5:15] /a 2
[13/11/2018 12:5:15] /a 2
[13/11/2018 12:5:16] /a 2
[13/11/2018 12:5:16] /a 2
[13/11/2018 12:5:16] /a 2
[13/11/2018 12:5:16] /a 2
[13/11/2018 12:5:16] /a 2
[13/11/2018 12:5:16] /a 2
[13/11/2018 12:5:16] /a 2
[13/11/2018 12:5:16] /a 2
[13/11/2018 12:5:16] /a 2
[13/11/2018 12:5:16] /a 2
[13/11/2018 12:5:16] /a 2
[13/11/2018 12:5:16] /a 2
[13/11/2018 12:5:16] /a 2
[13/11/2018 12:5:16] /a 2
[13/11/2018 12:5:16] /a 2
[13/11/2018 12:5:16] /a 2
[13/11/2018 12:5:16] /a 2
[13/11/2018 12:5:16] /a 2
[13/11/2018 12:5:16] /a 2
[13/11/2018 12:5:16] /a 2
[13/11/2018 12:5:17] /a 2
[13/11/2018 12:5:17] /a 2
[13/11/2018 12:5:17] /a 2
[13/11/2018 12:5:17] /a 2
[13/11/2018 12:5:17] /a 2
[13/11/2018 12:5:17] /a 2
[13/11/2018 12:5:17] /a 2
[13/11/2018 12:5:17] /a 2
[13/11/2018 12:5:17] /a 2
[13/11/2018 12:5:17] /a 2
[13/11/2018 12:5:17] /a 2
[13/11/2018 12:5:17] /a 2
[13/11/2018 12:5:17] /a 2
[13/11/2018 12:5:17] /a 2
[13/11/2018 12:5:17] /a 2
[13/11/2018 12:5:17] /a 2
[13/11/2018 12:5:17] /a 2
[13/11/2018 12:5:17] /a 2
[13/11/2018 12:5:17] /a 2
[13/11/2018 12:5:17] /a 2
[13/11/2018 12:5:17] /a 2
[13/11/2018 12:5:17] /a 2
[13/11/2018 12:5:18] /a 2
[13/11/2018 12:5:18] /a 2
[13/11/2018 12:5:18] /a 2
[13/11/2018 12:5:18] /a 2
[13/11/2018 12:5:18] /a 2
[13/11/2018 12:5:18] /a 2
[13/11/2018 12:5:18] /a 2
[13/11/2018 12:5:18] /a 2
[13/11/2018 12:5:18] /a 2
[13/11/2018 12:5:18] /a 2
[13/11/2018 12:5:18] /a 2
[13/11/2018 12:5:18] /a 2
[13/11/2018 12:5:18] /a 2
[13/11/2018 12:5:18] /a 2
[13/11/2018 12:5:18] /a 2
[13/11/2018 12:5:18] /a 2
[13/11/2018 12:5:18] /a 2
[13/11/2018 12:5:18] /a 2
[13/11/2018 12:5:18] /a 2
[13/11/2018 12:5:18] /a 2
[13/11/2018 12:5:18] /a 2
[13/11/2018 12:5:19] /a 2
[13/11/2018 12:5:19] /a 2
[13/11/2018 12:5:19] /a 2
[13/11/2018 12:5:19] /a 2
[13/11/2018 12:5:19] /a 2
[13/11/2018 12:5:19] /a 2
[13/11/2018 12:5:19] /a 2
[13/11/2018 12:5:19] /a 2
[13/11/2018 12:5:20] /a 2
[13/11/2018 12:5:20] /a 2
[13/11/2018 12:5:20] /a 2
[13/11/2018 12:5:21] /a 2
[13/11/2018 12:5:21] /a 2
[13/11/2018 12:5:24] /a 2
[13/11/2018 12:5:24] /a 2
[13/11/2018 12:5:24] /a 2
[13/11/2018 12:5:24] /a 2
[13/11/2018 12:5:24] /a 2
[13/11/2018 12:5:24] /a 2
[13/11/2018 12:5:25] /a 2
[13/11/2018 12:5:25] /a 2
[13/11/2018 12:5:25] /a 2
[13/11/2018 12:5:25] /a 2
[13/11/2018 12:5:25] /a 2
[13/11/2018 12:5:26] /a 2
[13/11/2018 12:5:26] /a 2
[13/11/2018 12:5:26] /a 2
[13/11/2018 12:5:26] /a 2
[13/11/2018 12:5:26] /a 2
[13/11/2018 12:5:26] /a 2
[13/11/2018 12:5:26] /a 2
[13/11/2018 12:5:26] /a 2
[13/11/2018 12:5:26] /a 2
[13/11/2018 12:5:26] /a 2
[13/11/2018 12:5:26] /a 2
[13/11/2018 12:5:26] /a 2
[13/11/2018 12:5:26] /a 2
[13/11/2018 12:5:26] /a 2
[13/11/2018 12:5:26] /a 2
[13/11/2018 12:5:26] /a 2
[13/11/2018 12:5:27] /a 2
[13/11/2018 12:5:27] /a 2
[13/11/2018 12:5:27] /a 2
[13/11/2018 12:5:28] /a 2
[13/11/2018 12:5:28] /a 2
[13/11/2018 12:5:28] /a 2
[13/11/2018 12:5:29] /a 2
[13/11/2018 12:5:29] /a 2
[13/11/2018 12:5:31] /a 2
[13/11/2018 12:5:31] /a 2
[13/11/2018 12:5:31] /a 2
[13/11/2018 12:5:32] /a 2
[13/11/2018 12:5:32] /a 2
[13/11/2018 12:5:32] /a 2
[13/11/2018 12:5:32] /a 2
[13/11/2018 12:5:32] /a 2
[13/11/2018 12:5:32] /a 2
[13/11/2018 12:5:32] /a 2
[13/11/2018 12:5:32] /a 2
[13/11/2018 12:5:32] /a 2
[13/11/2018 12:5:32] /a 2
[13/11/2018 12:5:32] /a 2
[13/11/2018 12:5:32] /a 2
[13/11/2018 12:5:32] /a 2
[13/11/2018 12:5:32] /a 2
[13/11/2018 12:5:32] /a 2
[13/11/2018 12:5:32] /a 2
[13/11/2018 12:5:32] /a 2
[13/11/2018 12:5:32] /a 2
[13/11/2018 12:5:33] /a 2
[13/11/2018 12:5:33] /a 2
[13/11/2018 12:5:33] /a 2
[13/11/2018 12:5:33] /a 2
[13/11/2018 12:5:33] /a 2
[13/11/2018 12:5:33] /a 2
[13/11/2018 12:5:34] /a 2
[13/11/2018 12:5:34] /a 2
[13/11/2018 12:5:35] /a 2
[13/11/2018 12:5:35] /a 2
[13/11/2018 12:5:35] /a 2
[13/11/2018 12:5:35] /a 2
[13/11/2018 12:5:35] /a 2
[13/11/2018 12:5:36] /a 2
[13/11/2018 12:5:36] /a 2
[13/11/2018 12:5:36] /a 2
[13/11/2018 12:5:36] /a 2
[13/11/2018 12:5:36] /a 2
[13/11/2018 12:5:37] /a 2
[13/11/2018 12:5:37] /a 2
[13/11/2018 12:5:38] /a 2
[13/11/2018 12:5:38] /a 2
[13/11/2018 12:5:38] /a 2
[13/11/2018 12:5:38] /a 2
[13/11/2018 12:5:38] /a 2
[13/11/2018 12:5:38] /a 2
[13/11/2018 12:5:38] /a 2
[13/11/2018 12:5:38] /a 2
[13/11/2018 12:5:38] /a 2
[13/11/2018 12:5:38] /a 2
[13/11/2018 12:5:38] /a 2
[13/11/2018 12:5:38] /a 2
[13/11/2018 12:5:38] /a 2
[13/11/2018 12:5:38] /a 2
[13/11/2018 12:5:39] /a 2
[13/11/2018 12:5:39] /a 2
[13/11/2018 12:5:39] /a 2
[13/11/2018 12:5:39] /a 2
[13/11/2018 12:5:39] /a 2
[13/11/2018 12:5:39] /a 2
[13/11/2018 12:7:33] /i 12587
[13/11/2018 12:7:41] /i 2145
[13/11/2018 12:8:0] /i 2138
[13/11/2018 12:8:5] /i 6132
[13/11/2018 12:8:12] /i 2124
[13/11/2018 12:8:27] /i 7735
[13/11/2018 12:8:33] /i 2433
[13/11/2018 12:8:39] /i 7424
[13/11/2018 12:9:40] /i 2155
[13/11/2018 12:9:41] /i 2155
[13/11/2018 12:9:42] /i 2155
[13/11/2018 12:9:43] /i 2155
[13/11/2018 12:9:47] /t
[13/11/2018 12:12:6] /i 21111
[13/11/2018 12:12:14] /i 2111
[13/11/2018 12:14:29] /m troll
[13/11/2018 12:15:4] /i 2143
[13/11/2018 12:15:8] /i 2145
[13/11/2018 12:15:12] /i 2155
[13/11/2018 12:15:16] /i 2163
[13/11/2018 12:15:25] /goto italo
[13/11/2018 12:15:33] /t
[13/11/2018 12:15:36] /i 2150
[13/11/2018 12:21:6] /m troll
[13/11/2018 12:21:28] /i 2150
[13/11/2018 12:27:37] /reload globalevents
[13/11/2018 12:39:56] /reload creaturescripts
[13/11/2018 12:40:21] /t biosil
[13/11/2018 12:40:27] /goto drive
[13/11/2018 12:40:33] /c biosil
[13/11/2018 12:40:50] /t biosil
[13/11/2018 12:41:6] /c biosil
[13/11/2018 12:41:32] /m agorak
[13/11/2018 12:48:28] /t biosil
[13/11/2018 12:53:29] /t
[13/11/2018 12:53:34] /m morgaroth
[13/11/2018 12:54:30] /t
[13/11/2018 12:54:34] /r
[13/11/2018 13:7:42] /a 2
[13/11/2018 13:7:42] /a 2
[13/11/2018 13:7:42] /a 2
[13/11/2018 13:7:43] /a 2
[13/11/2018 13:7:43] /a 2
[13/11/2018 13:7:43] /a 2
[13/11/2018 13:7:43] /a 2
[13/11/2018 13:7:43] /a 2
[13/11/2018 13:7:43] /a 2
[13/11/2018 13:7:43] /a 2
[13/11/2018 13:7:44] /a 2
[13/11/2018 13:7:44] /a 2
[13/11/2018 13:7:44] /a 2
[13/11/2018 13:7:44] /a 2
[13/11/2018 13:7:44] /a 2
[13/11/2018 13:7:44] /a 2
[13/11/2018 13:7:44] /a 2
[13/11/2018 13:7:44] /a 2
[13/11/2018 13:7:45] /a 2
[13/11/2018 13:7:45] /a 2
[13/11/2018 13:7:45] /a 2
[13/11/2018 13:7:45] /a 2
[13/11/2018 13:18:57] /reload creaturescripts
[13/11/2018 13:19:18] /r
[13/11/2018 13:19:21] /r
[13/11/2018 13:19:22] /r
[13/11/2018 13:19:24] /r
[13/11/2018 13:19:51] /m agorak
[13/11/2018 13:21:3] /reload creaturescripts
[13/11/2018 13:21:58] /reload creaturescripts
[13/11/2018 13:23:0] /reload creaturescripts
[13/11/2018 13:25:58] /reload creaturescripts
[13/11/2018 13:26:6] /r
[13/11/2018 13:26:26] /c drive
[13/11/2018 13:26:52] /r
[13/11/2018 13:26:54] /r
[13/11/2018 13:27:23] /t drive
[13/11/2018 13:28:0] /reload creaturescripts
[13/11/2018 13:28:56] /c drive
[13/11/2018 13:29:6] /m agorak
[13/11/2018 13:30:17] /t drive
[13/11/2018 13:30:26] /t
[13/11/2018 13:30:31] /t
[13/11/2018 13:30:36] /r
[13/11/2018 13:30:50] /a 2
[13/11/2018 13:30:50] /a 2
[13/11/2018 13:30:50] /a 2
[13/11/2018 13:30:50] /a 2
[13/11/2018 13:30:50] /a 2
[13/11/2018 13:30:51] /a 2
[13/11/2018 13:30:51] /a 2
[13/11/2018 13:30:51] /a 2
[13/11/2018 13:30:51] /a 2
[13/11/2018 13:30:52] /a 2
[13/11/2018 13:30:52] /a 2
[13/11/2018 13:30:52] /a 2
[13/11/2018 13:30:52] /a 2
[13/11/2018 13:30:52] /a 2
[13/11/2018 13:30:52] /a 2
[13/11/2018 13:30:52] /a 2
[13/11/2018 13:30:52] /a 2
[13/11/2018 13:30:52] /a 2
[13/11/2018 13:30:52] /a 2
[13/11/2018 13:30:53] /a 2
[13/11/2018 13:30:53] /a 2
[13/11/2018 13:30:53] /a 2
[13/11/2018 13:30:53] /a 2
[13/11/2018 13:30:53] /a 2
[13/11/2018 13:30:53] /a 2
[13/11/2018 13:30:53] /a 2
[13/11/2018 13:30:53] /a 2
[13/11/2018 13:30:53] /a 2
[13/11/2018 13:30:54] /a 2
[13/11/2018 13:30:54] /a 2
[13/11/2018 13:30:54] /a 2
[13/11/2018 13:30:54] /a 2
[13/11/2018 13:30:54] /a 2
[13/11/2018 13:30:54] /a 2
[13/11/2018 13:30:54] /a 2
[13/11/2018 13:30:54] /a 2
[13/11/2018 13:30:54] /a 2
[13/11/2018 13:30:54] /a 2
[13/11/2018 13:30:54] /a 2
[13/11/2018 13:30:54] /a 2
[13/11/2018 13:30:54] /a 2
[13/11/2018 13:30:55] /a 2
[13/11/2018 13:30:56] /a 2
[13/11/2018 13:30:56] /a 2
[13/11/2018 13:30:56] /a 2
[13/11/2018 13:30:56] /a 2
[13/11/2018 13:30:56] /a 2
[13/11/2018 13:33:30] /reload creaturescripts
[13/11/2018 13:36:0] /t
[13/11/2018 15:45:25] /storage biosil,3920,1
[13/11/2018 15:45:38] /storage Drive,3920,1
[13/11/2018 16:11:25] /m troll
[13/11/2018 16:11:42] /i 8925
[13/11/2018 16:19:31] /ghost
[13/11/2018 16:20:5] /c biosil
[13/11/2018 16:23:38] /t
[13/11/2018 16:23:45] /r
[13/11/2018 16:25:5] /clean
[13/11/2018 16:29:24] /up
[13/11/2018 16:58:57] /reload globalevents
[13/11/2018 16:59:10] /t drive
[13/11/2018 16:59:13] /t biosil
[13/11/2018 16:59:31] /goto biosil
[13/11/2018 17:3:32] /reload globalevents
[13/11/2018 17:9:9] /reload creaturescripts
[13/11/2018 17:9:19] /goto biosil
[13/11/2018 17:9:38] /m gorgo
[13/11/2018 17:13:56] /clean
