[25/04/2017 11:58:16] /t
[25/04/2017 11:58:34] /closeserver
[25/04/2017 11:58:38] /save
[23/12/2018 17:57:50] /closeserver
[23/12/2018 17:58:7] /i 5801
[23/12/2018 17:58:14] /i 2159
[23/12/2018 17:58:15] /i 2159
[23/12/2018 17:58:36] /t
[23/12/2018 18:25:50] /openserver
[23/12/2018 19:7:35] /goto pao recheado
[23/12/2018 19:26:2] /m troll
[23/12/2018 19:26:13] /i 2767
[23/12/2018 19:26:17] /i 2767
[23/12/2018 19:26:27] /i 8931
[23/12/2018 19:28:9] /t
[23/12/2018 19:28:17] /goto Momo Yaoyorozu
[23/12/2018 19:29:20] /r
[23/12/2018 19:29:21] /r
[23/12/2018 19:29:23] /r
[23/12/2018 19:33:15] /storage ADM Onlyone,77,100
[23/12/2018 19:35:39] /r
[23/12/2018 19:35:45] /r
[23/12/2018 19:36:54] /reload globalevents
[23/12/2018 19:37:18] /r
[23/12/2018 19:37:34] /t Pao Recheado
[23/12/2018 19:37:36] /t
[23/12/2018 19:38:9] /t Momo Yaoyorozu
[23/12/2018 19:38:12] /r
[23/12/2018 19:38:21] /ghost
[23/12/2018 19:55:21] /r
[23/12/2018 20:1:11] /newtype 75
[23/12/2018 20:1:15] /ghost
[23/12/2018 20:1:22] /newtype 100
[23/12/2018 20:3:19] /goto italo
[23/12/2018 20:3:50] /storage ADM Onlyone,77,1000
[23/12/2018 20:4:1] /t
[23/12/2018 20:4:29] /i 5801
[23/12/2018 20:4:34] /i 2152
[23/12/2018 20:4:38] /i 2145
[23/12/2018 20:4:51] /i 7366
[23/12/2018 20:4:55] /i 7633
[23/12/2018 20:4:58] /i 7632
[23/12/2018 20:5:38] /m ghazbaran
[23/12/2018 20:6:11] /addskill Pao Recheado,level,30
[23/12/2018 20:6:19] /addskill Pao Recheado,level,10
[23/12/2018 20:7:24] /r
[23/12/2018 20:7:28] /m ferumbras
[23/12/2018 20:7:41] /addskill Pao Recheado,level,5
[23/12/2018 20:7:55] /i 7410
[23/12/2018 20:9:3] /m exterminator
[23/12/2018 20:9:47] /attr group 5
[23/12/2018 20:9:49] /r
[23/12/2018 20:9:57] /goto bazir
[23/12/2018 20:10:4] /c Pao Recheado
[23/12/2018 20:10:30] /c Pao Recheado
[23/12/2018 20:11:7] /c Pao Recheado
[23/12/2018 20:13:4] /i 8931
[23/12/2018 20:15:29] /a 20
[23/12/2018 20:15:38] /c Pao Recheado
[23/12/2018 20:16:42] /addskill Pao Recheado,level,200
[23/12/2018 20:16:53] /addskill ADM Onlyone,level,200
[23/12/2018 20:17:38] /m exterminator
[23/12/2018 20:17:42] /r
[23/12/2018 20:18:21] /r
[23/12/2018 20:18:40] /i 2155
[23/12/2018 20:18:47] /c dom pepe
[23/12/2018 20:19:3] /goto italo
[23/12/2018 20:19:12] /goto dom pepe
[23/12/2018 20:19:14] /i 2150
[23/12/2018 20:19:45] /i 732
[23/12/2018 20:19:49] /i 7632
[23/12/2018 20:19:51] /i 7632
[23/12/2018 20:19:52] /i 7632
[23/12/2018 20:20:43] /m crusherus
