[14/5/2022 17:39:21] /addskill Necrophary,level,10
[14/5/2022 17:39:31] /m demon
[14/5/2022 17:42:19] /reload creaturescripts
[14/5/2022 17:50:14] /reload creaturescripts
[14/5/2022 17:50:46] /m demon
[14/5/2022 17:51:25] /reload creaturescripts
[14/5/2022 17:52:43] /r
[14/5/2022 17:52:45] /r
[14/5/2022 17:52:53] /m orshaball
[14/5/2022 17:52:56] /m orshabaal
[14/5/2022 17:53:36] /shutdown
[14/5/2022 17:54:6] /m demon
[14/5/2022 17:56:33] /reload creaturescripts
[14/5/2022 17:57:48] /addskill Necrophary,level, 20
[14/5/2022 18:4:23] /reload monsters
[14/5/2022 18:8:58] /reload monsters
[14/5/2022 18:9:54] /reload monsters
[14/5/2022 18:12:55] /reload monsters
[14/5/2022 18:14:52] /goto poklo
[14/5/2022 18:17:51] /t
[14/5/2022 19:7:10] /m demon
[14/5/2022 19:47:0] /m rat
[14/5/2022 19:47:29] /m rat
[14/5/2022 19:47:30] /m rat
[14/5/2022 19:47:30] /m rat
[14/5/2022 19:47:31] /m rat
[14/5/2022 19:47:31] /m rat
[14/5/2022 19:47:32] /m rat
[14/5/2022 19:47:32] /m rat
[14/5/2022 19:47:33] /m rat
[14/5/2022 19:47:33] /m rat
[14/5/2022 19:47:33] /m rat
[14/5/2022 19:47:34] /m rat
[14/5/2022 19:47:34] /m rat
[14/5/2022 19:47:35] /m rat
[14/5/2022 19:47:35] /m rat
[14/5/2022 19:47:36] /m rat
[14/5/2022 19:47:36] /m rat
[14/5/2022 19:47:37] /m rat
[14/5/2022 19:47:37] /m rat
[14/5/2022 19:47:38] /m rat
[14/5/2022 19:47:38] /m rat
[14/5/2022 19:47:39] /m rat
[14/5/2022 19:47:39] /m rat
[14/5/2022 19:47:40] /m rat
[14/5/2022 19:47:40] /m rat
[14/5/2022 19:47:53] /reload config
[14/5/2022 19:48:16] /reload config
[14/5/2022 19:48:35] /reload config
[14/5/2022 19:50:27] /reload config
[14/5/2022 19:51:4] /m rotworm
[14/5/2022 20:3:13] /i 2361
[14/5/2022 20:3:38] /m demon
[14/5/2022 20:4:12] /i 2361
[14/5/2022 20:4:13] /i 2361
[14/5/2022 20:4:13] /i 2361
[14/5/2022 20:4:14] /i 2361
[14/5/2022 20:4:14] /i 2361
[14/5/2022 20:4:15] /i 2361
[14/5/2022 20:4:15] /i 2361
[14/5/2022 20:4:16] /i 2361
[14/5/2022 20:4:16] /i 2361
[14/5/2022 20:4:17] /i 2361
[14/5/2022 20:4:17] /i 2361
[14/5/2022 20:4:17] /i 2361
[14/5/2022 20:4:18] /i 2361
[14/5/2022 20:36:13] /shutdown
[14/5/2022 20:37:41] /shutdown
[14/5/2022 20:38:49] /i 7958
[14/5/2022 20:38:50] /t
[14/5/2022 20:40:41] /shutdown
[14/5/2022 20:43:13] /shutdown
[14/5/2022 20:48:43] /shutdown
[14/5/2022 20:49:48] /addskill Mlk Liso,magic,20
[14/5/2022 20:51:48] /i 2361
[14/5/2022 20:52:7] /i 7958
[14/5/2022 20:52:13] /i 2361
[14/5/2022 20:52:14] /i 2361
[14/5/2022 20:52:14] /i 2361
[14/5/2022 20:52:15] /i 2361
[14/5/2022 20:52:17] /i 2361
[14/5/2022 20:52:18] /i 2361
[14/5/2022 20:52:18] /i 2361
[14/5/2022 20:55:14] /shutdown
[14/5/2022 20:56:35] /shutdown
[14/5/2022 20:58:2] /shutdown
[14/5/2022 20:59:10] /shutdown
[14/5/2022 20:59:53] /shutdown
[14/5/2022 21:3:5] /i 2361
[14/5/2022 21:3:6] /i 2361
[14/5/2022 21:3:7] /i 2361
[14/5/2022 21:3:7] /i 2361
[14/5/2022 21:3:8] /i 2361
[14/5/2022 21:3:8] /i 2361
[14/5/2022 21:3:25] /i 2361
[14/5/2022 21:3:25] /i 2361
[14/5/2022 21:3:25] /i 2361
[14/5/2022 21:3:25] /i 2361
[14/5/2022 21:3:25] /i 2361
[14/5/2022 21:3:25] /i 2361
[14/5/2022 21:3:25] /i 2361
[14/5/2022 21:3:26] /i 2361
[14/5/2022 21:3:26] /i 2361
[14/5/2022 21:3:26] /i 2361
[14/5/2022 21:3:26] /i 2361
[14/5/2022 21:3:26] /i 2361
[14/5/2022 21:3:26] /i 2361
[14/5/2022 21:3:27] /i 2361
[14/5/2022 21:3:27] /i 2361
[14/5/2022 21:3:27] /i 2361
[14/5/2022 21:3:54] /i 2361
[14/5/2022 21:3:56] /i 2361
[14/5/2022 21:5:8] /shutdown
[14/5/2022 21:5:56] /i 2361
[14/5/2022 21:6:5] /i 2361
[14/5/2022 21:6:7] /i 2361
[14/5/2022 21:6:8] /i 2361
[14/5/2022 21:6:9] /i 2361
[14/5/2022 21:6:11] /i 2361
[14/5/2022 21:6:12] /i 2361
[14/5/2022 21:6:13] /i 2361
[14/5/2022 21:7:5] /addskill Mlk Liso,magic,80
[14/5/2022 21:7:47] /i 7958
[14/5/2022 21:9:7] /addskill teste,magic,100
[14/5/2022 21:10:58] /addskill teste,level,292
[14/5/2022 21:13:27] /t
[14/5/2022 21:13:37] /i 2168
[14/5/2022 21:13:54] /i 2150
[14/5/2022 21:15:32] /t
[14/5/2022 21:15:52] /m orshanaal
[14/5/2022 21:15:57] /m orshabaal
[14/5/2022 21:19:12] /m demon
[14/5/2022 21:22:1] /m treiner
[14/5/2022 21:24:47] /m orshabaal
[14/5/2022 21:30:49] /i 2160
[14/5/2022 21:30:53] /i 2160
[14/5/2022 21:39:25] /m orshabaal
[14/5/2022 21:40:37] /goto poklo
[14/5/2022 21:40:47] /c teste
[14/5/2022 21:41:28] /i 2361
[14/5/2022 21:41:46] /t teste
[14/5/2022 21:43:44] /reload creaturescripts
[14/5/2022 21:44:22] /c teste
[14/5/2022 21:49:21] /t
[14/5/2022 21:52:33] /reload tallactions
[14/5/2022 21:52:39] /reload talkactions
[14/5/2022 21:53:25] /reload talkactions
[14/5/2022 21:54:26] /reload talkactions
[14/5/2022 21:54:57] /reload talkactions
[14/5/2022 22:1:53] /r
[14/5/2022 22:4:7] /addskill Juqdt,level,298
[14/5/2022 22:8:51] /reload spells
[14/5/2022 22:12:42] /reload creaturescripts
[14/5/2022 22:13:0] /addskill Mlk Liso,level,1
[14/5/2022 22:15:14] /goto poklo
[14/5/2022 22:15:20] /c teste
[14/5/2022 22:18:33] /goto poklo
[14/5/2022 22:18:35] /goto poklo
[14/5/2022 22:18:37] /t
[14/5/2022 22:18:43] /goto
[14/5/2022 22:18:48] /goto teste
[14/5/2022 22:19:26] /goto Serpent Spawn
[14/5/2022 22:24:49] /reload spells
[14/5/2022 22:27:17] /t teste
[14/5/2022 22:28:27] /t
[14/5/2022 22:28:32] /m rat
[14/5/2022 22:36:59] /i 8929
[14/5/2022 22:37:3] /i 8920
[14/5/2022 22:37:12] /i 2089
[14/5/2022 22:39:41] /reload npc
[14/5/2022 22:41:45] /reload npc
[14/5/2022 22:41:46] /t
[14/5/2022 22:43:37] /shutdown
[14/5/2022 22:54:13] /i 8303
[14/5/2022 23:1:29] /addskill Mlk Liso,level,1
[14/5/2022 23:4:32] /reload creaturescripts
[14/5/2022 23:4:48] /addskill Mlk Liso,level,1
[14/5/2022 23:5:26] /reload creaturescripts
[14/5/2022 23:5:55] /addskill mlk liso,level,1
[14/5/2022 23:7:51] /reload creaturescipts
[14/5/2022 23:7:57] /reload creaturescripts
[14/5/2022 23:9:39] /reload creaturescripts
[14/5/2022 23:10:51] /reload creaturescripts
[14/5/2022 23:12:17] /shutdown
[14/5/2022 23:16:32] /addskill teste,level,-272
[14/5/2022 23:17:53] /reload creaturescripts
[14/5/2022 23:32:34] /i 8979
[14/5/2022 23:37:11] /i 8979
[14/5/2022 23:54:10] /goto teste
[14/5/2022 23:55:23] /goto Fluffy
[14/5/2022 23:55:26] /goto Fluffy
[14/5/2022 23:55:35] /r
[14/5/2022 23:55:36] /goto Fluffy
[14/5/2022 23:55:57] /c nosso
[14/5/2022 23:56:29] /r
[14/5/2022 23:57:3] /t
[14/5/2022 23:57:38] /i 2089
[14/5/2022 23:58:27] /i 7958
[14/5/2022 23:58:55] /i 2089
[14/5/2022 23:59:56] /i 2091
[15/5/2022 0:3:36] /t
[15/5/2022 0:3:44] /t nosso
[15/5/2022 0:3:51] /i 7633
[15/5/2022 0:6:4] /t
[15/5/2022 0:6:38] /goto nosso
[15/5/2022 11:5:42] /t
[15/5/2022 11:12:16] /t
[15/5/2022 11:12:31] /i 2184
[15/5/2022 11:16:6] /reload movements
[15/5/2022 11:16:59] /reload movements
[15/5/2022 11:18:51] /reload movements
[15/5/2022 11:19:44] /t
[15/5/2022 11:20:46] /t
[15/5/2022 11:20:55] /goto dragon lord
[15/5/2022 11:20:59] /r
[15/5/2022 11:21:4] /t
[15/5/2022 11:21:16] /r
[15/5/2022 11:22:58] /goto dragon lord
[15/5/2022 11:23:4] /t
[15/5/2022 11:23:22] /goto 1097,873,7
[15/5/2022 11:23:54] /reload movements
[15/5/2022 11:28:37] /t
[15/5/2022 11:29:16] /reload movements
[15/5/2022 11:41:17] /i 2361
[15/5/2022 11:41:21] /i 2361
[15/5/2022 11:41:21] /i 2361
[15/5/2022 11:41:21] /i 2361
[15/5/2022 11:41:22] /i 2361
[15/5/2022 11:41:22] /i 2361
[15/5/2022 11:41:22] /i 2361
[15/5/2022 11:41:22] /i 2361
[15/5/2022 11:41:22] /i 2361
[15/5/2022 11:41:23] /i 2361
[15/5/2022 11:41:23] /i 2361
[15/5/2022 11:41:23] /i 2361
[15/5/2022 11:41:23] /i 2361
[15/5/2022 11:41:23] /i 2361
[15/5/2022 11:41:23] /i 2361
[15/5/2022 11:41:24] /i 2361
[15/5/2022 11:41:25] /i 2361
[15/5/2022 11:41:25] /i 2361
[15/5/2022 11:41:25] /i 2361
[15/5/2022 11:41:25] /i 2361
[15/5/2022 11:41:25] /i 2361
[15/5/2022 11:41:25] /i 2361
[15/5/2022 11:41:26] /i 2361
[15/5/2022 11:41:26] /i 2361
[15/5/2022 11:41:26] /i 2361
[15/5/2022 11:41:26] /i 2361
[15/5/2022 11:41:26] /i 2361
[15/5/2022 11:41:27] /i 2361
[15/5/2022 11:41:27] /i 2361
[15/5/2022 11:41:32] /goto teste
[15/5/2022 11:43:55] /i 2090
[15/5/2022 11:44:10] /i 2089
[15/5/2022 11:44:19] /goto teste
[15/5/2022 11:44:32] /reload xml
[15/5/2022 11:44:41] /reload vocations
[15/5/2022 11:44:50] /i 2091
[15/5/2022 11:44:55] /i 2092
[15/5/2022 11:45:0] /i 2093
[15/5/2022 11:45:4] /i 2094
[15/5/2022 11:45:8] /i 2088
[15/5/2022 11:45:21] /i 2087
[15/5/2022 11:45:46] /t
[15/5/2022 11:45:50] /i 2160
[15/5/2022 11:46:1] /goto teste
[15/5/2022 11:46:17] /i 2168
[15/5/2022 11:50:12] /reload monsters
[15/5/2022 11:55:16] /reload monsters
[15/5/2022 11:56:44] /r
[15/5/2022 11:56:52] /goto Triple Medusa
[15/5/2022 11:57:6] /c teste
[15/5/2022 11:58:37] /t teste
[15/5/2022 11:58:42] /t
[25/5/2022 20:1:57] /t
[25/5/2022 20:3:40] /t
[25/5/2022 21:5:43] /i 5958
[25/5/2022 21:5:51] /i 5958
[25/5/2022 21:7:6] /i 6570
[25/5/2022 21:7:8] /i 6570
[25/5/2022 21:56:51] /reload npc
[25/5/2022 22:1:25] /reload npc
[25/5/2022 22:2:23] /shutdown
[25/5/2022 22:15:5] /reload npc
[25/5/2022 22:25:24] /reload npc
[25/5/2022 22:25:38] /reload npc
[25/5/2022 22:27:16] /reload npc
[25/5/2022 22:41:37] /reload npc
[25/5/2022 22:41:50] /reload npc
[25/5/2022 22:42:59] /reload npc
[25/5/2022 22:43:43] /reload npc
[25/5/2022 22:44:22] /reload npc
[25/5/2022 22:45:35] /reload npc
[25/5/2022 22:47:22] /reload npc
[25/5/2022 22:49:0] /reload npc
[25/5/2022 22:49:35] /i 2160
[25/5/2022 22:49:37] /i 2160
[25/5/2022 22:49:38] /i 2160
[25/5/2022 22:49:53] /i 2160
[25/5/2022 22:49:56] /i 2160
[25/5/2022 22:51:7] /reload npc
[25/5/2022 22:54:20] /reload npc
[25/5/2022 23:6:22] /reload npc
[25/5/2022 23:6:56] /reload npc
[25/5/2022 23:11:40] /reload npc
[25/5/2022 23:15:0] /reload npc
[25/5/2022 23:16:54] /reload npc
[25/5/2022 23:18:3] /reload npc
[25/5/2022 23:19:57] /reload npc
[25/5/2022 23:21:41] /reload npc
[25/5/2022 23:22:43] /reload npc
[25/5/2022 23:23:54] /reload npc
[25/5/2022 23:27:52] /reload npc
[25/5/2022 23:31:12] /reload npc
[25/5/2022 23:32:13] /reload npc
[25/5/2022 23:36:32] /reload npc
[25/5/2022 23:38:46] /reload npc
[25/5/2022 23:42:15] /reload npc
[25/5/2022 23:43:7] /i 2160
[25/5/2022 23:43:8] /i 2160
[25/5/2022 23:43:9] /i 2160
[25/5/2022 23:43:9] /i 2160
[25/5/2022 23:47:2] /i 2160
[25/5/2022 23:47:5] /i 2160
[25/5/2022 23:47:6] /i 2160
[25/5/2022 23:47:6] /i 2160
[25/5/2022 23:47:7] /i 2160
[25/5/2022 23:47:7] /i 2160
[25/5/2022 23:47:8] /i 2160
[25/5/2022 23:47:9] /i 2160
[25/5/2022 23:47:9] /i 2160
[25/5/2022 23:52:47] /reload npc
[26/5/2022 0:4:17] /reload npc
[26/5/2022 0:5:32] /reload npc
[26/5/2022 0:8:26] /reload npc
[26/5/2022 0:10:37] /reload npc
[26/5/2022 0:12:6] /addskill Teste,level,150
[26/5/2022 0:19:42] /reload creaturescripts
[26/5/2022 0:21:2] /reload npc
[26/5/2022 0:23:16] /reload npc
[26/5/2022 0:24:42] /reload npc
[26/5/2022 0:27:38] /reload npc
[26/5/2022 0:28:3] /reload npc
[26/5/2022 0:28:25] /addskill Teste,level,-1
