[23/12/2018 20:10:29] /a goto ADM Onlyone
[23/12/2018 20:11:7] /a 5
[23/12/2018 20:15:54] /r
[23/12/2018 20:15:59] /r
[23/12/2018 20:17:53] /i 2869
[23/12/2018 20:18:9] /i blue backpack
[23/12/2018 20:18:14] /i 2869
[23/12/2018 20:18:19] /r
[23/12/2018 20:18:20] /r
[23/12/2018 20:18:28] /i 2854
[23/12/2018 20:18:32] /r
[23/12/2018 20:18:43] /a
[23/12/2018 20:18:43] /a
[23/12/2018 20:19:13] /ghost
[23/12/2018 20:19:15] /ghost
[23/12/2018 20:19:19] /a
[23/12/2018 20:19:19] /a
[23/12/2018 20:19:19] /a
[23/12/2018 20:19:19] /a
[23/12/2018 20:19:19] /a
[23/12/2018 20:19:19] /a
[23/12/2018 20:19:19] /a
[23/12/2018 20:19:19] /a
[23/12/2018 20:19:20] /a
[23/12/2018 20:19:20] /a
[23/12/2018 20:19:21] /a
[23/12/2018 20:19:21] /a
[23/12/2018 20:19:21] /a
[23/12/2018 20:19:21] /a
[23/12/2018 20:19:21] /a
[23/12/2018 20:19:21] /a
[23/12/2018 20:19:48] /i 7632
[23/12/2018 20:19:55] /r
[23/12/2018 20:19:56] /r
[23/12/2018 20:19:57] /r
[23/12/2018 20:19:58] /r
[23/12/2018 20:20:0] /r
[23/12/2018 20:20:14] /r
