[9/7/2018 10:45:7] /i 7635
[9/7/2018 10:45:22] /i 7590
[9/7/2018 10:57:37] /reload creaturescripts
[9/7/2018 10:57:50] /m demon
[9/7/2018 10:59:0] /r
[9/7/2018 10:59:2] /r
[9/7/2018 10:59:7] /m apocalypse
[9/7/2018 11:0:34] /reload creaturescripts
[9/7/2018 11:10:51] /m apocalypse
[9/7/2018 11:14:13] /reload creaturescripts
[9/7/2018 11:14:37] /m demon
[9/7/2018 11:26:37] /i 2158
[9/7/2018 11:26:38] /i 2158
[9/7/2018 11:26:39] /i 2158
[9/7/2018 11:28:1] /goto bazir
[9/7/2018 11:28:22] /c Mitionina
[9/7/2018 11:49:2] /r
[9/7/2018 11:49:3] /r
[9/7/2018 11:49:5] /r
[9/7/2018 11:49:7] /r
[9/7/2018 11:50:11] /i 8931
[9/7/2018 11:52:35] /t
[9/7/2018 11:52:57] /r
[9/7/2018 11:52:59] /r
[9/7/2018 11:53:2] /a 3
[15/7/2018 10:24:41] /m demon
[15/7/2018 10:26:35] /reload creaturescripts
[15/7/2018 10:26:40] /reload movements
[15/7/2018 10:26:50] /reload globalevents
[15/7/2018 10:27:50] /reload movements
[15/7/2018 10:29:39] /reload globalevents
[15/7/2018 10:31:21] /reload creaturescripts
[15/7/2018 10:32:32] /reload creaturescripts
[15/7/2018 10:33:38] /reload creaturescripts
[15/7/2018 10:34:21] /reload creaturescriptsd
[15/7/2018 10:34:28] /reload creaturescripts
[15/7/2018 10:35:19] /reload creaturescripts
[15/7/2018 10:35:33] /reload creaturescripts
[15/7/2018 10:35:41] /reload creaturescripts
[15/7/2018 10:36:27] /reload creaturescripts
[15/7/2018 10:42:24] /reload creaturescripts
[15/7/2018 10:46:11] /reload creaturescripts
[15/7/2018 10:51:51] /reload creaturescripts
[15/7/2018 10:54:10] /reload creaturescrpts
[15/7/2018 10:54:18] /reload creaturescripts
[15/7/2018 11:17:32] /reload creaturescripts
[15/7/2018 11:40:41] /reload creaturescripts
[15/7/2018 11:50:40] /reload creaturescripts
[15/7/2018 11:50:49] /m demon
[15/7/2018 11:51:36] /reload creaturescripts
[15/7/2018 11:52:19] /reload creaturescripts
[15/7/2018 11:54:43] /reload creaturescripts
[15/7/2018 11:55:43] /reload creaturescripts
[15/7/2018 11:56:7] /reload creaturescripts
[15/7/2018 11:58:1] /reload creaturescripts
[15/7/2018 12:0:57] /reload creaturescriptas
[15/7/2018 12:1:4] /reload creaturescripts
[15/7/2018 12:2:3] /reload creaturesxripts
[15/7/2018 12:2:11] /reload creaturescripts
[15/7/2018 12:4:4] /reload creaturescripts
[15/7/2018 12:17:32] /reload creaturescripts
[15/7/2018 12:18:6] /reload creaturescripts
[15/7/2018 12:18:38] /reload creaturescripts
[15/7/2018 12:22:11] /reload globalevents
[15/7/2018 12:23:4] /reload globalevents
[15/7/2018 12:31:30] /i 2209
[15/7/2018 12:31:44] /r
[15/7/2018 12:31:48] /i 5801
[15/7/2018 12:31:51] /i 8931
[15/7/2018 12:32:6] /i 2410
[15/7/2018 12:32:24] /i 7435
[15/7/2018 12:32:49] /i 7422
[15/7/2018 12:32:52] /i 7425
[15/7/2018 12:32:59] /r
[15/7/2018 12:33:4] /i 7405
[15/7/2018 12:33:47] /i 7410
[15/7/2018 12:33:58] /i 5903
[15/7/2018 12:34:51] /clean
[15/7/2018 12:35:31] /i 2207
[15/7/2018 12:35:34] /i 2191
[15/7/2018 12:35:49] /i 2421
[15/7/2018 12:36:15] /i 2432
[15/7/2018 12:36:26] /i 2392
[15/7/2018 12:36:46] /m demon
[15/7/2018 12:37:5] /m demon
[15/7/2018 14:17:17] /reload creaturescripts
[15/7/2018 14:19:36] /t
[15/7/2018 14:22:33] /reload creaturescripts
[15/7/2018 14:27:19] /reload creaturescripts
[15/7/2018 14:35:30] /clean
[15/7/2018 14:36:6] /i 7410
[15/7/2018 14:49:1] /reload weapons
[15/7/2018 15:39:34] /reload spells
[15/7/2018 15:40:13] /m demon
[15/7/2018 15:40:17] /m troll
[15/7/2018 15:41:7] /reload spells
[15/7/2018 15:42:28] /reload spells
[15/7/2018 15:43:9] /reload spells
[15/7/2018 15:47:36] /reload seplls
[15/7/2018 15:47:40] /reload spells
[15/7/2018 15:49:58] /reload seplls
[15/7/2018 15:50:16] /reload spells
[15/7/2018 16:8:26] /reload spells
[15/7/2018 16:8:49] /i 8300
[15/7/2018 16:11:4] /reload actions
[15/7/2018 16:11:22] /i 8300
[15/7/2018 16:11:23] /i 8300
[15/7/2018 16:11:23] /i 8300
[15/7/2018 16:11:23] /i 8300
[15/7/2018 16:11:23] /i 8300
[15/7/2018 16:11:23] /i 8300
[15/7/2018 16:11:24] /i 8300
[15/7/2018 16:11:24] /i 8300
[15/7/2018 16:11:24] /i 8300
[15/7/2018 16:11:24] /i 8300
[15/7/2018 16:11:24] /i 8300
[15/7/2018 16:11:24] /i 8300
[15/7/2018 16:11:53] /i 8300
[15/7/2018 16:11:53] /i 8300
[15/7/2018 16:11:54] /i 8300
[15/7/2018 16:11:54] /i 8300
[15/7/2018 16:11:54] /i 8300
[15/7/2018 16:11:54] /i 8300
[15/7/2018 16:11:55] /i 8300
[15/7/2018 16:11:55] /i 8300
[15/7/2018 16:11:55] /i 8300
[15/7/2018 16:11:55] /i 8300
[15/7/2018 16:11:55] /i 8300
[15/7/2018 16:12:2] /i 8300
[15/7/2018 16:12:9] /i 8300
[15/7/2018 16:17:21] /reload spells
[15/7/2018 16:18:35] /i 8300
[15/7/2018 16:25:51] /reload spells
[15/7/2018 16:27:43] /reload spells
[15/7/2018 16:30:9] /reload spells
[15/7/2018 16:42:57] /reload spells
[15/7/2018 16:45:43] /reload spells
[15/7/2018 16:46:48] /reload spells
[15/7/2018 16:52:49] /reload spells
[15/7/2018 17:17:53] /m troll
[15/7/2018 17:19:5] /reload spells
[15/7/2018 17:20:54] /reload spells
[15/7/2018 17:21:54] /reload spells
[24/7/2018 21:17:50] /t
[24/7/2018 21:20:16] /m troll
[24/7/2018 21:31:40] /reload globalevents
[24/7/2018 21:43:50] /goto mitionina
[24/7/2018 21:44:2] /a 2
[24/7/2018 21:44:2] /a 2
[24/7/2018 21:44:2] /a 2
[24/7/2018 21:44:2] /a 2
[24/7/2018 21:44:2] /a 2
[24/7/2018 21:44:2] /a 2
[24/7/2018 21:44:2] /a 2
[24/7/2018 21:44:2] /a 2
[24/7/2018 21:44:2] /a 2
[24/7/2018 21:44:2] /a 2
[24/7/2018 21:44:3] /a 2
[24/7/2018 21:44:3] /a 2
[24/7/2018 21:44:3] /a 2
[24/7/2018 21:44:3] /a 2
[24/7/2018 21:44:3] /a 2
[24/7/2018 21:44:3] /a 2
[24/7/2018 21:44:3] /a 2
[24/7/2018 21:44:3] /a 2
[24/7/2018 21:44:3] /a 2
[24/7/2018 21:44:3] /a 2
[24/7/2018 21:44:3] /a 2
[24/7/2018 21:44:3] /a 2
[24/7/2018 21:44:3] /a 2
[24/7/2018 21:44:3] /a 2
[24/7/2018 21:44:3] /a 2
[24/7/2018 21:44:3] /a 2
[24/7/2018 21:44:3] /a 2
[24/7/2018 21:44:3] /a 2
[24/7/2018 21:44:3] /a 2
[24/7/2018 21:44:4] /a 2
[24/7/2018 21:44:6] /a 2
[24/7/2018 21:44:6] /a 2
[24/7/2018 21:44:6] /a 2
[24/7/2018 21:44:7] /a 2
[24/7/2018 21:44:7] /a 2
[24/7/2018 21:44:7] /a 2
[24/7/2018 21:44:7] /a 2
[24/7/2018 21:44:7] /a 2
[24/7/2018 21:44:7] /a 2
[24/7/2018 21:44:7] /a 2
[24/7/2018 21:44:7] /a 2
[24/7/2018 21:44:7] /a 2
[24/7/2018 21:44:8] /a 2
[24/7/2018 21:44:8] /a 2
[24/7/2018 21:44:8] /a 2
[24/7/2018 21:44:8] /a 2
[24/7/2018 21:44:8] /a 2
[24/7/2018 21:44:9] /a 2
[24/7/2018 21:44:9] /a 2
[26/7/2018 21:22:9] /m lamia
[26/7/2018 21:23:46] /i 9693
[26/7/2018 21:23:56] /r
[26/7/2018 21:37:22] /m demon
[27/7/2018 11:29:49] /reload creaturescripts
[27/7/2018 11:34:55] /reload creaturescripts
[27/7/2018 11:35:35] /reload creaturescripts
[27/7/2018 11:37:8] /reload creaturescripts
[27/7/2018 11:51:28] /reload creaturescripts
[27/7/2018 11:55:3] /reload creaturescripts
[27/7/2018 11:56:48] /reload creaturescripts
[27/7/2018 11:57:29] /reload creaturescripts
[27/7/2018 19:39:54] /reload creaturescripts
[27/7/2018 19:42:56] /reload creaturescripts
[27/7/2018 19:43:5] /reload monsters
[27/7/2018 19:44:54] /reload monsters
[27/7/2018 19:45:1] /reload creaturescripts
[27/7/2018 19:59:48] /i 7489]
[27/7/2018 19:59:53] /i 7489
[27/7/2018 19:59:59] /i 7988
[27/7/2018 20:37:39] /i 9693
[27/7/2018 20:38:31] /reload monsters
[27/7/2018 20:39:36] /reload monsters
[27/7/2018 20:40:29] /reload monsters
[27/7/2018 20:41:31] /reload creaturescripts
[27/7/2018 20:41:39] /reload monsters
[27/7/2018 20:43:25] /reload creaturescripts
[27/7/2018 20:44:34] /reload creaturescripts
[27/7/2018 20:53:4] /reload creaturescripts
[27/7/2018 20:54:55] /reload creaturescripts
[28/7/2018 10:16:35] /reload monsters
[28/7/2018 10:17:1] /m demon
[28/7/2018 10:17:9] /m troll
[29/7/2018 10:25:34] /i 2150
[29/7/2018 10:42:14] /reload creaturescripts
[29/7/2018 10:43:58] /reload creaturescripts
[29/7/2018 10:45:55] /reload creaturescripts
[29/7/2018 10:52:30] /i 2147
[29/7/2018 11:0:15] /reload creaturescripts
[29/7/2018 11:13:46] /reload creaturescripts
[29/7/2018 11:15:30] /reload creaturescripts
[29/7/2018 11:20:53] /reload creaturescripts
[29/7/2018 11:29:25] /reload spells
[29/7/2018 11:29:38] /reload monsters
[29/7/2018 11:34:26] /r
[29/7/2018 11:44:3] /reload creaturescripts
[29/7/2018 11:45:4] /reload creaturescripts
[29/7/2018 11:48:19] /reload creaturescripts
[29/7/2018 11:49:51] /reload creaturescripts
[29/7/2018 11:55:40] /storage Mitionina, 0, 21600
[29/7/2018 11:55:51] /m troll
[29/7/2018 11:57:1] /storage Mitionina, 0, 21600, 21600
[29/7/2018 11:59:38] /goto morgaroth
[29/7/2018 12:0:27] /reload monsters
[29/7/2018 12:1:25] /i 2155
[29/7/2018 12:4:35] /i 2155
[29/7/2018 12:4:36] /i 2155
[29/7/2018 12:4:37] /i 2155
[29/7/2018 12:4:37] /i 2155
[29/7/2018 12:4:38] /i 2155
[29/7/2018 12:11:24] /reload spells
[29/7/2018 12:26:4] /reload monsters
[29/7/2018 12:26:16] /reload creaturescripts
[29/7/2018 12:28:9] /reload creaturescripts
[29/7/2018 13:2:54] /reload creaturescripts
[29/7/2018 13:3:23] /reload creaturescripts
[29/7/2018 13:8:40] /reload creaturescripts
[29/7/2018 13:10:10] /reload creaturescripts
[29/7/2018 13:11:13] /reload creaturescripts
[29/7/2018 13:11:56] /reload creaturescripts
[29/7/2018 13:13:9] /i 161
[29/7/2018 13:13:11] /i 1961
[29/7/2018 13:14:41] /reload creaturescripts
[29/7/2018 13:19:20] /goto biosil
[29/7/2018 13:19:30] /i 12531
[29/7/2018 13:20:42] /i 10563
[29/7/2018 13:22:3] /reload creaturescripts
[29/7/2018 13:27:3] /reload creaturescripts
[29/7/2018 13:28:51] /reload creaturescripts
[29/7/2018 13:33:3] /reload creaturescripts
[29/7/2018 13:33:54] /m troll
[29/7/2018 13:37:5] /reload creaturescripts
[29/7/2018 13:39:59] /reload creaturescripts
[29/7/2018 13:40:45] /reload creaturescripts
[29/7/2018 13:46:16] /reload creaturescripts
[29/7/2018 13:50:32] /reload monsters
[29/7/2018 13:52:50] /reload monsters
[29/7/2018 14:4:16] /reload monsters
[29/7/2018 14:4:44] /reload creaturescripts
[29/7/2018 14:7:23] /reload creaturescripts
[30/7/2018 16:55:54] /reload creaturescripts
[30/7/2018 16:59:31] /reload creaturescripts
[30/7/2018 17:19:55] /reload creaturescripts
[30/7/2018 17:20:19] /reload monsters
[30/7/2018 17:33:57] /reload creaturescripts
[30/7/2018 17:44:9] /reload creaturescripts
[30/7/2018 17:47:18] /reload creaturescripts
[30/7/2018 21:18:30] /reload creaturescripts
[30/7/2018 21:20:38] /reload creaturescripts
[30/7/2018 21:23:37] /reload creaturescripts
[30/7/2018 21:24:0] /reload monsters
[30/7/2018 21:25:54] /reload monsters
[30/7/2018 21:26:0] /reload creaturescripts
[30/7/2018 21:27:34] /reload creaturescripts
[30/7/2018 21:29:4] /reload creaturescripts
[30/7/2018 21:30:16] /reload creaturescripts
[30/7/2018 21:36:1] /reload creaturescripts
[30/7/2018 21:53:8] /reload spells
[31/7/2018 12:34:54] /reload creaturescripts
[31/7/2018 12:35:22] /reload creaturescripts
[31/7/2018 12:36:29] /reload creaturescripts
[31/7/2018 12:36:56] /m troll
[31/7/2018 12:37:30] /reload monsters
[31/7/2018 12:39:8] /reload monsters
[31/7/2018 12:49:13] /reload creaturescripts
[31/7/2018 12:53:25] /reload creaturescripts
[31/7/2018 12:53:36] /i 9693
[31/7/2018 12:57:40] /reload creatuscripts
[31/7/2018 12:57:45] /reload creaturescripts
[31/7/2018 13:3:12] /reload creaturescripts
[31/7/2018 13:5:44] /reload creaturescripts
[31/7/2018 13:14:18] /reload creaturescripts
[31/7/2018 13:21:18] /reload creaturescripts
[31/7/2018 13:22:39] /reload creaturescripts
[31/7/2018 13:29:58] /reload creaturescripts
[31/7/2018 13:31:11] /reload creaturescripts
[31/7/2018 20:23:7] /reload creaturescripts
[31/7/2018 20:25:29] /reload creaturescripts
[31/7/2018 20:26:51] /reload creaturescripts
[31/7/2018 20:27:48] /reload creaturescripts
[31/7/2018 20:37:21] /reload creaturescripts
[31/7/2018 20:39:24] /reload creaturescripts
[31/7/2018 20:40:23] /reload creaturescripts
[31/7/2018 20:42:49] /reload creaturescripts
[31/7/2018 20:44:8] /reload creaturescripts
[31/7/2018 20:44:40] /reload creaturescripts
[31/7/2018 20:52:10] /reload creaturescripts
[31/7/2018 20:54:38] /reload creaturescripts
[3/8/2018 21:25:39] /reload creaturescripts
[3/8/2018 21:28:40] /r
[3/8/2018 22:25:20] /t
[4/8/2018 9:32:41] /r
[4/8/2018 9:32:44] /r
[4/8/2018 9:37:9] /r
[4/8/2018 9:37:13] /r
[4/8/2018 9:37:32] /i 6258
[4/8/2018 9:38:44] /t
[4/8/2018 9:39:2] /m troll
[4/8/2018 9:57:19] /reload actions
[4/8/2018 10:10:12] /reload actions
[4/8/2018 10:10:33] /i 7632
[4/8/2018 10:10:36] /i 7633
[4/8/2018 10:11:43] /reload actions
[4/8/2018 10:16:36] /reload actions
[4/8/2018 10:22:55] /reload actions
[4/8/2018 11:16:19] /reload actionshi
[4/8/2018 15:11:35] /reload npc
[4/8/2018 15:13:23] /reload npc
[4/8/2018 17:59:46] /reload npc
[4/8/2018 18:0:0] /s poklo
[4/8/2018 18:0:5] /n poklo
[4/8/2018 18:0:8] /m poklo
[4/8/2018 18:0:20] /s alia
[4/8/2018 18:0:25] /n alia
[4/8/2018 18:1:39] /n ben
[4/8/2018 18:2:6] /m alia
[4/8/2018 18:2:9] /m bem
[4/8/2018 18:2:11] /m ben
[4/8/2018 18:2:14] /m demon
[4/8/2018 18:2:16] /t
[4/8/2018 18:2:19] /m alia
[4/8/2018 18:2:23] /m demon
[4/8/2018 18:2:25] /r
[4/8/2018 18:2:28] /n alia
[4/8/2018 18:3:24] /r
[4/8/2018 18:11:37] /reload npc
[4/8/2018 18:13:50] /reload npc
[4/8/2018 18:23:8] /reload npc
[4/8/2018 18:25:35] /reload npc
[4/8/2018 18:26:12] /reload npc
[4/8/2018 18:31:6] /reload npc
[4/8/2018 18:32:14] /reload npc
[4/8/2018 18:38:28] /t
[4/8/2018 18:38:30] /reload npc
[5/8/2018 10:53:28] /reload npc
[5/8/2018 10:56:42] /reload actions
[5/8/2018 11:20:35] /i 2149
[5/8/2018 11:20:54] /i 2150
[5/8/2018 11:22:27] /i 2155
[5/8/2018 11:30:48] /i 2147
[5/8/2018 11:30:53] /i 2150
[5/8/2018 11:37:29] /reload npc
[5/8/2018 11:44:54] /reload npc
[5/8/2018 11:49:21] /reload npc
[5/8/2018 11:52:39] /reload npc
[5/8/2018 11:55:43] /reload npc
[5/8/2018 11:56:34] /reload npc
[5/8/2018 12:56:7] /reload monsters
[5/8/2018 12:56:10] /t
[5/8/2018 12:57:28] /c mitionina
[5/8/2018 13:20:17] /t
[5/8/2018 13:20:22] /reload monsters
[5/8/2018 13:20:29] /m mercenra
[5/8/2018 13:20:35] /m mercenara
[5/8/2018 13:20:42] /m mercenaro
[5/8/2018 13:21:37] /reload monsters
[5/8/2018 13:21:47] /m mercenaro
[5/8/2018 13:21:52] /m mercenara
[5/8/2018 13:24:21] /t
[5/8/2018 13:24:52] /m mitionina
[5/8/2018 13:24:56] /c mitionina
[5/8/2018 13:27:10] /m troll
[5/8/2018 13:29:7] /reload creaturescripts
[5/8/2018 13:30:32] /reload creaturescripts
[5/8/2018 13:31:25] /r
[5/8/2018 13:32:18] /m mercenario
[5/8/2018 13:32:20] /r
[5/8/2018 13:32:23] /r
[5/8/2018 13:32:28] /m mercenaria
[5/8/2018 13:32:48] /r
[5/8/2018 13:32:57] /m mercenarie
[5/8/2018 13:33:2] /m mercenaria
[5/8/2018 13:33:13] /r
[5/8/2018 13:33:41] /m looter
[5/8/2018 13:35:35] /reload monsters
[5/8/2018 13:35:49] /m mercenara
[5/8/2018 13:36:5] /r
[5/8/2018 13:36:17] /r
[5/8/2018 13:36:37] /m lootera
[5/8/2018 13:36:56] /r
[5/8/2018 13:37:1] /m saqueador
[5/8/2018 13:37:4] /r
[5/8/2018 13:37:7] /m saqueadora
[5/8/2018 13:37:49] /r
[5/8/2018 13:40:29] /reload monsters
[5/8/2018 13:41:5] /m mineradora
[5/8/2018 13:41:25] /r
[5/8/2018 13:41:52] /m minerador
[5/8/2018 13:42:4] /r
[5/8/2018 13:42:50] /m lootera
[5/8/2018 13:43:7] /r
[5/8/2018 13:44:32] /reload monsters
[5/8/2018 13:44:40] /c mitionina
[5/8/2018 13:44:55] /m mercenary
[5/8/2018 13:45:48] /m mercenary
[5/8/2018 13:46:8] /m mercenara
[5/8/2018 13:50:17] /reload Spawn
[5/8/2018 13:50:22] /reload Spawns
[5/8/2018 14:1:37] /m mercenaro
[5/8/2018 14:1:43] /m mercenario
[5/8/2018 14:1:48] /m mercenary
[5/8/2018 14:1:54] /m mercenario
[5/8/2018 14:2:24] /m mercenarie
[5/8/2018 14:2:51] /m mercenara
[5/8/2018 14:10:33] /t
[5/8/2018 14:17:12] /reload mods
[5/8/2018 14:48:36] /reload mods
[5/8/2018 14:48:47] /reload npc
[5/8/2018 14:51:17] /reload npc
[5/8/2018 14:52:29] /reload npc
[5/8/2018 14:55:16] /reload npc
[5/8/2018 15:8:47] /m infrnum amster
[5/8/2018 15:8:52] /m infernum master
[5/8/2018 15:9:22] /m vixens
[5/8/2018 15:10:2] /m morgaroth
[5/8/2018 15:10:29] /r
[5/8/2018 15:10:31] /r
[5/8/2018 15:10:33] /r
[5/8/2018 15:10:55] /m mercenarie
[5/8/2018 15:10:56] /m mercenarie
[5/8/2018 15:10:56] /m mercenarie
[5/8/2018 15:11:54] /m mercenarie
[5/8/2018 15:11:55] /m mercenarie
[5/8/2018 15:11:56] /m mercenarie
[5/8/2018 15:11:56] /m mercenarie
[5/8/2018 15:11:57] /m mercenarie
[5/8/2018 15:13:31] /m mercenarie
[5/8/2018 15:13:31] /m mercenarie
[5/8/2018 15:13:32] /m mercenarie
[5/8/2018 15:15:20] /reload npc
[5/8/2018 15:15:59] /m mercenariewe
[5/8/2018 15:16:2] /m mercenarie
[5/8/2018 15:16:53] /m mercenarie
[5/8/2018 15:16:54] /m mercenarie
[5/8/2018 15:16:54] /m mercenarie
[5/8/2018 15:17:54] /m mercenarie
[5/8/2018 15:17:54] /m mercenarie
[5/8/2018 15:17:55] /m mercenarie
[5/8/2018 15:19:5] /goto alia
[5/8/2018 15:20:12] /reload mods
[5/8/2018 15:33:33] /reload mods
[5/8/2018 15:36:6] /reload mods
[5/8/2018 15:55:5] /reload mods
[5/8/2018 16:3:40] /reload npc
[5/8/2018 16:3:43] /reload mods
[5/8/2018 16:5:20] /reload mods
[5/8/2018 16:6:58] /reload mods
[5/8/2018 18:42:18] /reload mods
[5/8/2018 18:42:24] /reload npc
[5/8/2018 18:43:54] /reload npc
[5/8/2018 18:43:58] /reload mods
[5/8/2018 18:45:10] /reload mods
[5/8/2018 18:46:17] /reload mods
[5/8/2018 18:46:20] /reload npc
[5/8/2018 18:47:9] /goto biosil
[5/8/2018 18:47:19] /m mercenaries
[5/8/2018 18:47:25] /m mercenarie
[5/8/2018 18:47:26] /m mercenarie
[5/8/2018 18:47:26] /m mercenarie
[5/8/2018 18:50:3] /reload npc
[5/8/2018 18:51:43] /reload mods
[5/8/2018 18:51:50] /reload npc
[5/8/2018 18:53:1] /storage biosil 200201, -1
[5/8/2018 18:53:20] /storage biosil 200201, 0
[5/8/2018 18:53:33] /storage biosil, 200201, 0
[5/8/2018 18:54:0] /storage biosil, 91001, 0
[5/8/2018 18:54:36] /c biosil
[5/8/2018 18:54:40] /m mercenarie
[5/8/2018 18:54:41] /m mercenarie
[5/8/2018 18:54:42] /m mercenarie
[5/8/2018 18:54:58] /m mercenarie
[5/8/2018 18:56:0] /reload mods
[5/8/2018 18:56:4] /reload npc
[5/8/2018 18:57:39] /reload npc
[5/8/2018 18:57:47] /m mercenarie
[5/8/2018 18:57:48] /m mercenarie
[5/8/2018 18:57:49] /m mercenarie
[5/8/2018 18:58:2] /c biosiol
[5/8/2018 18:58:5] /c biosil
[5/8/2018 19:2:32] /reload npc
[5/8/2018 19:3:1] /c biosil
[5/8/2018 19:3:4] /m mercenarie
[5/8/2018 19:3:5] /m mercenarie
[5/8/2018 19:3:6] /m mercenarie
[5/8/2018 19:13:12] /reload npc
[5/8/2018 19:13:28] /c biosil
[5/8/2018 19:13:32] /m mercenarie
[5/8/2018 19:13:33] /m mercenarie
[5/8/2018 19:13:34] /m mercenarie
[5/8/2018 19:31:2] /reload mods
[5/8/2018 19:31:7] /reload npc
[5/8/2018 19:31:18] /m exrterminator
[5/8/2018 19:31:26] /m exterminator
[5/8/2018 19:31:36] /m exterminator
[5/8/2018 19:31:38] /m exterminator
[5/8/2018 19:34:51] /reload npc
[5/8/2018 19:34:56] /m exterminator
[5/8/2018 19:34:57] /m exterminator
[5/8/2018 19:39:2] /reload mods
[5/8/2018 19:39:4] /reload npc
[5/8/2018 19:43:39] /reload mods
[5/8/2018 19:43:42] /reload npc
[5/8/2018 19:43:46] /m mercenarie
[5/8/2018 19:43:47] /m mercenarie
[5/8/2018 19:45:38] /reload npc
[5/8/2018 19:45:41] /m mercenarie
[5/8/2018 19:45:42] /m mercenarie
[5/8/2018 19:48:20] /reload mods
[5/8/2018 19:48:26] /reload npc
[5/8/2018 19:48:33] /m mercenarie
[5/8/2018 19:48:36] /m mercenarie
[5/8/2018 19:49:8] /reload mods
[5/8/2018 19:49:49] /reload mods
[5/8/2018 19:51:11] /reload mods
[5/8/2018 19:52:46] /reload mods
[5/8/2018 19:54:45] /reload mods
[5/8/2018 19:56:37] /reload mods
[5/8/2018 19:57:42] /reload mods
[5/8/2018 19:59:8] /reload mods
[5/8/2018 20:0:13] /reload mods
[5/8/2018 20:0:44] /reload npc
[5/8/2018 20:1:59] /reload mods
[5/8/2018 20:2:2] /reload npc
[5/8/2018 20:2:6] /m mercenarie
[5/8/2018 20:2:7] /m mercenarie
[5/8/2018 20:3:17] /reload mods
[5/8/2018 20:3:19] /reload npc
[5/8/2018 20:3:21] /m mercenarie
[5/8/2018 20:3:22] /m mercenarie
[5/8/2018 20:4:12] /reload npc
[5/8/2018 20:4:15] /reload mods
[5/8/2018 20:4:50] /storage biosil,91001,0
[5/8/2018 20:5:9] /storage biosil,200201,0
[5/8/2018 20:5:50] /m mercenarie
[5/8/2018 20:6:29] /reload mods
[5/8/2018 20:8:26] /reload npc
[5/8/2018 20:8:29] /reload mods
[5/8/2018 20:9:3] /storage biosil,200201,0
[5/8/2018 20:9:10] /storage biosil,91001,0
[5/8/2018 20:9:38] /m mercenrie
[5/8/2018 20:9:39] /m mercenrie
[5/8/2018 20:9:39] /m mercenrie
[5/8/2018 20:9:42] /m mercenraie
[5/8/2018 20:9:48] /m mercenarie
[5/8/2018 20:9:49] /m mercenarie
[5/8/2018 20:9:49] /m mercenarie
[5/8/2018 20:10:57] /reload npc
[5/8/2018 20:11:38] /m mercenarie
[5/8/2018 20:11:39] /m mercenarie
[5/8/2018 20:14:44] /reload mods
[5/8/2018 20:14:46] /reload npc
[5/8/2018 20:15:2] /m mercensrie
[5/8/2018 20:15:7] /m mercenari
[5/8/2018 20:15:12] /m mercenarie
[5/8/2018 20:15:12] /m mercenarie
[5/8/2018 20:19:13] /reload mods
[5/8/2018 20:19:18] /reload npc
[5/8/2018 20:19:23] /m mercenrie
[5/8/2018 20:19:28] /m mercenarie
[5/8/2018 20:19:31] /m mercenarie
[5/8/2018 20:19:31] /m mercenarie
[5/8/2018 20:19:45] /c biosil
[6/8/2018 20:31:54] /reload actions
[6/8/2018 20:32:35] /i 2145
[6/8/2018 20:32:50] /i 580
[6/8/2018 20:32:54] /i 6801
[6/8/2018 20:32:58] /r
[6/8/2018 20:33:2] /i 5801
[6/8/2018 20:33:4] /i 2145
[6/8/2018 20:33:23] /i 2145
[6/8/2018 20:35:31] /reload actions
[6/8/2018 20:35:53] /reload actions
[6/8/2018 20:36:51] /reload actions
[6/8/2018 20:38:11] /reload actions
[6/8/2018 20:38:21] /i 2145
[6/8/2018 20:38:45] /i 2145
[6/8/2018 20:38:46] /i 2145
[6/8/2018 20:38:47] /i 2145
[6/8/2018 20:38:47] /i 2145
[6/8/2018 20:38:48] /i 2145
[6/8/2018 20:38:49] /i 2145
[6/8/2018 20:38:49] /i 2145
[6/8/2018 20:38:50] /i 2145
[6/8/2018 20:38:50] /i 2145
[6/8/2018 20:38:51] /i 2145
[6/8/2018 20:38:51] /i 2145
[6/8/2018 20:38:52] /i 2145
[6/8/2018 20:44:28] /reload actions
[6/8/2018 20:44:36] /i 2145
[6/8/2018 20:44:42] /i 2145
[6/8/2018 20:44:43] /i 2145
[6/8/2018 20:44:43] /i 2145
[6/8/2018 20:44:44] /i 2145
[6/8/2018 20:44:45] /i 2145
[6/8/2018 20:44:46] /i 2145
[6/8/2018 20:44:46] /i 2145
[6/8/2018 20:44:47] /i 2145
[6/8/2018 20:44:48] /i 2145
[6/8/2018 20:44:48] /i 2145
[6/8/2018 20:44:49] /i 2145
[6/8/2018 20:44:50] /i 2145
[6/8/2018 20:44:50] /i 2145
[6/8/2018 20:44:54] /reload actions
[6/8/2018 20:45:4] /i 2145
[6/8/2018 20:45:5] /i 2145
[6/8/2018 20:45:6] /i 2145
[6/8/2018 20:45:7] /i 2145
[6/8/2018 20:45:7] /i 2145
[6/8/2018 20:47:54] /reload actions
[6/8/2018 20:48:1] /i 2145
[6/8/2018 20:48:7] /i 2145
[6/8/2018 20:48:8] /i 2145
[6/8/2018 20:48:8] /i 2145
[6/8/2018 20:48:9] /i 2145
[6/8/2018 20:48:9] /i 2145
[6/8/2018 20:48:10] /i 2145
[6/8/2018 20:48:10] /i 2145
[6/8/2018 20:48:11] /i 2145
[6/8/2018 20:48:12] /i 2145
[6/8/2018 20:48:12] /i 2145
[6/8/2018 20:48:13] /i 2145
[6/8/2018 20:48:13] /i 2145
[6/8/2018 20:48:14] /i 2145
[6/8/2018 20:48:14] /i 2145
[6/8/2018 20:48:15] /i 2145
[6/8/2018 20:48:15] /i 2145
[6/8/2018 20:48:16] /i 2145
[6/8/2018 20:48:16] /i 2145
[6/8/2018 20:48:17] /i 2145
[6/8/2018 20:48:17] /i 2145
[6/8/2018 20:48:18] /i 2145
[6/8/2018 20:48:18] /i 2145
[6/8/2018 20:53:30] /reload actions
[6/8/2018 20:54:29] /reload actions
[6/8/2018 20:54:43] /i 2145
[6/8/2018 20:54:44] /i 2145
[6/8/2018 20:54:46] /i 2145
[6/8/2018 20:54:46] /i 2145
[6/8/2018 20:54:47] /i 2145
[6/8/2018 20:54:48] /i 2145
[6/8/2018 20:54:48] /i 2145
[6/8/2018 20:54:49] /i 2145
[6/8/2018 20:54:49] /i 2145
[6/8/2018 20:54:50] /i 2145
[6/8/2018 20:54:50] /i 2145
[6/8/2018 20:54:51] /i 2145
[6/8/2018 20:54:51] /i 2145
[6/8/2018 20:54:52] /i 2145
[6/8/2018 20:54:52] /i 2145
[6/8/2018 20:54:53] /i 2145
[6/8/2018 20:54:54] /i 2145
[6/8/2018 20:54:54] /i 2145
[6/8/2018 20:54:55] /i 2145
[7/8/2018 20:26:35] /t
[7/8/2018 20:26:39] /t
[7/8/2018 20:27:23] /goto biosil
[7/8/2018 20:28:13] /i 2145
[7/8/2018 20:28:15] /i 2145
[7/8/2018 20:28:15] /i 2145
[7/8/2018 20:28:16] /i 2145
[7/8/2018 20:28:16] /i 2145
[7/8/2018 20:28:17] /i 2145
[7/8/2018 20:28:17] /i 2145
[7/8/2018 20:28:18] /i 2145
[7/8/2018 20:29:23] /i 2145
[7/8/2018 20:29:23] /i 2145
[7/8/2018 20:29:24] /i 2145
[7/8/2018 20:29:24] /i 2145
[7/8/2018 20:29:25] /i 2145
[7/8/2018 20:29:34] /clean
[7/8/2018 20:31:43] /i 5801
[7/8/2018 20:31:47] /i 2145
[7/8/2018 20:34:36] /reload actions
[7/8/2018 20:34:53] /i 5801
[7/8/2018 20:34:57] /i 2145
[7/8/2018 20:36:41] /reload actions
[7/8/2018 20:36:50] /i 2145
[7/8/2018 20:36:52] /i 2145
[7/8/2018 20:36:53] /i 2145
[7/8/2018 20:36:53] /i 2145
[7/8/2018 20:36:54] /i 2145
[7/8/2018 20:39:11] /reload actions
[7/8/2018 20:40:43] /reload actions
[7/8/2018 20:41:5] /i 2145
[7/8/2018 20:41:6] /i 2145
[7/8/2018 20:41:6] /i 2145
[7/8/2018 20:41:7] /i 2145
[7/8/2018 20:41:8] /i 2145
[7/8/2018 20:50:25] /reload actions
[7/8/2018 20:50:51] /i 2145
[7/8/2018 20:50:52] /i 2145
[7/8/2018 20:50:52] /i 2145
[7/8/2018 20:50:53] /i 2145
[7/8/2018 20:50:53] /i 2145
[7/8/2018 20:50:54] /i 2145
[7/8/2018 20:50:54] /i 2145
[7/8/2018 20:50:55] /i 2145
[7/8/2018 20:51:53] /i 2145
[7/8/2018 20:51:54] /i 2145
[7/8/2018 20:51:54] /i 2145
[7/8/2018 20:51:55] /i 2145
[7/8/2018 20:51:56] /i 2145
[7/8/2018 20:51:56] /i 2145
[7/8/2018 20:51:57] /reload actions
[7/8/2018 20:52:7] /i 2145
[7/8/2018 20:52:8] /i 2145
[7/8/2018 20:52:9] /i 2145
[7/8/2018 20:52:10] /i 2145
[7/8/2018 20:52:21] /clean
[7/8/2018 20:53:58] /clean
[7/8/2018 20:53:59] /i 2145
[7/8/2018 20:54:0] /i 2145
[7/8/2018 20:54:0] /i 2145
[7/8/2018 20:54:1] /i 2145
[7/8/2018 20:54:1] /i 2145
[7/8/2018 20:54:5] /i 2145
[7/8/2018 20:54:5] /i 2145
[7/8/2018 20:54:6] /i 2145
[7/8/2018 20:54:7] /i 2145
[7/8/2018 20:54:7] /i 2145
[7/8/2018 20:54:12] /i 2145
[7/8/2018 20:54:13] /i 2145
[7/8/2018 20:54:13] /i 2145
[7/8/2018 20:54:14] /i 2145
[7/8/2018 20:54:21] /i 1988
[7/8/2018 20:54:37] /i 5801
[7/8/2018 20:54:47] /i 2145
[7/8/2018 20:54:47] /i 2145
[7/8/2018 20:54:48] /i 2145
[7/8/2018 20:54:49] /i 2145
[7/8/2018 20:54:49] /i 2145
[7/8/2018 20:54:50] /i 2145
[7/8/2018 20:54:50] /i 2145
[7/8/2018 20:55:42] /i 5801
[7/8/2018 21:4:57] /reload actions
[7/8/2018 21:5:20] /clean
[7/8/2018 21:5:23] /i 2145
[7/8/2018 21:5:24] /i 2145
[7/8/2018 21:5:24] /i 2145
[7/8/2018 21:5:25] /i 2145
[7/8/2018 21:5:25] /i 2145
[7/8/2018 21:8:11] /reload actions
[7/8/2018 21:8:49] /i 2145
[7/8/2018 21:8:50] /i 2145
[7/8/2018 21:8:50] /i 2145
[7/8/2018 21:8:51] /i 2145
[7/8/2018 21:8:51] /i 2145
[7/8/2018 21:8:52] /i 2145
[7/8/2018 21:8:53] /i 2145
[7/8/2018 21:8:53] /i 2145
[7/8/2018 21:8:54] /i 2145
[7/8/2018 21:8:54] /i 2145
[7/8/2018 21:8:55] /i 2145
[7/8/2018 21:8:55] /i 2145
[7/8/2018 21:8:56] /i 2145
[7/8/2018 21:23:21] /clean
[7/8/2018 21:33:52] /t
[8/8/2018 14:53:51] /m troll
[8/8/2018 14:54:6] /m bazir
[8/8/2018 15:10:29] /reload creaturescripts
[8/8/2018 15:58:17] /goto bisil
[8/8/2018 15:58:22] /goto biosil
[8/8/2018 15:59:0] /i 7405
[8/8/2018 16:3:55] /t
[8/8/2018 16:12:26] /i 7410
[8/8/2018 16:26:38] /i 7435
[8/8/2018 16:40:39] /i 2392
[8/8/2018 16:47:0] /t
[8/8/2018 16:47:16] /t
[8/8/2018 17:1:59] /i 12468
[8/8/2018 17:2:4] /r
[8/8/2018 17:16:26] /i 7530
[8/8/2018 20:0:23] /i 7528
[8/8/2018 20:0:30] /i 7529
[8/8/2018 20:0:42] /i 7530
[8/8/2018 20:0:57] /i 7531
[8/8/2018 20:4:14] /t
[8/8/2018 20:10:56] /reload creaturescrpts
[8/8/2018 20:11:7] /reload creaturescripts
[8/8/2018 20:20:8] /goto bisil
[8/8/2018 20:20:13] /goto biosil
[8/8/2018 20:20:21] /c biosil
[8/8/2018 20:22:29] /goto bisil
[8/8/2018 20:22:32] /goto biosil
[8/8/2018 20:22:38] /m troll
[8/8/2018 20:43:40] /i 2410
[8/8/2018 20:43:42] /t
[8/8/2018 20:44:7] /t
[8/8/2018 20:44:15] /m trll
[8/8/2018 20:44:18] /m troll
[8/8/2018 20:44:59] /i 9366
[8/8/2018 20:45:26] /t
[8/8/2018 20:45:33] /i 9366
[8/8/2018 20:45:46] /i 9933
[8/8/2018 20:45:56] /i 9633
[8/8/2018 20:46:26] /i 7366
[8/8/2018 20:46:28] /t
[8/8/2018 20:54:4] /i 2400
[8/8/2018 20:54:7] /m troll
[8/8/2018 20:54:11] /c biosil
[8/8/2018 21:15:20] /i 7499
[8/8/2018 21:32:54] /t
[8/8/2018 21:33:0] /i 7658
[8/8/2018 21:33:22] /i 7958
[8/8/2018 21:33:39] /i 2452
[8/8/2018 21:33:49] /t
[8/8/2018 21:34:10] /i 2181
[8/8/2018 21:34:16] /i 2191
[8/8/2018 21:34:19] /i 2186
[8/8/2018 21:34:48] /i 21111
[8/8/2018 21:34:54] /i 2111
[8/8/2018 21:34:57] /t
[8/8/2018 21:36:15] /t
[8/8/2018 21:36:20] /m troll
[8/8/2018 21:41:18] /m troll
[8/8/2018 21:43:44] /m troll
[8/8/2018 21:48:37] /t
[8/8/2018 21:48:41] /m troll
[8/8/2018 21:52:8] /m troll
[9/8/2018 10:7:1] /m troll
[9/8/2018 20:5:14] /i 242
[9/8/2018 20:5:17] /i 2425
[9/8/2018 20:5:46] /i 7430
[9/8/2018 20:5:51] /i 7449
[9/8/2018 20:6:35] /t
[9/8/2018 20:7:18] /i 2145
[9/8/2018 20:7:20] /i 2145
[9/8/2018 20:7:20] /i 2145
[9/8/2018 20:7:21] /i 2145
[9/8/2018 20:10:50] /reload spells
[9/8/2018 20:11:26] /goto biosil
[9/8/2018 20:11:29] /m troll
[9/8/2018 20:14:43] /reload spells
[9/8/2018 20:15:45] /reload spells
[9/8/2018 20:16:25] /reload spells
[9/8/2018 20:17:48] /reload spells
[9/8/2018 20:29:22] /reload spells
[9/8/2018 20:33:14] /reload spells
[9/8/2018 20:35:21] /reload spells
[9/8/2018 20:37:9] /reload spells
[9/8/2018 20:37:54] /reload spells
[9/8/2018 20:38:48] /reload spells
[9/8/2018 20:39:38] /reload spells
[9/8/2018 20:40:52] /reload spells
[9/8/2018 21:0:33] /reload spells
[9/8/2018 21:1:56] /reload spells
[9/8/2018 21:3:12] /reload spells
[9/8/2018 21:5:15] /reload spells
[9/8/2018 21:6:10] /reload spells
[9/8/2018 21:6:38] /m troll
[9/8/2018 21:9:37] /m troll
[9/8/2018 21:9:38] /reload spells
[9/8/2018 21:19:19] /reload spells
[9/8/2018 21:20:59] /i 8932
[9/8/2018 21:23:25] /reload spells
[9/8/2018 21:24:51] /reload spells
[9/8/2018 21:26:30] /reload spells
[9/8/2018 21:27:46] /reload spells
[9/8/2018 21:28:39] /i 8306
[9/8/2018 21:28:41] /i 8306
[9/8/2018 21:28:41] /i 8306
[9/8/2018 21:28:42] /i 8306
[9/8/2018 21:28:49] /i 8306
[9/8/2018 21:28:50] /i 8306
[9/8/2018 21:28:50] /i 8306
[9/8/2018 21:28:56] /i 8306
[9/8/2018 21:28:56] /i 8306
[9/8/2018 21:28:57] /i 8306
[9/8/2018 21:28:59] /i 8306
[9/8/2018 21:28:59] /i 8306
[9/8/2018 21:29:0] /i 8306
[9/8/2018 21:29:18] /i 8306
[9/8/2018 21:29:19] /i 8306
[9/8/2018 21:29:19] /i 8306
[9/8/2018 21:31:15] /reload spells
[9/8/2018 21:32:30] /i 8306
[9/8/2018 21:32:40] /i 8306
[9/8/2018 21:32:41] /i 8306
[9/8/2018 21:32:42] /i 8306
[9/8/2018 21:46:51] /reload spells
[9/8/2018 21:47:58] /reload spells
[10/8/2018 12:22:48] /t
[10/8/2018 12:22:53] /m troll
[10/8/2018 12:24:20] /i 2491
[10/8/2018 12:36:15] /m apocalypse
[10/8/2018 12:43:42] /i 2160
[10/8/2018 12:50:17] /reload monsters
[10/8/2018 12:50:30] /m apocalypse
[10/8/2018 12:56:58] /reload monsters
[10/8/2018 12:58:52] /m apocalypse
[10/8/2018 12:59:43] /reload monsters
[10/8/2018 13:3:25] /m apocalypse
[10/8/2018 17:44:3] /reload monsters
[10/8/2018 17:51:58] /reload monsters
[10/8/2018 17:53:59] /reload monsters
[10/8/2018 17:54:18] /m bazir
[10/8/2018 17:54:26] /m castle master
[10/8/2018 17:54:34] /m verminor
[10/8/2018 17:55:23] /m infernatil
[11/8/2018 8:38:56] /reload monsters
[11/8/2018 8:40:41] /reload monsters
[11/8/2018 8:42:7] /reload monsters
[11/8/2018 8:42:31] /i 9693
[11/8/2018 8:42:35] /goto looter
[11/8/2018 8:47:37] /reload monsters
[11/8/2018 10:6:40] /reload monsters
[11/8/2018 10:9:33] /reload monsters
[11/8/2018 10:10:33] /reload monsters
[11/8/2018 20:13:47] /reload creaturescripts
[11/8/2018 20:22:16] /reload spells
[11/8/2018 20:23:54] /m 2399
[11/8/2018 20:23:59] /i 2399
[11/8/2018 20:26:24] /reload spells
[11/8/2018 20:28:31] /reload spells
[11/8/2018 20:32:2] /i 2389
[11/8/2018 20:32:6] /t
[11/8/2018 20:32:45] /reload spells
[11/8/2018 20:34:43] /reload spells
[11/8/2018 20:39:4] /reload spells
[11/8/2018 20:40:33] /reload spells
[11/8/2018 20:42:41] /reload spells
[11/8/2018 20:46:0] /reload spells
[11/8/2018 20:48:47] /reload spells
[11/8/2018 20:50:2] /reload spells
[11/8/2018 21:14:11] /reload spells
[11/8/2018 22:17:23] /reload spells
[11/8/2018 22:20:29] /reload spells
[11/8/2018 22:22:25] /reload spells
[11/8/2018 22:22:54] /i 7438
[11/8/2018 22:22:59] /i 2352
[11/8/2018 22:23:9] /i 8305
[11/8/2018 22:23:10] /i 8305
[11/8/2018 22:23:11] /i 8305
[11/8/2018 22:24:36] /reload spells
[11/8/2018 22:25:58] /reload spells
[11/8/2018 22:27:33] /reload spells
[11/8/2018 22:28:2] /i 8305
[11/8/2018 22:28:3] /i 8305
[11/8/2018 22:28:3] /i 8305
[11/8/2018 22:28:4] /i 8305
[11/8/2018 22:28:4] /i 8305
[11/8/2018 22:28:5] /i 8305
[11/8/2018 22:28:19] /i 8305
[11/8/2018 22:28:20] /i 8305
[11/8/2018 22:28:20] /i 8305
[11/8/2018 22:29:58] /i 8305
[11/8/2018 22:30:0] /reload spells
[11/8/2018 22:34:24] /i 8305
[11/8/2018 22:34:26] /i 8305
[11/8/2018 22:40:6] /reload spells
[11/8/2018 22:41:41] /reload spells
[11/8/2018 22:44:16] /reload spells
[12/8/2018 9:25:14] /reload spells
[12/8/2018 9:26:6] /reload spells
[12/8/2018 9:26:47] /reload creaturescripts
[12/8/2018 9:27:25] /reload spells
[12/8/2018 9:28:5] /reload spells
[12/8/2018 9:29:7] /reload spells
[12/8/2018 9:32:23] /reload spells
[12/8/2018 9:35:31] /reload spells
[12/8/2018 9:37:11] /reload spells
[12/8/2018 9:41:46] /reload spells
[12/8/2018 9:44:53] /reload spells
[12/8/2018 9:45:17] /reload spells
[12/8/2018 9:48:26] /reload spells
[12/8/2018 9:49:36] /reload spells
[12/8/2018 9:50:52] /reload spells
[12/8/2018 9:54:37] /reload spells
[12/8/2018 9:55:50] /reload spells
[12/8/2018 9:57:4] /reload spells
[12/8/2018 10:0:0] /reload spells
[12/8/2018 10:23:14] /reload spells
[12/8/2018 10:23:47] /reload spells
[12/8/2018 10:24:30] /reload spells
[12/8/2018 10:30:11] /reload spells
[12/8/2018 10:31:33] /reload spells
[12/8/2018 10:31:44] /i 7633
[12/8/2018 10:31:48] /i 7633
[12/8/2018 10:31:56] /i 7366
[12/8/2018 10:32:53] /i 8305
[12/8/2018 10:32:54] /i 8305
[12/8/2018 10:32:55] /i 8305
[12/8/2018 10:32:56] /i 8305
[12/8/2018 10:32:56] /i 8305
[12/8/2018 10:34:9] /i 7438
[12/8/2018 10:36:20] /reload spells
[12/8/2018 10:37:36] /i 7839
[12/8/2018 10:40:52] /i 8854
[12/8/2018 10:45:24] /t
[12/8/2018 10:48:54] /t
[12/8/2018 10:49:44] /reload weapons
[12/8/2018 10:51:35] /reload spells
[12/8/2018 10:51:48] /i 8305
[12/8/2018 10:51:48] /i 8305
[12/8/2018 10:51:49] /i 8305
[12/8/2018 10:51:49] /i 8305
[12/8/2018 10:51:51] /i 8305
[12/8/2018 10:51:51] /i 8305
[12/8/2018 10:51:52] /i 8305
[12/8/2018 10:51:52] /i 8305
[12/8/2018 10:51:54] /i 8305
[12/8/2018 10:51:54] /i 8305
[12/8/2018 10:51:55] /i 8305
[12/8/2018 10:52:16] /i 8305
[12/8/2018 10:52:17] /i 8305
[12/8/2018 10:52:17] /i 8305
[12/8/2018 10:52:18] /i 8305
[12/8/2018 10:52:18] /i 8305
[12/8/2018 10:52:21] /i 8305
[12/8/2018 10:53:22] /i 8854
[12/8/2018 10:55:49] /reload spells
[12/8/2018 10:56:28] /reload spells
[12/8/2018 10:57:46] /reload spells
[12/8/2018 10:58:44] /reload spells
[12/8/2018 11:2:4] /reload spells
[12/8/2018 11:3:51] /reload spells
[12/8/2018 11:4:51] /m troll
[12/8/2018 11:8:23] /reload spells
[12/8/2018 11:9:36] /reload spells
[12/8/2018 13:42:46] /m demon
[12/8/2018 13:43:24] /m demon
[12/8/2018 13:44:17] /m looter
[12/8/2018 13:45:29] /m looter
[12/8/2018 13:46:0] /m exterminador
[12/8/2018 14:14:54] /i 7422
[12/8/2018 14:15:38] /i 7410
[12/8/2018 14:34:49] /reload creaturescripts
[12/8/2018 14:35:15] /m ferumbras
[12/8/2018 14:36:58] /storage biosil,2003,1
[12/8/2018 14:37:3] /m ferumbras
[12/8/2018 14:37:7] /m ferumbras
[12/8/2018 14:39:18] /reload creaturescripts
[12/8/2018 14:39:37] /m ferumbras
[12/8/2018 15:7:21] /m ferumbras
[12/8/2018 15:8:4] /reload creaturescripts
[12/8/2018 15:8:57] /reload creaturescripts
[12/8/2018 15:9:8] /c biosil
[12/8/2018 15:9:13] /m ferumbras
[12/8/2018 15:11:14] /reload creaturescripts
[12/8/2018 15:11:27] /m ferumbras
[12/8/2018 15:14:43] /m ferumbras
[12/8/2018 15:15:6] /reload creaturescripts
[12/8/2018 15:15:13] /c biosil
[12/8/2018 15:29:1] /c biosil
[12/8/2018 15:29:10] /reload creaturescripts
[12/8/2018 15:29:26] /m ferumbras
[12/8/2018 15:29:27] /m ferumbras
[12/8/2018 15:29:27] /m ferumbras
[12/8/2018 15:29:28] /m ferumbras
[12/8/2018 15:29:28] /m ferumbras
[12/8/2018 15:29:29] /m ferumbras
[12/8/2018 15:29:31] /m ferumbras
[12/8/2018 15:29:31] /m ferumbras
[12/8/2018 15:31:51] /m ferumbras
[12/8/2018 16:45:45] /reload actions
[12/8/2018 16:47:19] /reload actions
[12/8/2018 16:58:0] /storage Picolinato De Cromo,4001,10
[12/8/2018 17:0:13] /reload actions
[12/8/2018 17:1:53] /reload actions
[12/8/2018 17:3:26] /reload creaturescripts
[12/8/2018 19:31:50] /i 4856
[12/8/2018 19:37:52] /i 12589
[12/8/2018 19:56:39] /i 4851[
[12/8/2018 19:56:43] /i 4851
[12/8/2018 20:16:28] /reload creaturescripts
[12/8/2018 20:16:43] /n emily
[12/8/2018 20:16:48] /m amily
[12/8/2018 20:16:54] /m emily
[12/8/2018 20:16:58] /s emily
[12/8/2018 20:23:55] /reload actions
[12/8/2018 20:27:16] /reload actions
[12/8/2018 20:29:22] /reload actions
[12/8/2018 20:37:20] /reload actions
[12/8/2018 20:37:42] /goto biosil
[12/8/2018 20:39:13] /reload actions
[12/8/2018 20:39:57] /reload actions
[12/8/2018 20:46:22] /reload actions
[12/8/2018 20:52:45] /goto ferumbras
[12/8/2018 21:4:16] /r
[12/8/2018 21:4:18] /r
[12/8/2018 21:4:20] /r
[12/8/2018 21:4:21] /r
[12/8/2018 21:5:11] /i 1623
[12/8/2018 21:5:16] /i 1623
[12/8/2018 21:16:16] /reload npc
[12/8/2018 21:18:10] /reload npc
[13/8/2018 10:56:26] /t
[13/8/2018 11:36:42] /reload actions
[13/8/2018 12:26:15] /reload creaturescripts
[13/8/2018 20:30:29] /i 12584
[13/8/2018 20:30:32] /r
[13/8/2018 20:30:35] /i 12565
[13/8/2018 20:33:7] /reload monsters
[13/8/2018 20:33:21] /r
[13/8/2018 20:33:24] /m looter
[13/8/2018 20:41:27] /reload actions
[13/8/2018 20:41:39] /i 2092
[13/8/2018 20:43:44] /reload actions
[13/8/2018 20:44:5] /goto arenator
[13/8/2018 20:46:7] /goto mercenarie
[13/8/2018 20:46:38] /i 2092
[13/8/2018 20:52:54] /goto arenator
[13/8/2018 20:53:38] /goto arenator
[13/8/2018 21:10:49] /t
[13/8/2018 21:10:58] /reload creaturescripts
[13/8/2018 21:11:10] /reload monsters
[13/8/2018 21:11:16] /reload actions
[13/8/2018 21:11:54] /i 2092
[13/8/2018 21:12:8] /m ferumbras
[13/8/2018 21:12:12] /t
[13/8/2018 21:17:15] /i 6527
[13/8/2018 21:17:59] /reload actions
[13/8/2018 21:18:30] /r
[13/8/2018 21:18:58] /c biosil
[13/8/2018 21:20:25] /reload creaturescripts
[13/8/2018 21:24:37] /c biosil
[13/8/2018 21:24:41] /goto arenator
[13/8/2018 21:24:43] /r
[13/8/2018 21:24:48] /goto biosil
[13/8/2018 21:26:9] /reload actions
[13/8/2018 21:26:24] /i 2092
[13/8/2018 21:27:9] /reload monsters
[13/8/2018 21:28:8] /reload actions
[13/8/2018 21:31:42] /reload monsters
[13/8/2018 21:31:53] /goto biosil
[13/8/2018 21:31:59] /m arenator
[13/8/2018 21:42:28] /r
[13/8/2018 21:42:29] /t
[13/8/2018 21:43:4] /i 2192
[13/8/2018 21:43:6] /c biosil
[13/8/2018 21:43:23] /i 2092
[13/8/2018 21:45:23] /reload actions
[13/8/2018 21:45:50] /reload actions
[13/8/2018 21:48:17] /c biosil
[13/8/2018 21:48:43] /reload actions
[13/8/2018 21:48:53] /i 2092
[13/8/2018 21:51:58] /c biosil
[13/8/2018 21:52:2] /goto arenator
[13/8/2018 21:52:4] /r
[13/8/2018 21:52:7] /goto biosil
[13/8/2018 21:52:14] /reload actions
[13/8/2018 21:52:26] /i 2092
[13/8/2018 21:54:40] /c biosil
[13/8/2018 21:54:43] /reload actions
[13/8/2018 21:54:52] /i 2092
